---- OUTPUT (stdout) ----
Connecting to server on port 9001...
Connected to server on port 9001
HERE
HERE
HERE
HERE
HERE
HERE
HERE
HERE
HERE
HERE
HERE
HERE
HERE
HERE
HERE
HERE
HERE
HERE
HERE
HERE
HERE
HERE
HERE
HERE
HERE
HERE
HERE
HERE
HERE
HERE
HERE
HERE
HERE
HERE
HERE
HERE
HERE
HERE
HERE
HERE
HERE
HERE
HERE
HERE
HERE
HERE
HERE
HERE
HERE
HERE
HERE
HERE
HERE
HERE
HERE
HERE
HERE
HERE
HERE
HERE
HERE
HERE
HERE
HERE
HERE
HERE
HERE
HERE
HERE
HERE
HERE
HERE
HERE
HERE
HERE
HERE
HERE
HERE
HERE
HERE
HERE
HERE
HERE
HERE
HERE
HERE
HERE
HERE
HERE
HERE
HERE
HERE
HERE
HERE
HERE
HERE
HERE
HERE
HERE
HERE
HERE
HERE
HERE
HERE
HERE
HERE
HERE
HERE
HERE
HERE
HERE
HERE
HERE
HERE
HERE
HERE
HERE
HERE
HERE
HERE
HERE
HERE
HERE
HERE
HERE
HERE
HERE
HERE
HERE
HERE
HERE
HERE
HERE
HERE
HERE
HERE
HERE
HERE
HERE
HERE
HERE
HERE
HERE
HERE
HERE
HERE
HERE
HERE
HERE
HERE
HERE
HERE
HERE
HERE
HERE
HERE
HERE
HERE
HERE
HERE
HERE
HERE
HERE
HERE
HERE
HERE
HERE
HERE
HERE
HERE
HERE
HERE
HERE
HERE
HERE
HERE
HERE
HERE
HERE
HERE
HERE
HERE
HERE
HERE
HERE
HERE
HERE
HERE
HERE
HERE
HERE
HERE
HERE
HERE
HERE
HERE
HERE
HERE
HERE
HERE
HERE
HERE
HERE
HERE
HERE
HERE
HERE
HERE
HERE
HERE
HERE
HERE
HERE
HERE
HERE
HERE
HERE
HERE
HERE
HERE
HERE
HERE
HERE
HERE
HERE
HERE
HERE
HERE
HERE
HERE
HERE
HERE
HERE
HERE
HERE
HERE
HERE
HERE
HERE
HERE
HERE
HERE
HERE
HERE
HERE
HERE
HERE
HERE
HERE
HERE
HERE
HERE
HERE
HERE
HERE
HERE
HERE
HERE
HERE
HERE
HERE
HERE
HERE
HERE
HERE
HERE
HERE
HERE
HERE
HERE
HERE
HERE
HERE
HERE
HERE
HERE
HERE
HERE
HERE
HERE
HERE
HERE
HERE
HERE
HERE
HERE
HERE
HERE
HERE
HERE
HERE
HERE
HERE
HERE
HERE
HERE
HERE
HERE
HERE
HERE
HERE
HERE
HERE
HERE
HERE
HERE
HERE
HERE
HERE
HERE
HERE
HERE
HERE
HERE
HERE
HERE
HERE
HERE
HERE
HERE
HERE
HERE
HERE
HERE
HERE
HERE
HERE
HERE
HERE
HERE
HERE
HERE
HERE
HERE
HERE
HERE
HERE
You won!
Stats:
  - 900 remaining plane score
  - Spent 1000 points
  - Dealt 98 damage

---- ERRORS (stderr) ----

