---- OUTPUT (stdout) ----
Connecting to server on port 9002...
Connected to server on port 9002
Closest enemy to 5: (-6.2, 43.0)
Closest enemy to 6: (-6.2, 43.0)
Closest enemy to 7: (-6.2, 43.0)
Closest enemy to 8: (-6.2, 43.0)
Closest enemy to 9: (-3.7, 43.0)
Closest enemy to 10: (-1.2, 43.0)
Closest enemy to 11: (1.3, 43.0)
Closest enemy to 12: (3.8, 43.0)
Closest enemy to 13: (3.8, 43.0)
Closest enemy to 14: (3.8, 43.0)
Closest enemy to 5: (-7.0, 41.1)
Closest enemy to 6: (-7.0, 41.1)
Closest enemy to 7: (-7.0, 41.1)
Closest enemy to 8: (-4.5, 41.1)
Closest enemy to 9: (-2.0, 41.1)
Closest enemy to 10: (0.5, 41.1)
Closest enemy to 11: (4.5, 41.1)
Closest enemy to 12: (4.5, 41.1)
Closest enemy to 13: (4.5, 41.1)
Closest enemy to 14: (4.5, 41.1)
Closest enemy to 5: (-7.5, 39.2)
Closest enemy to 6: (-7.5, 39.2)
Closest enemy to 7: (-7.5, 39.2)
Closest enemy to 8: (-5.0, 39.2)
Closest enemy to 9: (-2.5, 39.2)
Closest enemy to 10: (-0.0, 39.2)
Closest enemy to 11: (5.0, 39.2)
Closest enemy to 12: (5.0, 39.2)
Closest enemy to 13: (5.0, 39.2)
Closest enemy to 14: (5.0, 39.2)
Closest enemy to 5: (-8.1, 37.2)
Closest enemy to 6: (-8.1, 37.2)
Closest enemy to 7: (-8.1, 37.2)
Closest enemy to 8: (-5.6, 37.2)
Closest enemy to 9: (-3.1, 37.2)
Closest enemy to 10: (-0.6, 37.2)
Closest enemy to 11: (5.6, 37.2)
Closest enemy to 12: (5.6, 37.2)
Closest enemy to 13: (5.6, 37.2)
Closest enemy to 14: (5.6, 37.2)
Closest enemy to 5: (-8.6, 35.3)
Closest enemy to 6: (-8.6, 35.3)
Closest enemy to 7: (-6.1, 35.3)
Closest enemy to 8: (-6.1, 35.3)
Closest enemy to 9: (-1.1, 35.3)
Closest enemy to 10: (-1.1, 35.3)
Closest enemy to 11: (6.1, 35.3)
Closest enemy to 12: (6.1, 35.3)
Closest enemy to 13: (6.1, 35.3)
Closest enemy to 14: (6.1, 35.3)
Closest enemy to 5: (-9.1, 33.4)
Closest enemy to 6: (-9.1, 33.4)
Closest enemy to 7: (-6.6, 33.4)
Closest enemy to 8: (-6.6, 33.4)
Closest enemy to 9: (-1.6, 33.4)
Closest enemy to 10: (-1.6, 33.4)
Closest enemy to 11: (6.6, 33.4)
Closest enemy to 12: (6.6, 33.4)
Closest enemy to 13: (6.6, 33.4)
Closest enemy to 14: (6.6, 33.4)
Closest enemy to 5: (-9.6, 31.4)
Closest enemy to 6: (-9.6, 31.4)
Closest enemy to 7: (-7.1, 31.4)
Closest enemy to 8: (-7.1, 31.4)
Closest enemy to 9: (-2.1, 31.4)
Closest enemy to 10: (-2.1, 31.4)
Closest enemy to 11: (7.1, 31.4)
Closest enemy to 12: (7.1, 31.4)
Closest enemy to 13: (7.1, 31.4)
Closest enemy to 14: (7.1, 31.4)
Closest enemy to 5: (-10.1, 29.5)
Closest enemy to 6: (-10.1, 29.5)
Closest enemy to 7: (-7.6, 29.5)
Closest enemy to 8: (-5.1, 29.5)
Closest enemy to 9: (-2.6, 29.5)
Closest enemy to 10: (-2.6, 29.5)
Closest enemy to 11: (-2.6, 29.5)
Closest enemy to 12: (7.6, 29.5)
Closest enemy to 13: (7.6, 29.5)
Closest enemy to 14: (7.6, 29.5)
Closest enemy to 5: (-10.7, 27.6)
Closest enemy to 6: (-10.7, 27.6)
Closest enemy to 7: (-8.2, 27.6)
Closest enemy to 8: (-5.7, 27.6)
Closest enemy to 9: (-3.2, 27.6)
Closest enemy to 10: (-3.2, 27.6)
Closest enemy to 11: (-3.2, 27.6)
Closest enemy to 12: (8.2, 27.6)
Closest enemy to 13: (8.2, 27.6)
Closest enemy to 14: (8.2, 27.6)
Closest enemy to 5: (-11.2, 25.6)
Closest enemy to 6: (-8.7, 25.6)
Closest enemy to 7: (-11.2, 25.6)
Closest enemy to 8: (-3.7, 25.6)
Closest enemy to 9: (-6.2, 25.6)
Closest enemy to 10: (-3.7, 25.6)
Closest enemy to 11: (-3.7, 25.6)
Closest enemy to 12: (8.7, 25.6)
Closest enemy to 13: (8.7, 25.6)
Closest enemy to 14: (8.7, 25.6)
Closest enemy to 5: (-11.7, 23.7)
Closest enemy to 6: (-6.7, 23.7)
Closest enemy to 7: (-11.7, 23.7)
Closest enemy to 8: (-4.2, 23.7)
Closest enemy to 9: (-6.7, 23.7)
Closest enemy to 10: (9.2, 23.7)
Closest enemy to 11: (-4.2, 23.7)
Closest enemy to 12: (9.2, 23.7)
Closest enemy to 13: (9.2, 23.7)
Closest enemy to 14: (9.2, 23.7)
Closest enemy to 5: (-12.9, 22.1)
Closest enemy to 6: (-3.9, 21.7)
Closest enemy to 7: (-8.9, 21.7)
Closest enemy to 8: (-3.9, 21.7)
Closest enemy to 9: (-8.9, 21.7)
Closest enemy to 10: (10.4, 22.1)
Closest enemy to 11: (-3.9, 21.7)
Closest enemy to 12: (10.4, 22.1)
Closest enemy to 13: (-3.9, 21.7)
Closest enemy to 14: (10.4, 22.1)
Closest enemy to 5: (-9.7, 19.7)
Closest enemy to 6: (-4.7, 19.7)
Closest enemy to 7: (-9.7, 19.7)
Closest enemy to 8: (-4.7, 19.7)
Closest enemy to 9: (-9.7, 19.7)
Closest enemy to 10: (12.1, 20.8)
Closest enemy to 11: (-4.7, 19.7)
Closest enemy to 12: (12.1, 20.8)
Closest enemy to 13: (-4.7, 19.7)
Closest enemy to 14: (12.1, 20.8)
Closest enemy to 5: (-11.0, 18.1)
Closest enemy to 6: (-6.0, 18.1)
Closest enemy to 7: (-11.0, 18.1)
Closest enemy to 8: (-6.0, 18.1)
Closest enemy to 9: (-11.0, 18.1)
Closest enemy to 10: (14.0, 20.0)
Closest enemy to 11: (-6.0, 18.1)
Closest enemy to 12: (14.0, 20.0)
Closest enemy to 13: (-6.0, 18.1)
Closest enemy to 14: (14.0, 20.0)
Closest enemy to 5: (-12.6, 16.8)
Closest enemy to 6: (-7.6, 16.8)
Closest enemy to 7: (-12.6, 16.8)
Closest enemy to 8: (-7.6, 16.8)
Closest enemy to 9: (-12.6, 16.8)
Closest enemy to 10: (16.0, 19.7)
Closest enemy to 11: (-7.6, 16.8)
Closest enemy to 12: (16.0, 19.7)
Closest enemy to 13: (-7.6, 16.8)
Closest enemy to 14: (16.0, 19.7)
Closest enemy to 5: (-14.5, 16.0)
Closest enemy to 6: (-9.5, 16.0)
Closest enemy to 7: (-14.5, 16.0)
Closest enemy to 8: (-9.5, 16.0)
Closest enemy to 9: (-14.5, 16.0)
Closest enemy to 10: (18.0, 19.6)
Closest enemy to 11: (-9.5, 16.0)
Closest enemy to 12: (18.0, 19.6)
Closest enemy to 13: (-9.5, 16.0)
Closest enemy to 14: (18.0, 19.6)
Closest enemy to 5: (-16.5, 15.8)
Closest enemy to 6: (-11.5, 15.8)
Closest enemy to 7: (-16.5, 15.8)
Closest enemy to 8: (-11.5, 15.8)
Closest enemy to 9: (-16.5, 15.8)
Closest enemy to 10: (20.0, 19.4)
Closest enemy to 11: (-11.5, 15.8)
Closest enemy to 12: (20.0, 19.4)
Closest enemy to 13: (-11.5, 15.8)
Closest enemy to 14: (20.0, 19.4)
Closest enemy to 5: (-18.5, 15.4)
Closest enemy to 6: (-13.4, 15.0)
Closest enemy to 7: (-18.5, 15.4)
Closest enemy to 8: (-13.4, 15.0)
Closest enemy to 9: (-18.5, 15.4)
Closest enemy to 10: (22.0, 19.3)
Closest enemy to 11: (-13.4, 15.0)
Closest enemy to 12: (22.0, 19.3)
Closest enemy to 13: (-13.4, 15.0)
Closest enemy to 14: (22.0, 19.3)
Closest enemy to 5: (-20.4, 15.0)
Closest enemy to 6: (-15.3, 14.4)
Closest enemy to 7: (-20.4, 15.0)
Closest enemy to 8: (24.0, 19.2)
Closest enemy to 9: (-15.3, 14.4)
Closest enemy to 10: (24.0, 19.2)
Closest enemy to 11: (-15.3, 14.4)
Closest enemy to 12: (24.0, 19.2)
Closest enemy to 13: (-15.3, 14.4)
Closest enemy to 14: (24.0, 19.2)
Closest enemy to 5: (-22.4, 14.6)
Closest enemy to 6: (-17.2, 13.8)
Closest enemy to 7: (-22.4, 14.6)
Closest enemy to 8: (26.0, 19.1)
Closest enemy to 9: (-17.2, 13.8)
Closest enemy to 10: (26.0, 19.1)
Closest enemy to 11: (-17.2, 13.8)
Closest enemy to 12: (26.0, 19.1)
Closest enemy to 13: (-17.2, 13.8)
Closest enemy to 14: (26.0, 19.1)
Closest enemy to 5: (-24.4, 14.3)
Closest enemy to 6: (-19.1, 13.2)
Closest enemy to 7: (-19.1, 13.2)
Closest enemy to 8: (28.0, 19.0)
Closest enemy to 9: (-19.1, 13.2)
Closest enemy to 10: (28.0, 19.0)
Closest enemy to 11: (-19.1, 13.2)
Closest enemy to 12: (28.0, 19.0)
Closest enemy to 13: (-19.1, 13.2)
Closest enemy to 14: (28.0, 19.0)
Closest enemy to 5: (-21.0, 12.7)
Closest enemy to 6: (-21.0, 12.7)
Closest enemy to 7: (-21.0, 12.7)
Closest enemy to 8: (30.0, 19.0)
Closest enemy to 9: (-21.0, 12.7)
Closest enemy to 10: (30.0, 19.0)
Closest enemy to 11: (-21.0, 12.7)
Closest enemy to 12: (30.0, 19.0)
Closest enemy to 13: (-21.0, 12.7)
Closest enemy to 14: (30.0, 19.0)
Closest enemy to 5: (-23.0, 12.2)
Closest enemy to 6: (31.9, 18.2)
Closest enemy to 7: (-23.0, 12.2)
Closest enemy to 8: (31.9, 18.2)
Closest enemy to 9: (-23.0, 12.2)
Closest enemy to 10: (31.9, 18.2)
Closest enemy to 11: (-23.0, 12.2)
Closest enemy to 12: (31.9, 18.2)
Closest enemy to 13: (-23.0, 12.2)
Closest enemy to 14: (31.9, 18.2)
Closest enemy to 5: (-24.9, 11.8)
Closest enemy to 6: (33.5, 16.9)
Closest enemy to 7: (-24.9, 11.8)
Closest enemy to 8: (33.5, 16.9)
Closest enemy to 9: (-24.9, 11.8)
Closest enemy to 10: (33.5, 16.9)
Closest enemy to 11: (-24.9, 11.8)
Closest enemy to 12: (33.5, 16.9)
Closest enemy to 13: (-24.9, 11.8)
Closest enemy to 14: (33.5, 16.9)
Closest enemy to 5: (-26.9, 11.6)
Closest enemy to 6: (34.8, 15.3)
Closest enemy to 7: (-26.9, 11.6)
Closest enemy to 8: (34.8, 15.3)
Closest enemy to 9: (-26.9, 11.6)
Closest enemy to 10: (34.8, 15.3)
Closest enemy to 11: (-26.9, 11.6)
Closest enemy to 12: (34.8, 15.3)
Closest enemy to 13: (-26.9, 11.6)
Closest enemy to 14: (34.8, 15.3)
Closest enemy to 5: (-28.9, 11.5)
Closest enemy to 6: (35.5, 13.4)
Closest enemy to 7: (-28.9, 11.5)
Closest enemy to 8: (35.5, 13.4)
Closest enemy to 9: (-28.9, 11.5)
Closest enemy to 10: (35.5, 13.4)
Closest enemy to 11: (-28.9, 11.5)
Closest enemy to 12: (35.5, 13.4)
Closest enemy to 13: (-28.9, 11.5)
Closest enemy to 14: (35.5, 13.4)
Closest enemy to 5: (-30.9, 11.5)
Closest enemy to 6: (35.8, 11.3)
Closest enemy to 7: (-30.9, 11.5)
Closest enemy to 8: (35.8, 11.3)
Closest enemy to 9: (-30.9, 11.5)
Closest enemy to 10: (35.8, 11.3)
Closest enemy to 11: (-30.9, 11.5)
Closest enemy to 12: (35.8, 11.3)
Closest enemy to 13: (-30.9, 11.5)
Closest enemy to 14: (35.8, 11.3)
Closest enemy to 5: (-35.8, 8.2)
Closest enemy to 6: (35.5, 9.3)
Closest enemy to 7: (-35.3, 7.7)
Closest enemy to 8: (35.5, 9.3)
Closest enemy to 9: (-35.8, 8.2)
Closest enemy to 10: (35.5, 9.3)
Closest enemy to 11: (-32.8, 10.7)
Closest enemy to 12: (35.5, 9.3)
Closest enemy to 13: (-32.8, 10.7)
Closest enemy to 14: (35.5, 9.3)
Closest enemy to 5: (-34.1, 6.1)
Closest enemy to 6: (34.7, 7.4)
Closest enemy to 7: (-34.1, 6.1)
Closest enemy to 8: (34.7, 7.4)
Closest enemy to 9: (-34.1, 6.1)
Closest enemy to 10: (34.7, 7.4)
Closest enemy to 11: (-34.1, 6.1)
Closest enemy to 12: (34.7, 7.4)
Closest enemy to 13: (-34.1, 6.1)
Closest enemy to 14: (34.7, 7.4)
Closest enemy to 5: (-32.5, 4.8)
Closest enemy to 6: (33.4, 5.8)
Closest enemy to 7: (-32.5, 4.8)
Closest enemy to 8: (33.4, 5.8)
Closest enemy to 9: (-32.5, 4.8)
Closest enemy to 10: (33.4, 5.8)
Closest enemy to 11: (-32.5, 4.8)
Closest enemy to 12: (33.4, 5.8)
Closest enemy to 13: (-32.5, 4.8)
Closest enemy to 14: (33.4, 5.8)
Closest enemy to 5: (-30.6, 4.0)
Closest enemy to 6: (31.8, 4.5)
Closest enemy to 7: (-34.8, 2.2)
Closest enemy to 8: (31.8, 4.5)
Closest enemy to 9: (-30.6, 4.0)
Closest enemy to 10: (31.8, 4.5)
Closest enemy to 11: (-30.6, 4.0)
Closest enemy to 12: (31.8, 4.5)
Closest enemy to 13: (-30.6, 4.0)
Closest enemy to 14: (31.8, 4.5)
Closest enemy to 5: (-33.5, 0.6)
Closest enemy to 6: (29.9, 3.7)
Closest enemy to 7: (-33.5, 0.6)
Closest enemy to 8: (29.9, 3.7)
Closest enemy to 9: (-33.5, 0.6)
Closest enemy to 10: (29.9, 3.7)
Closest enemy to 11: (-28.5, 3.7)
Closest enemy to 12: (29.9, 3.7)
Closest enemy to 13: (-28.5, 3.7)
Closest enemy to 14: (29.9, 3.7)
Closest enemy to 5: (-31.9, -0.6)
Closest enemy to 6: (27.8, 3.5)
Closest enemy to 7: (-31.9, -0.6)
Closest enemy to 8: (27.8, 3.5)
Closest enemy to 9: (-31.9, -0.6)
Closest enemy to 10: (27.8, 3.5)
Closest enemy to 11: (-31.9, -0.6)
Closest enemy to 12: (27.8, 3.5)
Closest enemy to 13: (-26.5, 3.5)
Closest enemy to 14: (27.8, 3.5)
Closest enemy to 5: (-30.6, -2.1)
Closest enemy to 6: (26.2, 2.3)
Closest enemy to 7: (-30.6, -2.1)
Closest enemy to 8: (26.2, 2.3)
Closest enemy to 9: (-30.6, -2.1)
Closest enemy to 10: (26.2, 2.3)
Closest enemy to 11: (-30.6, -2.1)
Closest enemy to 12: (26.2, 2.3)
Closest enemy to 13: (-30.6, -2.1)
Closest enemy to 14: (26.2, 2.3)
Closest enemy to 6: (24.9, 0.7)
Closest enemy to 7: (-30.6, -2.1)
Closest enemy to 8: (24.9, 0.7)
Closest enemy to 9: (-30.6, -2.1)
Closest enemy to 10: (24.9, 0.7)
Closest enemy to 11: (-30.6, -2.1)
Closest enemy to 12: (24.9, 0.7)
Closest enemy to 13: (-23.3, 1.0)
Closest enemy to 14: (24.9, 0.7)
Closest enemy to 6: (24.1, -1.2)
Closest enemy to 7: (-30.6, -2.1)
Closest enemy to 8: (24.1, -1.2)
Closest enemy to 9: (-30.6, -2.1)
Closest enemy to 10: (24.1, -1.2)
Closest enemy to 11: (-22.3, -0.8)
Closest enemy to 12: (24.1, -1.2)
Closest enemy to 13: (-22.3, -0.8)
Closest enemy to 14: (24.1, -1.2)
Closest enemy to 6: (23.8, -3.3)
Closest enemy to 7: (-30.6, -2.1)
Closest enemy to 8: (23.8, -3.3)
Closest enemy to 9: (-32.3, -5.0)
Closest enemy to 10: (23.8, -3.3)
Closest enemy to 11: (-21.7, -2.7)
Closest enemy to 12: (23.8, -3.3)
Closest enemy to 13: (-21.7, -2.7)
Closest enemy to 14: (23.8, -3.3)
Closest enemy to 6: (24.0, -5.3)
Closest enemy to 7: (-30.6, -2.1)
Closest enemy to 8: (24.0, -5.3)
Closest enemy to 9: (-30.8, -6.4)
Closest enemy to 10: (24.0, -5.3)
Closest enemy to 11: (-30.8, -6.4)
Closest enemy to 12: (24.0, -5.3)
Closest enemy to 13: (-21.7, -4.8)
Closest enemy to 14: (24.0, -5.3)
Closest enemy to 6: (24.0, -5.3)
Closest enemy to 7: (-30.6, -2.1)
Closest enemy to 9: (-30.6, -2.1)
Closest enemy to 10: (24.0, -5.3)
Closest enemy to 11: (-28.9, -7.3)
Closest enemy to 12: (24.0, -5.3)
Closest enemy to 14: (24.0, -5.3)
Closest enemy to 6: (24.0, -5.3)
Closest enemy to 7: (-30.6, -2.1)
Closest enemy to 9: (-30.6, -2.1)
Closest enemy to 10: (24.0, -5.3)
Closest enemy to 11: (-30.6, -2.1)
Closest enemy to 12: (24.0, -5.3)
Closest enemy to 14: (24.0, -5.3)
Closest enemy to 6: (24.0, -5.3)
Closest enemy to 7: (-30.6, -2.1)
Closest enemy to 9: (-30.6, -2.1)
Closest enemy to 10: (24.0, -5.3)
Closest enemy to 11: (-30.6, -2.1)
Closest enemy to 12: (24.0, -5.3)
Closest enemy to 14: (24.0, -5.3)
Closest enemy to 6: (24.0, -5.3)
Closest enemy to 7: (-30.6, -2.1)
Closest enemy to 9: (-30.6, -2.1)
Closest enemy to 10: (24.0, -5.3)
Closest enemy to 11: (-30.6, -2.1)
Closest enemy to 12: (24.0, -5.3)
Closest enemy to 14: (24.0, -5.3)
Closest enemy to 6: (24.0, -5.3)
Closest enemy to 7: (-30.6, -2.1)
Closest enemy to 9: (-30.6, -2.1)
Closest enemy to 10: (24.0, -5.3)
Closest enemy to 11: (-30.6, -2.1)
Closest enemy to 12: (24.0, -5.3)
Closest enemy to 14: (24.0, -5.3)
Closest enemy to 6: (24.0, -5.3)
Closest enemy to 7: (-21.7, -4.8)
Closest enemy to 9: (-30.6, -2.1)
Closest enemy to 10: (24.0, -5.3)
Closest enemy to 11: (-30.6, -2.1)
Closest enemy to 12: (24.0, -5.3)
Closest enemy to 14: (24.0, -5.3)
Closest enemy to 6: (24.0, -5.3)
Closest enemy to 7: (-21.7, -4.8)
Closest enemy to 9: (-30.6, -2.1)
Closest enemy to 10: (24.0, -5.3)
Closest enemy to 11: (-30.6, -2.1)
Closest enemy to 12: (24.0, -5.3)
Closest enemy to 14: (24.0, -5.3)
Closest enemy to 6: (24.0, -5.3)
Closest enemy to 7: (-18.5, -0.2)
Closest enemy to 9: (-30.6, -2.1)
Closest enemy to 10: (24.0, -5.3)
Closest enemy to 11: (-30.6, -2.1)
Closest enemy to 12: (24.0, -5.3)
Closest enemy to 14: (24.0, -5.3)
Closest enemy to 6: (24.0, -5.3)
Closest enemy to 7: (-18.7, 1.8)
Closest enemy to 9: (-30.6, -2.1)
Closest enemy to 10: (24.0, -5.3)
Closest enemy to 11: (-30.6, -2.1)
Closest enemy to 12: (24.0, -5.3)
Closest enemy to 14: (24.0, -5.3)
Closest enemy to 6: (24.0, -5.3)
Closest enemy to 7: (-17.8, 3.7)
Closest enemy to 9: (-30.6, -2.1)
Closest enemy to 10: (24.0, -5.3)
Closest enemy to 11: (-30.6, -2.1)
Closest enemy to 12: (24.0, -5.3)
Closest enemy to 14: (24.0, -5.3)
Closest enemy to 6: (24.0, -5.3)
Closest enemy to 9: (-30.6, -2.1)
Closest enemy to 10: (24.0, -5.3)
Closest enemy to 11: (-30.6, -2.1)
Closest enemy to 12: (24.0, -5.3)
Closest enemy to 14: (24.0, -5.3)
Closest enemy to 6: (24.0, -5.3)
Closest enemy to 9: (-30.6, -2.1)
Closest enemy to 10: (24.0, -5.3)
Closest enemy to 11: (-30.6, -2.1)
Closest enemy to 12: (24.0, -5.3)
Closest enemy to 14: (24.0, -5.3)
Closest enemy to 6: (24.0, -5.3)
Closest enemy to 9: (-17.8, 3.7)
Closest enemy to 10: (24.0, -5.3)
Closest enemy to 11: (-39.0, -8.2)
Closest enemy to 12: (24.0, -5.3)
Closest enemy to 14: (24.0, -5.3)
Closest enemy to 6: (24.0, -5.3)
Closest enemy to 9: (-17.8, 3.7)
Closest enemy to 10: (24.0, -5.3)
Closest enemy to 11: (-39.3, -6.2)
Closest enemy to 12: (24.0, -5.3)
Closest enemy to 14: (24.0, -5.3)
Closest enemy to 6: (24.0, -5.3)
Closest enemy to 9: (-17.8, 3.7)
Closest enemy to 10: (24.0, -5.3)
Closest enemy to 11: (-39.1, -4.1)
Closest enemy to 12: (24.0, -5.3)
Closest enemy to 14: (24.0, -5.3)
Closest enemy to 6: (24.0, -5.3)
Closest enemy to 9: (-17.8, 3.7)
Closest enemy to 10: (24.0, -5.3)
Closest enemy to 11: (-38.4, -2.2)
Closest enemy to 12: (24.0, -5.3)
Closest enemy to 14: (24.0, -5.3)
Closest enemy to 6: (24.0, -5.3)
Closest enemy to 9: (-17.8, 3.7)
Closest enemy to 10: (24.0, -5.3)
Closest enemy to 11: (-38.7, -0.2)
Closest enemy to 12: (24.0, -5.3)
Closest enemy to 14: (24.0, -5.3)
Closest enemy to 6: (24.0, -5.3)
Closest enemy to 9: (-17.8, 3.7)
Closest enemy to 10: (24.0, -5.3)
Closest enemy to 11: (-38.0, 1.8)
Closest enemy to 12: (24.0, -5.3)
Closest enemy to 14: (24.0, -5.3)
Closest enemy to 6: (24.0, -5.3)
Closest enemy to 9: (-17.8, 3.7)
Closest enemy to 10: (24.0, -5.3)
Closest enemy to 11: (-38.3, 3.8)
Closest enemy to 12: (24.0, -5.3)
Closest enemy to 14: (24.0, -5.3)
Closest enemy to 6: (24.0, -5.3)
Closest enemy to 9: (-17.8, 3.7)
Closest enemy to 10: (24.0, -5.3)
Closest enemy to 11: (-30.6, -2.1)
Closest enemy to 12: (24.0, -5.3)
Closest enemy to 14: (24.0, -5.3)
Closest enemy to 6: (24.0, -5.3)
Closest enemy to 9: (-17.8, 3.7)
Closest enemy to 10: (24.0, -5.3)
Closest enemy to 11: (-30.6, -2.1)
Closest enemy to 12: (24.0, -5.3)
Closest enemy to 14: (24.0, -5.3)
Closest enemy to 6: (24.0, -5.3)
Closest enemy to 9: (-17.8, 3.7)
Closest enemy to 10: (24.0, -5.3)
Closest enemy to 11: (-30.6, -2.1)
Closest enemy to 12: (24.0, -5.3)
Closest enemy to 14: (24.0, -5.3)
Closest enemy to 6: (24.0, -5.3)
Closest enemy to 9: (-17.8, 3.7)
Closest enemy to 10: (24.0, -5.3)
Closest enemy to 11: (-30.6, -2.1)
Closest enemy to 12: (24.0, -5.3)
Closest enemy to 14: (24.0, -5.3)
Closest enemy to 6: (24.0, -5.3)
Closest enemy to 9: (-17.8, 3.7)
Closest enemy to 10: (24.0, -5.3)
Closest enemy to 11: (-30.6, -2.1)
Closest enemy to 12: (24.0, -5.3)
Closest enemy to 14: (24.0, -5.3)
Closest enemy to 6: (24.0, -5.3)
Closest enemy to 9: (-17.8, 3.7)
Closest enemy to 10: (24.0, -5.3)
Closest enemy to 11: (-30.6, -2.1)
Closest enemy to 12: (24.0, -5.3)
Closest enemy to 14: (24.0, -5.3)
Closest enemy to 6: (24.0, -5.3)
Closest enemy to 9: (-17.8, 3.7)
Closest enemy to 10: (24.0, -5.3)
Closest enemy to 11: (-30.6, -2.1)
Closest enemy to 12: (24.0, -5.3)
Closest enemy to 14: (24.0, -5.3)
Closest enemy to 6: (24.0, -5.3)
Closest enemy to 9: (-17.8, 3.7)
Closest enemy to 10: (24.0, -5.3)
Closest enemy to 11: (-30.6, -2.1)
Closest enemy to 12: (24.0, -5.3)
Closest enemy to 14: (24.0, -5.3)
Closest enemy to 6: (24.0, -5.3)
Closest enemy to 9: (-21.7, -4.8)
Closest enemy to 10: (24.0, -5.3)
Closest enemy to 11: (-30.6, -2.1)
Closest enemy to 12: (24.0, -5.3)
Closest enemy to 14: (24.0, -5.3)
Closest enemy to 6: (24.0, -5.3)
Closest enemy to 9: (-21.7, -4.8)
Closest enemy to 10: (24.0, -5.3)
Closest enemy to 11: (-21.7, -4.8)
Closest enemy to 12: (24.0, -5.3)
Closest enemy to 14: (24.0, -5.3)
Closest enemy to 6: (24.0, -5.3)
Closest enemy to 9: (-21.7, -4.8)
Closest enemy to 10: (24.0, -5.3)
Closest enemy to 11: (-21.7, -4.8)
Closest enemy to 12: (24.0, -5.3)
Closest enemy to 14: (24.0, -5.3)
Closest enemy to 6: (24.0, -5.3)
Closest enemy to 9: (-21.7, -4.8)
Closest enemy to 10: (24.0, -5.3)
Closest enemy to 11: (-21.7, -4.8)
Closest enemy to 12: (24.0, -5.3)
Closest enemy to 14: (24.0, -5.3)
Closest enemy to 6: (24.0, -5.3)
Closest enemy to 9: (-21.7, -4.8)
Closest enemy to 10: (24.0, -5.3)
Closest enemy to 11: (-21.7, -4.8)
Closest enemy to 12: (24.0, -5.3)
Closest enemy to 14: (24.0, -5.3)
Closest enemy to 6: (24.0, -5.3)
Closest enemy to 9: (-21.7, -4.8)
Closest enemy to 10: (24.0, -5.3)
Closest enemy to 11: (-21.7, -4.8)
Closest enemy to 12: (24.0, -5.3)
Closest enemy to 14: (24.0, -5.3)
Closest enemy to 6: (24.0, -5.3)
Closest enemy to 9: (-21.7, -4.8)
Closest enemy to 10: (24.0, -5.3)
Closest enemy to 11: (-21.7, -4.8)
Closest enemy to 12: (24.0, -5.3)
Closest enemy to 14: (24.0, -5.3)
Closest enemy to 6: (24.0, -5.3)
Closest enemy to 9: (-21.7, -4.8)
Closest enemy to 10: (24.0, -5.3)
Closest enemy to 11: (-21.7, -4.8)
Closest enemy to 12: (24.0, -5.3)
Closest enemy to 14: (24.0, -5.3)
Closest enemy to 6: (24.0, -5.3)
Closest enemy to 9: (-21.7, -4.8)
Closest enemy to 10: (24.0, -5.3)
Closest enemy to 11: (-21.7, -4.8)
Closest enemy to 12: (24.0, -5.3)
Closest enemy to 14: (24.0, -5.3)
Closest enemy to 6: (24.0, -5.3)
Closest enemy to 9: (-21.7, -4.8)
Closest enemy to 10: (24.0, -5.3)
Closest enemy to 11: (-21.7, -4.8)
Closest enemy to 12: (24.0, -5.3)
Closest enemy to 14: (24.0, -5.3)
Closest enemy to 6: (24.0, -5.3)
Closest enemy to 9: (-21.7, -4.8)
Closest enemy to 10: (24.0, -5.3)
Closest enemy to 11: (-21.7, -4.8)
Closest enemy to 12: (24.0, -5.3)
Closest enemy to 14: (24.0, -5.3)
Closest enemy to 6: (24.0, -5.3)
Closest enemy to 9: (-21.7, -4.8)
Closest enemy to 10: (24.0, -5.3)
Closest enemy to 11: (-21.7, -4.8)
Closest enemy to 12: (24.0, -5.3)
Closest enemy to 14: (24.0, -5.3)
Closest enemy to 6: (24.0, -5.3)
Closest enemy to 9: (-21.7, -4.8)
Closest enemy to 10: (24.0, -5.3)
Closest enemy to 11: (-21.7, -4.8)
Closest enemy to 12: (24.0, -5.3)
Closest enemy to 14: (24.0, -5.3)
Closest enemy to 6: (24.0, -5.3)
Closest enemy to 9: (-21.7, -4.8)
Closest enemy to 10: (24.0, -5.3)
Closest enemy to 11: (-21.7, -4.8)
Closest enemy to 12: (24.0, -5.3)
Closest enemy to 14: (24.0, -5.3)
Closest enemy to 6: (-11.6, -3.2)
Closest enemy to 9: (-21.7, -4.8)
Closest enemy to 10: (24.0, -5.3)
Closest enemy to 11: (-11.6, -3.2)
Closest enemy to 12: (24.0, -5.3)
Closest enemy to 14: (24.0, -5.3)
Closest enemy to 6: (-11.9, -5.2)
Closest enemy to 9: (-21.7, -4.8)
Closest enemy to 10: (24.0, -5.3)
Closest enemy to 11: (-11.9, -5.2)
Closest enemy to 12: (24.0, -5.3)
Closest enemy to 14: (24.0, -5.3)
Closest enemy to 6: (-11.7, -7.3)
Closest enemy to 9: (-11.7, -7.3)
Closest enemy to 10: (24.0, -5.3)
Closest enemy to 11: (-11.7, -7.3)
Closest enemy to 12: (24.0, -5.3)
Closest enemy to 14: (24.0, -5.3)
Closest enemy to 6: (-10.9, -9.2)
Closest enemy to 9: (-10.9, -9.2)
Closest enemy to 10: (24.0, -5.3)
Closest enemy to 11: (-10.9, -9.2)
Closest enemy to 12: (24.0, -5.3)
Closest enemy to 14: (24.0, -5.3)
Closest enemy to 6: (-9.7, -10.9)
Closest enemy to 9: (-9.7, -10.9)
Closest enemy to 10: (24.0, -5.3)
Closest enemy to 11: (-9.7, -10.9)
Closest enemy to 12: (24.0, -5.3)
Closest enemy to 14: (24.0, -5.3)
Closest enemy to 6: (-8.1, -12.1)
Closest enemy to 9: (-8.1, -12.1)
Closest enemy to 10: (24.0, -5.3)
Closest enemy to 11: (-8.1, -12.1)
Closest enemy to 12: (24.0, -5.3)
Closest enemy to 14: (24.0, -5.3)
Closest enemy to 6: (-6.3, -13.1)
Closest enemy to 9: (-6.3, -13.1)
Closest enemy to 10: (24.0, -5.3)
Closest enemy to 11: (-6.3, -13.1)
Closest enemy to 12: (24.0, -5.3)
Closest enemy to 14: (24.0, -5.3)
Closest enemy to 6: (-4.3, -13.5)
Closest enemy to 9: (-4.3, -13.5)
Closest enemy to 10: (24.0, -5.3)
Closest enemy to 11: (-4.3, -13.5)
Closest enemy to 12: (24.0, -5.3)
Closest enemy to 14: (24.0, -5.3)
Closest enemy to 6: (-2.7, -14.8)
Closest enemy to 9: (-2.7, -14.8)
Closest enemy to 10: (24.0, -5.3)
Closest enemy to 11: (-2.7, -14.8)
Closest enemy to 12: (24.0, -5.3)
Closest enemy to 14: (24.0, -5.3)
Closest enemy to 6: (-1.5, -16.5)
Closest enemy to 9: (-1.5, -16.5)
Closest enemy to 10: (24.0, -5.3)
Closest enemy to 11: (-1.5, -16.5)
Closest enemy to 12: (24.0, -5.3)
Closest enemy to 14: (24.0, -5.3)
Closest enemy to 6: (0.2, -17.6)
Closest enemy to 9: (0.2, -17.6)
Closest enemy to 10: (24.0, -5.3)
Closest enemy to 11: (0.2, -17.6)
Closest enemy to 12: (24.0, -5.3)
Closest enemy to 14: (24.0, -5.3)
Closest enemy to 6: (1.6, -19.0)
Closest enemy to 9: (1.6, -19.0)
Closest enemy to 10: (24.0, -5.3)
Closest enemy to 11: (1.6, -19.0)
Closest enemy to 12: (24.0, -5.3)
Closest enemy to 14: (24.0, -5.3)
Closest enemy to 6: (3.0, -20.5)
Closest enemy to 9: (3.0, -20.5)
Closest enemy to 10: (24.0, -5.3)
Closest enemy to 11: (3.0, -20.5)
Closest enemy to 12: (24.0, -5.3)
Closest enemy to 14: (24.0, -5.3)
Closest enemy to 6: (4.2, -22.1)
Closest enemy to 9: (4.2, -22.1)
Closest enemy to 10: (24.0, -5.3)
Closest enemy to 11: (4.2, -22.1)
Closest enemy to 12: (24.0, -5.3)
Closest enemy to 14: (24.0, -5.3)
Closest enemy to 6: (5.1, -23.9)
Closest enemy to 9: (5.1, -23.9)
Closest enemy to 10: (24.0, -5.3)
Closest enemy to 11: (5.1, -23.9)
Closest enemy to 12: (24.0, -5.3)
Closest enemy to 14: (24.0, -5.3)
Closest enemy to 6: (5.8, -25.8)
Closest enemy to 9: (5.8, -25.8)
Closest enemy to 10: (24.0, -5.3)
Closest enemy to 11: (5.8, -25.8)
Closest enemy to 12: (24.0, -5.3)
Closest enemy to 14: (24.0, -5.3)
Closest enemy to 6: (-21.7, -4.8)
Closest enemy to 9: (6.1, -27.8)
Closest enemy to 10: (24.0, -5.3)
Closest enemy to 11: (6.1, -27.8)
Closest enemy to 12: (24.0, -5.3)
Closest enemy to 14: (24.0, -5.3)
Closest enemy to 6: (-21.7, -4.8)
Closest enemy to 9: (5.9, -29.8)
Closest enemy to 10: (24.0, -5.3)
Closest enemy to 11: (5.9, -29.8)
Closest enemy to 12: (24.0, -5.3)
Closest enemy to 14: (24.0, -5.3)
Closest enemy to 6: (-21.7, -4.8)
Closest enemy to 9: (6.7, -31.7)
Closest enemy to 10: (6.7, -31.7)
Closest enemy to 11: (6.7, -31.7)
Closest enemy to 12: (24.0, -5.3)
Closest enemy to 14: (24.0, -5.3)
Closest enemy to 6: (-21.7, -4.8)
Closest enemy to 9: (8.0, -33.3)
Closest enemy to 10: (8.0, -33.3)
Closest enemy to 11: (8.0, -33.3)
Closest enemy to 12: (24.0, -5.3)
Closest enemy to 14: (24.0, -5.3)
Closest enemy to 6: (-21.7, -4.8)
Closest enemy to 9: (9.7, -34.5)
Closest enemy to 10: (9.7, -34.5)
Closest enemy to 11: (9.7, -34.5)
Closest enemy to 12: (24.0, -5.3)
Closest enemy to 14: (24.0, -5.3)
Closest enemy to 6: (-21.7, -4.8)
Closest enemy to 9: (11.6, -35.3)
Closest enemy to 10: (11.6, -35.3)
Closest enemy to 11: (11.6, -35.3)
Closest enemy to 12: (24.0, -5.3)
Closest enemy to 14: (24.0, -5.3)
Closest enemy to 6: (-21.7, -4.8)
Closest enemy to 9: (-21.7, -4.8)
Closest enemy to 10: (13.6, -35.5)
Closest enemy to 11: (13.6, -35.5)
Closest enemy to 12: (24.0, -5.3)
Closest enemy to 14: (24.0, -5.3)
Closest enemy to 6: (-21.7, -4.8)
Closest enemy to 9: (-21.7, -4.8)
Closest enemy to 10: (15.7, -35.0)
Closest enemy to 11: (15.7, -35.0)
Closest enemy to 12: (24.0, -5.3)
Closest enemy to 14: (24.0, -5.3)
Closest enemy to 6: (-21.7, -4.8)
Closest enemy to 9: (-30.6, -2.1)
Closest enemy to 10: (17.6, -34.4)
Closest enemy to 11: (17.6, -34.4)
Closest enemy to 12: (24.0, -5.3)
Closest enemy to 14: (24.0, -5.3)
Closest enemy to 6: (-30.6, -2.1)
Closest enemy to 9: (-30.6, -2.1)
Closest enemy to 10: (19.2, -33.1)
Closest enemy to 11: (19.2, -33.1)
Closest enemy to 12: (24.0, -5.3)
Closest enemy to 14: (24.0, -5.3)
Closest enemy to 6: (-30.6, -2.1)
Closest enemy to 9: (-30.6, -2.1)
Closest enemy to 10: (20.4, -31.5)
Closest enemy to 11: (20.4, -31.5)
Closest enemy to 12: (24.0, -5.3)
Closest enemy to 14: (24.0, -5.3)
Closest enemy to 6: (-30.6, -2.1)
Closest enemy to 9: (-30.6, -2.1)
Closest enemy to 10: (21.2, -29.5)
Closest enemy to 11: (21.2, -29.5)
Closest enemy to 12: (24.0, -5.3)
Closest enemy to 14: (24.0, -5.3)
Closest enemy to 6: (-30.6, -2.1)
Closest enemy to 9: (-30.6, -2.1)
Closest enemy to 10: (22.8, -28.2)
Closest enemy to 11: (22.8, -28.2)
Closest enemy to 12: (24.0, -5.3)
Closest enemy to 14: (24.0, -5.3)
Closest enemy to 6: (-30.6, -2.1)
Closest enemy to 9: (-30.6, -2.1)
Closest enemy to 10: (24.6, -27.4)
Closest enemy to 11: (24.6, -27.4)
Closest enemy to 12: (24.0, -5.3)
Closest enemy to 14: (24.0, -5.3)
Closest enemy to 6: (-30.6, -2.1)
Closest enemy to 9: (-30.6, -2.1)
Closest enemy to 10: (26.7, -27.0)
Closest enemy to 11: (26.7, -27.0)
Closest enemy to 12: (24.0, -5.3)
Closest enemy to 14: (24.0, -5.3)
Closest enemy to 6: (-30.6, -2.1)
Closest enemy to 9: (-30.6, -2.1)
Closest enemy to 10: (28.7, -27.1)
Closest enemy to 11: (28.7, -27.1)
Closest enemy to 12: (24.0, -5.3)
Closest enemy to 14: (24.0, -5.3)
Closest enemy to 6: (-30.6, -2.1)
Closest enemy to 9: (-30.6, -2.1)
Closest enemy to 10: (30.6, -26.4)
Closest enemy to 11: (30.6, -26.4)
Closest enemy to 12: (24.0, -5.3)
Closest enemy to 14: (24.0, -5.3)
Closest enemy to 6: (-30.6, -2.1)
Closest enemy to 9: (-30.6, -2.1)
Closest enemy to 10: (32.2, -25.2)
Closest enemy to 11: (32.2, -25.2)
Closest enemy to 12: (24.0, -5.3)
Closest enemy to 14: (24.0, -5.3)
Closest enemy to 6: (-30.6, -2.1)
Closest enemy to 9: (-30.6, -2.1)
Closest enemy to 10: (33.4, -23.5)
Closest enemy to 11: (33.4, -23.5)
Closest enemy to 12: (24.0, -5.3)
Closest enemy to 14: (24.0, -5.3)
Closest enemy to 6: (-30.6, -2.1)
Closest enemy to 9: (-30.6, -2.1)
Closest enemy to 10: (35.3, -22.7)
Closest enemy to 11: (35.3, -22.7)
Closest enemy to 12: (24.0, -5.3)
Closest enemy to 14: (24.0, -5.3)
Closest enemy to 6: (-30.6, -2.1)
Closest enemy to 9: (-30.6, -2.1)
Closest enemy to 10: (36.6, -21.0)
Closest enemy to 11: (36.6, -21.0)
Closest enemy to 12: (24.0, -5.3)
Closest enemy to 14: (24.0, -5.3)
Closest enemy to 6: (-30.6, -2.1)
Closest enemy to 9: (-30.6, -2.1)
Closest enemy to 10: (37.3, -19.1)
Closest enemy to 11: (37.3, -19.1)
Closest enemy to 12: (24.0, -5.3)
Closest enemy to 14: (24.0, -5.3)
Closest enemy to 6: (-30.6, -2.1)
Closest enemy to 9: (-30.6, -2.1)
Closest enemy to 10: (37.5, -17.0)
Closest enemy to 11: (37.5, -17.0)
Closest enemy to 12: (24.0, -5.3)
Closest enemy to 14: (24.0, -5.3)
Closest enemy to 6: (-30.6, -2.1)
Closest enemy to 9: (-30.6, -2.1)
Closest enemy to 10: (37.2, -15.0)
Closest enemy to 11: (37.2, -15.0)
Closest enemy to 12: (24.0, -5.3)
Closest enemy to 14: (24.0, -5.3)
Closest enemy to 6: (-30.6, -2.1)
Closest enemy to 9: (-30.6, -2.1)
Closest enemy to 10: (36.4, -13.1)
Closest enemy to 11: (36.4, -13.1)
Closest enemy to 12: (24.0, -5.3)
Closest enemy to 14: (24.0, -5.3)
Closest enemy to 6: (-30.6, -2.1)
Closest enemy to 9: (-30.6, -2.1)
Closest enemy to 10: (35.1, -11.5)
Closest enemy to 11: (35.1, -11.5)
Closest enemy to 12: (24.0, -5.3)
Closest enemy to 14: (24.0, -5.3)
Closest enemy to 6: (-30.6, -2.1)
Closest enemy to 9: (-30.6, -2.1)
Closest enemy to 10: (33.5, -10.3)
Closest enemy to 11: (33.5, -10.3)
Closest enemy to 12: (24.0, -5.3)
Closest enemy to 14: (24.0, -5.3)
Closest enemy to 6: (-30.6, -2.1)
Closest enemy to 9: (-30.6, -2.1)
Closest enemy to 10: (31.6, -9.5)
Closest enemy to 11: (31.6, -9.5)
Closest enemy to 12: (24.0, -5.3)
Closest enemy to 14: (24.0, -5.3)
Closest enemy to 6: (-30.6, -2.1)
Closest enemy to 9: (-30.6, -2.1)
Closest enemy to 10: (30.3, -7.9)
Closest enemy to 11: (30.3, -7.9)
Closest enemy to 12: (24.0, -5.3)
Closest enemy to 14: (24.0, -5.3)
Closest enemy to 6: (-30.6, -2.1)
Closest enemy to 9: (-30.6, -2.1)
Closest enemy to 10: (29.4, -6.0)
Closest enemy to 11: (29.4, -6.0)
Closest enemy to 12: (24.0, -5.3)
Closest enemy to 14: (24.0, -5.3)
Closest enemy to 6: (-30.6, -2.1)
Closest enemy to 9: (-30.6, -2.1)
Closest enemy to 10: (29.1, -4.0)
Closest enemy to 11: (24.0, -5.3)
Closest enemy to 12: (24.0, -5.3)
Closest enemy to 14: (24.0, -5.3)
Closest enemy to 6: (-30.6, -2.1)
Closest enemy to 9: (-30.6, -2.1)
Closest enemy to 10: (29.0, -2.0)
Closest enemy to 11: (24.0, -5.3)
Closest enemy to 12: (24.0, -5.3)
Closest enemy to 14: (24.0, -5.3)
Closest enemy to 6: (-21.7, -4.8)
Closest enemy to 9: (-30.6, -2.1)
Closest enemy to 10: (28.6, -0.0)
Closest enemy to 11: (24.0, -5.3)
Closest enemy to 12: (28.6, -0.0)
Closest enemy to 14: (28.6, -0.0)
Closest enemy to 6: (-17.8, 3.7)
Closest enemy to 9: (-30.6, -2.1)
Closest enemy to 10: (24.0, -5.3)
Closest enemy to 11: (24.0, -5.3)
Closest enemy to 12: (28.2, 1.9)
Closest enemy to 14: (28.2, 1.9)
Closest enemy to 6: (-17.8, 3.7)
Closest enemy to 9: (-30.6, -2.1)
Closest enemy to 10: (24.0, -5.3)
Closest enemy to 11: (24.0, -5.3)
Closest enemy to 12: (27.6, 3.8)
Closest enemy to 14: (27.6, 3.8)
You won!
Stats:
  - 440 remaining plane score
  - Spent 1000 points
  - Dealt 100 damage

---- ERRORS (stderr) ----

