---- OUTPUT (stdout) ----
Connecting to server on port 9001...
Connected to server on port 9001
HERE
HERE
HERE
HERE
HERE
HERE
HERE
HERE
HERE
HERE
HERE
HERE
HERE
HERE
HERE
HERE
HERE
HERE
HERE
HERE
HERE
HERE
HERE
HERE
HERE
HERE
HERE
HERE
HERE
HERE
HERE
HERE
HERE
HERE
HERE
HERE
HERE
HERE
HERE
HERE
HERE
HERE
HERE
HERE
HERE
HERE
HERE
HERE
HERE
HERE
HERE
HERE
HERE
HERE
HERE
HERE
HERE
HERE
HERE
HERE
HERE
HERE
HERE
HERE
HERE
HERE
HERE
HERE
HERE
HERE
HERE
HERE
HERE
HERE
HERE
HERE
HERE
HERE
HERE
HERE
HERE
HERE
HERE
HERE
HERE
HERE
HERE
HERE
HERE
HERE
HERE
HERE
HERE
HERE
HERE
HERE
HERE
HERE
HERE
HERE
HERE
HERE
HERE
HERE
HERE
HERE
HERE
HERE
HERE
HERE
HERE
HERE
HERE
HERE
HERE
HERE
HERE
HERE
HERE
HERE
HERE
HERE
HERE
HERE
HERE
HERE
HERE
HERE
HERE
HERE
HERE
HERE
HERE
HERE
HERE
HERE
HERE
HERE
HERE
HERE
HERE
HERE
HERE
HERE
HERE
HERE
HERE
HERE
HERE
HERE
HERE
HERE
HERE
HERE
HERE
HERE
HERE
HERE
HERE
HERE
HERE
HERE
HERE
HERE
HERE
HERE
HERE
HERE
HERE
HERE
HERE
HERE
HERE
HERE
HERE
HERE
HERE
HERE
HERE
HERE
HERE
HERE
HERE
HERE
HERE
HERE
HERE
HERE
HERE
HERE
HERE
HERE
HERE
HERE
HERE
HERE
HERE
HERE
HERE
HERE
HERE
HERE
HERE
HERE
HERE
HERE
HERE
HERE
HERE
HERE
HERE
HERE
HERE
HERE
HERE
HERE
HERE
HERE
HERE
HERE
HERE
HERE
HERE
HERE
HERE
HERE
HERE
HERE
HERE
HERE
HERE
HERE
HERE
HERE
HERE
HERE
HERE
HERE
HERE
HERE
HERE
HERE
HERE
HERE
HERE
HERE
HERE
HERE
HERE
HERE
HERE
HERE
HERE
HERE
HERE
HERE
HERE
HERE
HERE
HERE
HERE
HERE
HERE
HERE
HERE
HERE
HERE
HERE
HERE
HERE
HERE
HERE
HERE
HERE
HERE
HERE
HERE
HERE
HERE
HERE
HERE
HERE
HERE
HERE
HERE
HERE
HERE
HERE
HERE
HERE
HERE
HERE
HERE
HERE
HERE
HERE
HERE
HERE
HERE
HERE
HERE
HERE
HERE
HERE
HERE
HERE
HERE
HERE
HERE
HERE
HERE
HERE
HERE
HERE
HERE
HERE
HERE
HERE
HERE
HERE
HERE
HERE
HERE
HERE
HERE
HERE
HERE
HERE
HERE
HERE
HERE
HERE
HERE
HERE
HERE
HERE
HERE
HERE
HERE
HERE
HERE
HERE
HERE
HERE
HERE
HERE
HERE
HERE
HERE
HERE
HERE
HERE
HERE
HERE
HERE
HERE
HERE
HERE
HERE
You lost!
Stats:
  - 20 remaining plane score
  - Spent 1000 points
  - Dealt 22 damage

---- ERRORS (stderr) ----

