---- OUTPUT (stdout) ----
Waiting for connection from team 0 on 9001
Waiting for connection from team 1 on 9002
Connected to team 0 on 9001
Connected to team 1 on 9002
Game started!
[Turn 18.8] [Damage event] PLANE_ATTACK: plane 4 damaged by 7 for 1 damage, still alive
[Turn 19] [Damage event] PLANE_ATTACK: plane 4 damaged by 7 for 1 damage, still alive
[Turn 20.6] [Damage event] PLANE_ATTACK: plane 5 damaged by 4 for 1 damage, still alive
[Turn 20.6] [Damage event] PLANE_ATTACK: plane 6 damaged by 4 for 1 damage, still alive
[Turn 20.6] [Damage event] PLANE_ATTACK: plane 4 damaged by 5 for 1 damage, still alive
[Turn 20.6] [Damage event] PLANE_ATTACK: plane 4 damaged by 6 for 1 damage, still alive
[Turn 20.933333333333334] [Damage event] PLANE_ATTACK: plane 2 damaged by 5 for 1 damage, still alive
[Turn 21] [Damage event] PLANE_ATTACK: plane 6 damaged by 4 for 1 damage, still alive
[Turn 21] [Damage event] PLANE_ATTACK: plane 2 damaged by 5 for 1 damage, still alive
[Turn 21] [Damage event] PLANE_ATTACK: plane 4 damaged by 5 for 1 damage, still alive
[Turn 21] [Damage event] PLANE_ATTACK: plane 2 damaged by 6 for 1 damage, still alive
[Turn 21] [Damage event] PLANE_ATTACK: plane 4 damaged by 6 for 1 damage, still alive
[Turn 21.533333333333335] [Damage event] COLLISION: plane 6 damaged by 4 for 18 damage, now dead
[Turn 21.533333333333335] [Damage event] COLLISION: plane 4 damaged by 6 for 4 damage, now dead
[Turn 22.133333333333333] [Damage event] PLANE_ATTACK: plane 5 damaged by 0 for 1 damage, still alive
[Turn 24.533333333333335] [Damage event] PLANE_ATTACK: plane 9 damaged by 2 for 1 damage, still alive
[Turn 25] [Damage event] PLANE_ATTACK: plane 9 damaged by 2 for 1 damage, still alive
[Turn 26.2] [Damage event] PLANE_ATTACK: plane 9 damaged by 0 for 1 damage, still alive
[Turn 26.666666666666668] [Damage event] PLANE_ATTACK: plane 10 damaged by 0 for 1 damage, still alive
[Turn 27] [Damage event] PLANE_ATTACK: plane 9 damaged by 0 for 1 damage, still alive
[Turn 27] [Damage event] PLANE_ATTACK: plane 10 damaged by 0 for 1 damage, still alive
[Turn 27.2] [Damage event] PLANE_ATTACK: plane 0 damaged by 9 for 1 damage, still alive
[Turn 27.266666666666666] [Damage event] COLLISION: plane 9 damaged by 0 for 1 damage, now dead
[Turn 27.266666666666666] [Damage event] COLLISION: plane 0 damaged by 9 for 9 damage, now dead
[Turn 29.733333333333334] [Damage event] PLANE_ATTACK: plane 1 damaged by 8 for 1 damage, still alive
[Turn 30] [Damage event] PLANE_ATTACK: plane 1 damaged by 8 for 1 damage, still alive
[Turn 30.066666666666666] [Damage event] PLANE_ATTACK: plane 8 damaged by 3 for 1 damage, still alive
[Turn 31] [Damage event] PLANE_ATTACK: plane 8 damaged by 3 for 1 damage, still alive
[Turn 31.133333333333333] [Damage event] PLANE_ATTACK: plane 1 damaged by 7 for 1 damage, still alive
[Turn 31.466666666666665] [Damage event] COLLISION: plane 8 damaged by 3 for 8 damage, now dead
[Turn 31.466666666666665] [Damage event] COLLISION: plane 3 damaged by 8 for 10 damage, now dead
[Turn 51.93333333333333] [Damage event] BORDER: plane 5 damaged for 18 damage, now dead
[Turn 209.86666666666667] [Damage event] BORDER: plane 10 damaged for 3 damage, now dead
Game ended!
Writing gamelog to gamelog.json...
Done

---- ERRORS (stderr) ----
[Turn 0] [Validation Error] Player 1 attempted to spend over max spend 1000 (1100), locked plane choice to before over max spend

