---- OUTPUT (stdout) ----
Connecting to server on port 9001...
Connected to server on port 9001
Closest enemy to 9: (3.7, -43.0)
Closest enemy to 8: (3.7, -43.0)
Closest enemy to 7: (3.7, -43.0)
Closest enemy to 6: (3.7, -43.0)
Closest enemy to 5: (1.2, -43.0)
Closest enemy to 4: (-1.3, -43.0)
Closest enemy to 3: (-3.8, -43.0)
Closest enemy to 2: (-6.3, -43.0)
Closest enemy to 1: (-6.3, -43.0)
Closest enemy to 0: (-6.3, -43.0)
Closest enemy to 9: (4.5, -41.1)
Closest enemy to 8: (4.5, -41.1)
Closest enemy to 7: (4.5, -41.1)
Closest enemy to 6: (2.0, -41.1)
Closest enemy to 5: (-0.5, -41.1)
Closest enemy to 4: (-3.0, -41.1)
Closest enemy to 3: (-5.5, -41.1)
Closest enemy to 2: (-5.5, -41.1)
Closest enemy to 1: (-5.5, -41.1)
Closest enemy to 0: (-5.5, -41.1)
Closest enemy to 9: (5.8, -39.4)
Closest enemy to 8: (5.8, -39.4)
Closest enemy to 7: (5.8, -39.4)
Closest enemy to 6: (3.3, -39.4)
Closest enemy to 5: (0.8, -39.4)
Closest enemy to 4: (-1.7, -39.4)
Closest enemy to 3: (-4.2, -39.4)
Closest enemy to 2: (-4.2, -39.4)
Closest enemy to 1: (-4.2, -39.4)
Closest enemy to 0: (-4.2, -39.4)
Closest enemy to 9: (7.4, -38.2)
Closest enemy to 8: (7.4, -38.2)
Closest enemy to 7: (4.9, -38.2)
Closest enemy to 6: (4.9, -38.2)
Closest enemy to 5: (-0.1, -38.2)
Closest enemy to 4: (-0.1, -38.2)
Closest enemy to 3: (-2.6, -38.2)
Closest enemy to 2: (-2.6, -38.2)
Closest enemy to 1: (-2.6, -38.2)
Closest enemy to 0: (-2.6, -38.2)
Closest enemy to 9: (9.3, -37.4)
Closest enemy to 8: (9.3, -37.4)
Closest enemy to 7: (6.8, -37.4)
Closest enemy to 6: (4.3, -37.4)
Closest enemy to 5: (1.8, -37.4)
Closest enemy to 4: (-0.7, -37.4)
Closest enemy to 3: (-0.7, -37.4)
Closest enemy to 2: (-0.7, -37.4)
Closest enemy to 1: (-0.7, -37.4)
Closest enemy to 0: (-0.7, -37.4)
Closest enemy to 9: (11.3, -37.1)
Closest enemy to 8: (11.3, -37.1)
Closest enemy to 7: (6.3, -37.1)
Closest enemy to 6: (6.3, -37.1)
Closest enemy to 5: (1.3, -37.1)
Closest enemy to 4: (1.3, -37.1)
Closest enemy to 3: (1.3, -37.1)
Closest enemy to 2: (1.3, -37.1)
Closest enemy to 1: (1.3, -37.1)
Closest enemy to 0: (1.3, -37.1)
Closest enemy to 9: (10.9, -37.4)
Closest enemy to 8: (10.9, -37.4)
Closest enemy to 7: (5.9, -37.4)
Closest enemy to 6: (5.9, -37.4)
Closest enemy to 5: (3.4, -37.4)
Closest enemy to 4: (3.4, -37.4)
Closest enemy to 3: (3.4, -37.4)
Closest enemy to 2: (3.4, -37.4)
Closest enemy to 1: (3.4, -37.4)
Closest enemy to 0: (3.4, -37.4)
Closest enemy to 9: (12.8, -38.1)
Closest enemy to 8: (10.3, -38.1)
Closest enemy to 7: (7.8, -38.1)
Closest enemy to 6: (5.3, -38.1)
Closest enemy to 5: (5.3, -38.1)
Closest enemy to 4: (5.3, -38.1)
Closest enemy to 3: (5.3, -38.1)
Closest enemy to 2: (5.3, -38.1)
Closest enemy to 1: (5.3, -38.1)
Closest enemy to 0: (5.3, -38.1)
Closest enemy to 9: (11.9, -39.4)
Closest enemy to 8: (9.4, -39.4)
Closest enemy to 7: (6.9, -39.4)
Closest enemy to 6: (6.9, -39.4)
Closest enemy to 5: (6.9, -39.4)
Closest enemy to 4: (6.9, -39.4)
Closest enemy to 3: (6.9, -39.4)
Closest enemy to 2: (6.9, -39.4)
Closest enemy to 1: (6.9, -39.4)
Closest enemy to 0: (6.9, -39.4)
Closest enemy to 9: (13.7, -40.3)
Closest enemy to 8: (8.7, -40.3)
Closest enemy to 7: (8.7, -40.3)
Closest enemy to 6: (8.7, -40.3)
Closest enemy to 5: (8.7, -40.3)
Closest enemy to 4: (8.7, -40.3)
Closest enemy to 3: (8.7, -40.3)
Closest enemy to 2: (8.7, -40.3)
Closest enemy to 1: (8.7, -40.3)
Closest enemy to 0: (8.7, -40.3)
Closest enemy to 9: (15.5, -41.2)
Closest enemy to 8: (10.5, -41.2)
Closest enemy to 7: (10.5, -41.2)
Closest enemy to 6: (10.5, -41.2)
Closest enemy to 5: (10.5, -41.2)
Closest enemy to 4: (10.5, -41.2)
Closest enemy to 3: (10.5, -41.2)
Closest enemy to 2: (10.5, -41.2)
Closest enemy to 1: (10.5, -41.2)
Closest enemy to 0: (10.5, -41.2)
Closest enemy to 9: (17.3, -42.0)
Closest enemy to 8: (12.3, -42.0)
Closest enemy to 7: (12.3, -42.0)
Closest enemy to 6: (12.3, -42.0)
Closest enemy to 5: (12.3, -42.0)
Closest enemy to 4: (12.3, -42.0)
Closest enemy to 3: (12.3, -42.0)
Closest enemy to 2: (12.3, -42.0)
Closest enemy to 1: (12.3, -42.0)
Closest enemy to 0: (12.3, -42.0)
Closest enemy to 9: (16.7, -42.8)
Closest enemy to 8: (14.2, -42.8)
Closest enemy to 7: (14.2, -42.8)
Closest enemy to 6: (14.2, -42.8)
Closest enemy to 5: (14.2, -42.8)
Closest enemy to 4: (14.2, -42.8)
Closest enemy to 3: (14.2, -42.8)
Closest enemy to 2: (14.2, -42.8)
Closest enemy to 1: (14.2, -42.8)
Closest enemy to 0: (14.2, -42.8)
Closest enemy to 9: (18.5, -43.6)
Closest enemy to 8: (16.0, -43.6)
Closest enemy to 7: (16.0, -43.6)
Closest enemy to 6: (16.0, -43.6)
Closest enemy to 5: (16.0, -43.6)
Closest enemy to 4: (16.0, -43.6)
Closest enemy to 3: (16.0, -43.6)
Closest enemy to 2: (16.0, -43.6)
Closest enemy to 1: (16.0, -43.6)
Closest enemy to 0: (16.0, -43.6)
Closest enemy to 9: (20.4, -44.3)
Closest enemy to 8: (17.9, -44.3)
Closest enemy to 7: (17.9, -44.3)
Closest enemy to 6: (17.9, -44.3)
Closest enemy to 5: (17.9, -44.3)
Closest enemy to 4: (17.9, -44.3)
Closest enemy to 3: (17.9, -44.3)
Closest enemy to 2: (17.9, -44.3)
Closest enemy to 1: (17.9, -44.3)
Closest enemy to 0: (17.9, -44.3)
Closest enemy to 9: (22.3, -44.9)
Closest enemy to 8: (19.8, -44.9)
Closest enemy to 7: (19.8, -44.9)
Closest enemy to 6: (19.8, -44.9)
Closest enemy to 5: (19.8, -44.9)
Closest enemy to 4: (19.8, -44.9)
Closest enemy to 3: (19.8, -44.9)
Closest enemy to 2: (19.8, -44.9)
Closest enemy to 1: (19.8, -44.9)
Closest enemy to 0: (19.8, -44.9)
Closest enemy to 9: (21.7, -45.5)
Closest enemy to 8: (21.7, -45.5)
Closest enemy to 7: (21.7, -45.5)
Closest enemy to 6: (21.7, -45.5)
Closest enemy to 5: (21.7, -45.5)
Closest enemy to 4: (21.7, -45.5)
Closest enemy to 3: (21.7, -45.5)
Closest enemy to 2: (21.7, -45.5)
Closest enemy to 1: (21.7, -45.5)
Closest enemy to 0: (21.7, -45.5)
Closest enemy to 9: (23.6, -46.0)
Closest enemy to 8: (23.6, -46.0)
Closest enemy to 7: (23.6, -46.0)
Closest enemy to 6: (23.6, -46.0)
Closest enemy to 5: (23.6, -46.0)
Closest enemy to 4: (23.6, -46.0)
Closest enemy to 3: (23.6, -46.0)
Closest enemy to 2: (23.6, -46.0)
Closest enemy to 1: (23.6, -46.0)
Closest enemy to 0: (23.6, -46.0)
Closest enemy to 9: (25.6, -46.5)
Closest enemy to 8: (25.6, -46.5)
Closest enemy to 7: (25.6, -46.5)
Closest enemy to 6: (25.6, -46.5)
Closest enemy to 5: (25.6, -46.5)
Closest enemy to 4: (25.6, -46.5)
Closest enemy to 3: (25.6, -46.5)
Closest enemy to 2: (25.6, -46.5)
Closest enemy to 1: (25.6, -46.5)
Closest enemy to 0: (25.6, -46.5)
Closest enemy to 9: (27.5, -47.0)
Closest enemy to 8: (27.5, -47.0)
Closest enemy to 7: (27.5, -47.0)
Closest enemy to 6: (27.5, -47.0)
Closest enemy to 5: (27.5, -47.0)
Closest enemy to 4: (27.5, -47.0)
Closest enemy to 3: (27.5, -47.0)
Closest enemy to 2: (27.5, -47.0)
Closest enemy to 1: (27.5, -47.0)
Closest enemy to 0: (27.5, -47.0)
Closest enemy to 9: (29.5, -47.4)
Closest enemy to 8: (29.5, -47.4)
Closest enemy to 7: (29.5, -47.4)
Closest enemy to 6: (29.5, -47.4)
Closest enemy to 5: (29.5, -47.4)
Closest enemy to 4: (29.5, -47.4)
Closest enemy to 3: (29.5, -47.4)
Closest enemy to 2: (29.5, -47.4)
Closest enemy to 1: (29.5, -47.4)
Closest enemy to 0: (29.5, -47.4)
Closest enemy to 9: (31.5, -47.7)
Closest enemy to 8: (31.5, -47.7)
Closest enemy to 7: (31.5, -47.7)
Closest enemy to 6: (31.5, -47.7)
Closest enemy to 5: (31.5, -47.7)
Closest enemy to 4: (31.5, -47.7)
Closest enemy to 3: (31.5, -47.7)
Closest enemy to 2: (31.5, -47.7)
Closest enemy to 1: (31.5, -47.7)
Closest enemy to 0: (31.5, -47.7)
Closest enemy to 9: (43.0, -44.5)
Closest enemy to 8: (33.4, -48.0)
Closest enemy to 7: (43.0, -44.5)
Closest enemy to 6: (33.4, -48.0)
Closest enemy to 5: (33.4, -48.0)
Closest enemy to 4: (33.4, -48.0)
Closest enemy to 3: (33.4, -48.0)
Closest enemy to 2: (33.4, -48.0)
Closest enemy to 1: (33.4, -48.0)
Closest enemy to 0: (33.4, -48.0)
Closest enemy to 9: (44.3, -42.9)
Closest enemy to 8: (35.4, -48.2)
Closest enemy to 7: (44.3, -42.9)
Closest enemy to 6: (35.4, -48.2)
Closest enemy to 5: (44.3, -42.9)
Closest enemy to 4: (35.4, -48.2)
Closest enemy to 3: (44.3, -42.9)
Closest enemy to 2: (35.4, -48.2)
Closest enemy to 1: (44.3, -42.9)
Closest enemy to 0: (35.4, -48.2)
Closest enemy to 9: (45.0, -41.0)
Closest enemy to 8: (37.4, -48.4)
Closest enemy to 7: (45.0, -41.0)
Closest enemy to 6: (37.4, -48.4)
Closest enemy to 5: (45.0, -41.0)
Closest enemy to 4: (37.4, -48.4)
Closest enemy to 3: (45.0, -41.0)
Closest enemy to 2: (37.4, -48.4)
Closest enemy to 1: (45.0, -41.0)
Closest enemy to 0: (37.4, -48.4)
Closest enemy to 9: (45.2, -38.9)
Closest enemy to 8: (45.2, -38.9)
Closest enemy to 7: (45.2, -38.9)
Closest enemy to 6: (45.2, -38.9)
Closest enemy to 5: (45.2, -38.9)
Closest enemy to 4: (39.4, -47.8)
Closest enemy to 3: (45.2, -38.9)
Closest enemy to 2: (39.4, -47.8)
Closest enemy to 1: (45.2, -38.9)
Closest enemy to 0: (39.4, -47.8)
Closest enemy to 9: (44.9, -36.9)
Closest enemy to 8: (44.9, -36.9)
Closest enemy to 7: (44.9, -36.9)
Closest enemy to 6: (44.9, -36.9)
Closest enemy to 5: (44.9, -36.9)
Closest enemy to 4: (44.9, -36.9)
Closest enemy to 3: (44.9, -36.9)
Closest enemy to 2: (44.9, -36.9)
Closest enemy to 1: (44.9, -36.9)
Closest enemy to 0: (44.9, -36.9)
Closest enemy to 9: (44.9, -34.9)
Closest enemy to 8: (44.9, -34.9)
Closest enemy to 7: (44.9, -34.9)
Closest enemy to 6: (44.9, -34.9)
Closest enemy to 5: (44.9, -34.9)
Closest enemy to 4: (44.9, -34.9)
Closest enemy to 3: (44.9, -34.9)
Closest enemy to 2: (44.9, -34.9)
Closest enemy to 1: (44.9, -34.9)
Closest enemy to 0: (44.9, -34.9)
Closest enemy to 9: (44.8, -32.9)
Closest enemy to 8: (44.8, -32.9)
Closest enemy to 7: (44.8, -32.9)
Closest enemy to 6: (44.8, -32.9)
Closest enemy to 5: (44.8, -32.9)
Closest enemy to 4: (44.8, -32.9)
Closest enemy to 3: (44.8, -32.9)
Closest enemy to 2: (44.8, -32.9)
Closest enemy to 1: (44.8, -32.9)
Closest enemy to 0: (44.8, -32.9)
Closest enemy to 9: (45.2, -30.9)
Closest enemy to 8: (45.2, -30.9)
Closest enemy to 7: (45.2, -30.9)
Closest enemy to 6: (45.2, -30.9)
Closest enemy to 5: (45.2, -30.9)
Closest enemy to 4: (45.2, -30.9)
Closest enemy to 3: (45.2, -30.9)
Closest enemy to 2: (45.2, -30.9)
Closest enemy to 1: (45.2, -30.9)
Closest enemy to 0: (45.2, -30.9)
Closest enemy to 9: (45.3, -28.9)
Closest enemy to 8: (45.3, -28.9)
Closest enemy to 7: (45.3, -28.9)
Closest enemy to 6: (45.3, -28.9)
Closest enemy to 5: (45.3, -28.9)
Closest enemy to 4: (45.3, -28.9)
Closest enemy to 3: (45.3, -28.9)
Closest enemy to 2: (45.3, -28.9)
Closest enemy to 1: (45.3, -28.9)
Closest enemy to 0: (45.3, -28.9)
Closest enemy to 9: (45.4, -26.9)
Closest enemy to 8: (45.4, -26.9)
Closest enemy to 7: (45.4, -26.9)
Closest enemy to 6: (45.4, -26.9)
Closest enemy to 5: (45.4, -26.9)
Closest enemy to 4: (45.4, -26.9)
Closest enemy to 3: (45.4, -26.9)
Closest enemy to 2: (45.4, -26.9)
Closest enemy to 1: (45.4, -26.9)
Closest enemy to 0: (45.4, -26.9)
Closest enemy to 9: (45.4, -24.9)
Closest enemy to 8: (45.4, -24.9)
Closest enemy to 7: (45.4, -24.9)
Closest enemy to 6: (45.4, -24.9)
Closest enemy to 5: (45.4, -24.9)
Closest enemy to 4: (45.4, -24.9)
Closest enemy to 3: (45.4, -24.9)
Closest enemy to 2: (45.4, -24.9)
Closest enemy to 1: (45.4, -24.9)
Closest enemy to 0: (45.4, -24.9)
Closest enemy to 9: (45.4, -22.9)
Closest enemy to 8: (45.4, -22.9)
Closest enemy to 7: (45.4, -22.9)
Closest enemy to 6: (45.4, -22.9)
Closest enemy to 5: (45.4, -22.9)
Closest enemy to 4: (45.4, -22.9)
Closest enemy to 3: (45.4, -22.9)
Closest enemy to 2: (45.4, -22.9)
Closest enemy to 1: (45.4, -22.9)
Closest enemy to 0: (45.4, -22.9)
Closest enemy to 9: (45.8, -20.9)
Closest enemy to 8: (45.8, -20.9)
Closest enemy to 7: (45.8, -20.9)
Closest enemy to 6: (45.8, -20.9)
Closest enemy to 5: (45.8, -20.9)
Closest enemy to 4: (45.8, -20.9)
Closest enemy to 3: (45.8, -20.9)
Closest enemy to 2: (45.8, -20.9)
Closest enemy to 1: (45.8, -20.9)
Closest enemy to 0: (45.8, -20.9)
Closest enemy to 9: (46.0, -18.9)
Closest enemy to 8: (46.0, -18.9)
Closest enemy to 7: (46.0, -18.9)
Closest enemy to 6: (46.0, -18.9)
Closest enemy to 5: (46.0, -18.9)
Closest enemy to 4: (46.0, -18.9)
Closest enemy to 3: (46.0, -18.9)
Closest enemy to 2: (46.0, -18.9)
Closest enemy to 1: (46.0, -18.9)
Closest enemy to 0: (46.0, -18.9)
Closest enemy to 9: (46.1, -16.9)
Closest enemy to 8: (46.1, -16.9)
Closest enemy to 7: (46.1, -16.9)
Closest enemy to 6: (46.1, -16.9)
Closest enemy to 5: (46.1, -16.9)
Closest enemy to 4: (46.1, -16.9)
Closest enemy to 3: (46.1, -16.9)
Closest enemy to 2: (46.1, -16.9)
Closest enemy to 1: (46.1, -16.9)
Closest enemy to 0: (46.1, -16.9)
Closest enemy to 9: (46.2, -14.9)
Closest enemy to 8: (46.2, -14.9)
Closest enemy to 7: (46.2, -14.9)
Closest enemy to 6: (46.2, -14.9)
Closest enemy to 5: (46.2, -14.9)
Closest enemy to 4: (46.2, -14.9)
Closest enemy to 3: (46.2, -14.9)
Closest enemy to 2: (46.2, -14.9)
Closest enemy to 1: (46.2, -14.9)
Closest enemy to 0: (46.2, -14.9)
Closest enemy to 9: (46.2, -12.9)
Closest enemy to 8: (46.2, -12.9)
Closest enemy to 7: (46.2, -12.9)
Closest enemy to 6: (46.2, -12.9)
Closest enemy to 5: (46.2, -12.9)
Closest enemy to 4: (46.2, -12.9)
Closest enemy to 3: (46.2, -12.9)
Closest enemy to 2: (46.2, -12.9)
Closest enemy to 1: (46.2, -12.9)
Closest enemy to 0: (46.2, -12.9)
Closest enemy to 9: (46.2, -10.9)
Closest enemy to 8: (46.2, -10.9)
Closest enemy to 7: (46.2, -10.9)
Closest enemy to 6: (46.2, -10.9)
Closest enemy to 5: (46.2, -10.9)
Closest enemy to 4: (46.2, -10.9)
Closest enemy to 3: (46.2, -10.9)
Closest enemy to 2: (46.2, -10.9)
Closest enemy to 1: (46.2, -10.9)
Closest enemy to 0: (46.2, -10.9)
Closest enemy to 9: (46.6, -9.0)
Closest enemy to 8: (46.6, -9.0)
Closest enemy to 7: (46.6, -9.0)
Closest enemy to 6: (46.6, -9.0)
Closest enemy to 5: (46.6, -9.0)
Closest enemy to 4: (46.6, -9.0)
Closest enemy to 3: (46.6, -9.0)
Closest enemy to 2: (46.6, -9.0)
Closest enemy to 1: (46.6, -9.0)
Closest enemy to 0: (46.6, -9.0)
Closest enemy to 9: (46.7, -7.0)
Closest enemy to 8: (46.7, -7.0)
Closest enemy to 7: (46.7, -7.0)
Closest enemy to 6: (46.7, -7.0)
Closest enemy to 5: (46.7, -7.0)
Closest enemy to 4: (46.7, -7.0)
Closest enemy to 3: (46.7, -7.0)
Closest enemy to 2: (46.7, -7.0)
Closest enemy to 1: (46.7, -7.0)
Closest enemy to 0: (46.7, -7.0)
Closest enemy to 9: (46.9, -5.0)
Closest enemy to 8: (46.9, -5.0)
Closest enemy to 7: (46.9, -5.0)
Closest enemy to 6: (46.9, -5.0)
Closest enemy to 5: (46.9, -5.0)
Closest enemy to 4: (46.9, -5.0)
Closest enemy to 3: (46.9, -5.0)
Closest enemy to 2: (46.9, -5.0)
Closest enemy to 1: (46.9, -5.0)
Closest enemy to 0: (46.9, -5.0)
Closest enemy to 9: (47.0, -3.0)
Closest enemy to 8: (47.0, -3.0)
Closest enemy to 7: (47.0, -3.0)
Closest enemy to 6: (47.0, -3.0)
Closest enemy to 5: (47.0, -3.0)
Closest enemy to 4: (47.0, -3.0)
Closest enemy to 3: (47.0, -3.0)
Closest enemy to 2: (47.0, -3.0)
Closest enemy to 1: (47.0, -3.0)
Closest enemy to 0: (47.0, -3.0)
Closest enemy to 9: (47.9, -5.1)
Closest enemy to 8: (47.0, -1.0)
Closest enemy to 7: (47.0, -1.0)
Closest enemy to 6: (47.0, -1.0)
Closest enemy to 5: (47.0, -1.0)
Closest enemy to 4: (47.0, -1.0)
Closest enemy to 3: (47.0, -1.0)
Closest enemy to 2: (47.0, -1.0)
Closest enemy to 1: (47.0, -1.0)
Closest enemy to 0: (47.0, -1.0)
Closest enemy to 9: (46.2, -5.4)
Closest enemy to 8: (47.0, 1.0)
Closest enemy to 7: (46.2, -5.4)
Closest enemy to 6: (47.0, 1.0)
Closest enemy to 5: (47.0, 1.0)
Closest enemy to 4: (47.0, 1.0)
Closest enemy to 3: (47.0, 1.0)
Closest enemy to 2: (47.0, 1.0)
Closest enemy to 1: (47.0, 1.0)
Closest enemy to 0: (46.2, -5.4)
Closest enemy to 8: (47.3, 3.0)
Closest enemy to 7: (46.2, -5.4)
Closest enemy to 6: (47.3, 3.0)
Closest enemy to 5: (47.3, 3.0)
Closest enemy to 4: (47.3, 3.0)
Closest enemy to 3: (47.3, 3.0)
Closest enemy to 2: (47.3, 3.0)
Closest enemy to 1: (47.3, 3.0)
Closest enemy to 0: (46.2, -5.4)
Closest enemy to 8: (47.5, 5.0)
Closest enemy to 7: (46.2, -5.4)
Closest enemy to 6: (47.5, 5.0)
Closest enemy to 5: (48.2, 0.9)
Closest enemy to 4: (47.5, 5.0)
Closest enemy to 3: (47.5, 5.0)
Closest enemy to 2: (47.5, 5.0)
Closest enemy to 1: (47.5, 5.0)
Closest enemy to 0: (46.2, -5.4)
Closest enemy to 8: (47.7, 7.0)
Closest enemy to 6: (47.7, 7.0)
Closest enemy to 5: (48.4, 2.9)
Closest enemy to 4: (47.7, 7.0)
Closest enemy to 3: (48.4, 2.9)
Closest enemy to 2: (46.3, -5.3)
Closest enemy to 1: (47.7, 7.0)
Closest enemy to 0: (46.3, -5.3)
Closest enemy to 8: (47.7, 9.0)
Closest enemy to 6: (46.5, -3.3)
Closest enemy to 5: (48.6, 4.9)
Closest enemy to 4: (46.5, -3.3)
Closest enemy to 3: (48.6, 4.9)
Closest enemy to 2: (46.5, -3.3)
Closest enemy to 1: (48.6, 4.9)
Closest enemy to 0: (46.5, -3.3)
Closest enemy to 8: (46.6, -1.3)
Closest enemy to 6: (46.6, -1.3)
Closest enemy to 5: (46.6, -1.3)
Closest enemy to 4: (46.6, -1.3)
Closest enemy to 3: (46.6, -1.3)
Closest enemy to 2: (46.6, -1.3)
Closest enemy to 1: (48.6, 6.9)
Closest enemy to 0: (46.6, -1.3)
Closest enemy to 8: (46.7, 0.7)
Closest enemy to 6: (46.7, 0.7)
Closest enemy to 5: (46.7, 0.7)
Closest enemy to 4: (46.7, 0.7)
Closest enemy to 3: (46.7, 0.7)
Closest enemy to 2: (46.7, 0.7)
Closest enemy to 1: (46.7, 0.7)
Closest enemy to 0: (46.7, 0.7)
Closest enemy to 8: (46.7, 2.7)
Closest enemy to 6: (46.7, 2.7)
Closest enemy to 5: (46.7, 2.7)
Closest enemy to 4: (46.7, 2.7)
Closest enemy to 3: (46.7, 2.7)
Closest enemy to 2: (46.7, 2.7)
Closest enemy to 1: (46.7, 2.7)
Closest enemy to 0: (46.7, 2.7)
Closest enemy to 8: (46.7, 4.7)
Closest enemy to 6: (46.7, 4.7)
Closest enemy to 5: (46.7, 4.7)
Closest enemy to 4: (46.7, 4.7)
Closest enemy to 3: (46.7, 4.7)
Closest enemy to 2: (46.7, 4.7)
Closest enemy to 1: (46.7, 4.7)
Closest enemy to 0: (46.7, 4.7)
Closest enemy to 8: (47.1, 6.7)
Closest enemy to 6: (47.1, 6.7)
Closest enemy to 5: (47.1, 6.7)
Closest enemy to 4: (47.1, 6.7)
Closest enemy to 3: (47.1, 6.7)
Closest enemy to 2: (47.1, 6.7)
Closest enemy to 1: (47.1, 6.7)
Closest enemy to 0: (47.1, 6.7)
Closest enemy to 8: (47.1, 6.7)
Closest enemy to 6: (47.1, 6.7)
Closest enemy to 5: (47.1, 6.7)
Closest enemy to 4: (47.1, 6.7)
Closest enemy to 2: (47.1, 6.7)
Closest enemy to 0: (47.1, 6.7)
Closest enemy to 8: (47.1, 6.7)
Closest enemy to 6: (47.1, 6.7)
Closest enemy to 5: (47.1, 6.7)
Closest enemy to 4: (47.1, 6.7)
Closest enemy to 2: (47.1, 6.7)
Closest enemy to 0: (47.1, 6.7)
Closest enemy to 8: (47.1, 6.7)
Closest enemy to 6: (47.1, 6.7)
Closest enemy to 5: (47.1, 6.7)
Closest enemy to 4: (47.1, 6.7)
Closest enemy to 2: (47.1, 6.7)
Closest enemy to 0: (47.1, 6.7)
Closest enemy to 8: (47.1, 6.7)
Closest enemy to 6: (47.1, 6.7)
Closest enemy to 5: (47.1, 6.7)
Closest enemy to 4: (47.1, 6.7)
Closest enemy to 2: (47.1, 6.7)
Closest enemy to 0: (47.1, 6.7)
Closest enemy to 8: (47.1, 6.7)
Closest enemy to 6: (47.1, 6.7)
Closest enemy to 5: (47.1, 6.7)
Closest enemy to 4: (47.1, 6.7)
Closest enemy to 2: (47.1, 6.7)
Closest enemy to 0: (47.1, 6.7)
Closest enemy to 8: (47.1, 6.7)
Closest enemy to 6: (47.1, 6.7)
Closest enemy to 5: (47.1, 6.7)
Closest enemy to 4: (47.1, 6.7)
Closest enemy to 2: (47.1, 6.7)
Closest enemy to 0: (47.1, 6.7)
Closest enemy to 8: (47.1, 6.7)
Closest enemy to 6: (47.1, 6.7)
Closest enemy to 5: (47.1, 6.7)
Closest enemy to 4: (47.1, 6.7)
Closest enemy to 2: (47.1, 6.7)
Closest enemy to 0: (47.1, 6.7)
Closest enemy to 8: (47.1, 6.7)
Closest enemy to 6: (47.1, 6.7)
Closest enemy to 5: (47.1, 6.7)
Closest enemy to 4: (47.1, 6.7)
Closest enemy to 2: (47.1, 6.7)
Closest enemy to 0: (47.1, 6.7)
Closest enemy to 8: (47.1, 6.7)
Closest enemy to 6: (47.1, 6.7)
Closest enemy to 5: (47.1, 6.7)
Closest enemy to 4: (47.1, 6.7)
Closest enemy to 2: (47.1, 6.7)
Closest enemy to 0: (47.1, 6.7)
Closest enemy to 8: (47.1, 6.7)
Closest enemy to 6: (47.1, 6.7)
Closest enemy to 5: (47.1, 6.7)
Closest enemy to 4: (47.1, 6.7)
Closest enemy to 2: (47.1, 6.7)
Closest enemy to 0: (47.1, 6.7)
Closest enemy to 8: (47.1, 6.7)
Closest enemy to 6: (47.1, 6.7)
Closest enemy to 5: (47.1, 6.7)
Closest enemy to 4: (47.1, 6.7)
Closest enemy to 2: (47.1, 6.7)
Closest enemy to 0: (47.1, 6.7)
Closest enemy to 8: (47.1, 6.7)
Closest enemy to 6: (47.1, 6.7)
Closest enemy to 5: (47.1, 6.7)
Closest enemy to 4: (47.1, 6.7)
Closest enemy to 2: (47.1, 6.7)
Closest enemy to 0: (47.1, 6.7)
Closest enemy to 8: (47.1, 6.7)
Closest enemy to 6: (47.1, 6.7)
Closest enemy to 5: (47.1, 6.7)
Closest enemy to 4: (47.1, 6.7)
Closest enemy to 2: (47.1, 6.7)
Closest enemy to 0: (47.1, 6.7)
Closest enemy to 8: (47.1, 6.7)
Closest enemy to 6: (47.1, 6.7)
Closest enemy to 5: (47.1, 6.7)
Closest enemy to 4: (47.1, 6.7)
Closest enemy to 2: (47.1, 6.7)
Closest enemy to 0: (47.1, 6.7)
Closest enemy to 8: (47.1, 6.7)
Closest enemy to 6: (47.1, 6.7)
Closest enemy to 5: (47.1, 6.7)
Closest enemy to 4: (47.1, 6.7)
Closest enemy to 2: (47.1, 6.7)
Closest enemy to 0: (47.1, 6.7)
Closest enemy to 8: (47.1, 6.7)
Closest enemy to 6: (47.1, 6.7)
Closest enemy to 5: (47.1, 6.7)
Closest enemy to 4: (47.1, 6.7)
Closest enemy to 2: (47.1, 6.7)
Closest enemy to 0: (47.1, 6.7)
Closest enemy to 8: (47.1, 6.7)
Closest enemy to 6: (47.1, 6.7)
Closest enemy to 5: (47.1, 6.7)
Closest enemy to 4: (47.1, 6.7)
Closest enemy to 2: (47.1, 6.7)
Closest enemy to 0: (47.1, 6.7)
Closest enemy to 8: (47.1, 6.7)
Closest enemy to 6: (47.1, 6.7)
Closest enemy to 5: (47.1, 6.7)
Closest enemy to 4: (47.1, 6.7)
Closest enemy to 2: (47.1, 6.7)
Closest enemy to 0: (47.1, 6.7)
Closest enemy to 8: (47.1, 6.7)
Closest enemy to 6: (47.1, 6.7)
Closest enemy to 5: (34.9, 46.6)
Closest enemy to 4: (47.1, 6.7)
Closest enemy to 2: (47.1, 6.7)
Closest enemy to 0: (47.1, 6.7)
Closest enemy to 8: (47.1, 6.7)
Closest enemy to 6: (47.1, 6.7)
Closest enemy to 5: (32.9, 46.6)
Closest enemy to 4: (47.1, 6.7)
Closest enemy to 2: (47.1, 6.7)
Closest enemy to 0: (47.1, 6.7)
Closest enemy to 8: (47.1, 6.7)
Closest enemy to 6: (47.1, 6.7)
Closest enemy to 5: (30.9, 47.0)
Closest enemy to 4: (47.1, 6.7)
Closest enemy to 2: (47.1, 6.7)
Closest enemy to 0: (47.1, 6.7)
Closest enemy to 8: (47.1, 6.7)
Closest enemy to 6: (47.1, 6.7)
Closest enemy to 5: (28.9, 47.2)
Closest enemy to 4: (47.1, 6.7)
Closest enemy to 2: (47.1, 6.7)
Closest enemy to 0: (47.1, 6.7)
Closest enemy to 8: (47.1, 6.7)
Closest enemy to 6: (47.1, 6.7)
Closest enemy to 5: (26.9, 47.3)
Closest enemy to 4: (47.1, 6.7)
Closest enemy to 2: (47.1, 6.7)
Closest enemy to 0: (47.1, 6.7)
Closest enemy to 8: (47.1, 6.7)
Closest enemy to 6: (47.1, 6.7)
Closest enemy to 5: (24.9, 47.4)
Closest enemy to 4: (47.1, 6.7)
Closest enemy to 2: (47.1, 6.7)
Closest enemy to 0: (47.1, 6.7)
Closest enemy to 6: (47.1, 6.7)
Closest enemy to 5: (22.9, 47.4)
Closest enemy to 4: (47.1, 6.7)
Closest enemy to 2: (47.1, 6.7)
Closest enemy to 6: (47.1, 6.7)
Closest enemy to 5: (20.9, 47.4)
Closest enemy to 4: (47.1, 6.7)
Closest enemy to 2: (47.1, 6.7)
Closest enemy to 5: (18.9, 47.8)
Closest enemy to 4: (47.1, 6.7)
Closest enemy to 2: (47.1, 6.7)
Closest enemy to 5: (16.9, 48.0)
Closest enemy to 2: (47.1, 6.7)
Closest enemy to 5: (15.0, 48.1)
Closest enemy to 5: (17.1, 47.7)
Closest enemy to 5: (15.1, 47.9)
Closest enemy to 5: (13.1, 48.0)
Closest enemy to 5: (11.1, 48.1)
Closest enemy to 5: (9.1, 48.1)
Closest enemy to 5: (7.1, 48.1)
Closest enemy to 5: (5.1, 48.1)
Closest enemy to 5: (3.1, 48.1)
Closest enemy to 5: (1.1, 48.1)
Closest enemy to 5: (-0.9, 48.1)
Closest enemy to 5: (-2.9, 48.1)
Closest enemy to 5: (-4.9, 48.1)
Closest enemy to 5: (-6.9, 48.1)
Closest enemy to 5: (-8.9, 48.1)
Closest enemy to 5: (-10.9, 48.1)
Closest enemy to 5: (-12.9, 48.1)
Closest enemy to 5: (-14.9, 48.1)
Closest enemy to 5: (-16.9, 48.1)
Closest enemy to 5: (-18.9, 48.1)
Closest enemy to 5: (-20.9, 48.1)
Closest enemy to 5: (-22.9, 48.1)
Closest enemy to 5: (-24.9, 48.1)
Closest enemy to 5: (-26.9, 48.1)
Closest enemy to 5: (-28.9, 48.1)
Closest enemy to 5: (-30.9, 48.1)
Closest enemy to 5: (-32.9, 48.1)
Closest enemy to 5: (-34.9, 48.1)
Closest enemy to 5: (-36.9, 48.1)
Closest enemy to 5: (-38.9, 48.1)
Closest enemy to 5: (-40.9, 48.1)
Closest enemy to 5: (-42.8, 47.3)
Closest enemy to 5: (-44.5, 46.1)
Closest enemy to 5: (-45.7, 44.5)
Closest enemy to 5: (-46.5, 42.6)
Closest enemy to 5: (-46.8, 40.5)
Closest enemy to 5: (-46.6, 38.5)
Closest enemy to 5: (-46.6, 36.5)
Closest enemy to 5: (-46.6, 34.5)
Closest enemy to 5: (-46.6, 32.5)
Closest enemy to 5: (-47.0, 30.5)
Closest enemy to 5: (-47.1, 28.5)
Closest enemy to 5: (-47.3, 26.5)
Closest enemy to 5: (-47.4, 24.5)
Closest enemy to 5: (-47.4, 22.5)
Closest enemy to 5: (-47.4, 20.5)
Closest enemy to 5: (-47.7, 18.5)
Closest enemy to 5: (-47.9, 16.5)
Closest enemy to 5: (-48.1, 14.5)
Closest enemy to 5: (-48.1, 12.5)
Closest enemy to 5: (-48.2, 10.5)
Closest enemy to 5: (-48.1, 8.5)
Closest enemy to 5: (-48.1, 6.5)
Closest enemy to 5: (-48.1, 4.5)
Closest enemy to 5: (-48.1, 2.5)
Closest enemy to 5: (-48.1, 0.5)
Closest enemy to 5: (-48.1, -1.5)
Closest enemy to 5: (-48.1, -3.5)
Closest enemy to 5: (-48.1, -5.5)
Closest enemy to 5: (-48.1, -7.5)
Closest enemy to 5: (-48.1, -9.5)
Closest enemy to 5: (-48.1, -11.5)
Closest enemy to 5: (-48.1, -13.5)
Closest enemy to 5: (-48.1, -15.5)
Closest enemy to 5: (-48.1, -17.5)
Closest enemy to 5: (-48.1, -19.5)
Closest enemy to 5: (-48.1, -21.5)
Closest enemy to 5: (-48.1, -23.5)
Closest enemy to 5: (-48.1, -25.5)
Closest enemy to 5: (-48.1, -27.5)
Closest enemy to 5: (-48.1, -29.5)
Closest enemy to 5: (-48.1, -31.5)
Closest enemy to 5: (-48.1, -33.5)
Closest enemy to 5: (-48.1, -35.5)
Closest enemy to 5: (-48.1, -37.5)
Closest enemy to 5: (-48.1, -39.5)
Closest enemy to 5: (-47.4, -41.4)
Closest enemy to 5: (-46.1, -43.0)
Closest enemy to 5: (-44.5, -44.3)
Closest enemy to 5: (-42.6, -45.1)
Closest enemy to 5: (-40.5, -45.3)
Closest enemy to 5: (-40.5, -45.1)
Closest enemy to 5: (-38.5, -45.1)
Closest enemy to 5: (-36.5, -45.1)
Closest enemy to 5: (-34.5, -45.1)
Closest enemy to 5: (-30.5, -45.5)
Closest enemy to 5: (-28.5, -45.7)
Closest enemy to 5: (-26.5, -45.8)
Closest enemy to 5: (-24.5, -45.9)
Closest enemy to 5: (-22.5, -45.9)
Closest enemy to 5: (-22.5, -45.9)
Closest enemy to 5: (-18.6, -46.3)
Closest enemy to 5: (-16.6, -46.4)
Closest enemy to 5: (-14.6, -46.6)
Closest enemy to 5: (-12.6, -46.7)
Closest enemy to 5: (-10.6, -46.7)
Closest enemy to 5: (-10.6, -46.7)
Closest enemy to 5: (-6.6, -47.1)
Closest enemy to 5: (-4.6, -47.2)
Closest enemy to 5: (-2.6, -47.4)
Closest enemy to 5: (-0.6, -47.4)
Closest enemy to 5: (1.4, -47.5)
Closest enemy to 5: (1.4, -47.4)
Closest enemy to 5: (5.4, -47.8)
Closest enemy to 5: (7.4, -48.0)
Closest enemy to 5: (9.4, -48.1)
Closest enemy to 5: (11.4, -48.2)
Closest enemy to 5: (13.4, -48.3)
Closest enemy to 5: (13.4, -48.2)
Closest enemy to 5: (15.4, -48.2)
Closest enemy to 5: (17.4, -48.2)
Closest enemy to 5: (19.4, -48.2)
Closest enemy to 5: (21.4, -48.2)
Closest enemy to 5: (23.4, -48.2)
Closest enemy to 5: (25.4, -48.2)
Closest enemy to 5: (27.4, -48.2)
Closest enemy to 5: (29.4, -48.2)
Closest enemy to 5: (31.4, -48.2)
Closest enemy to 5: (33.4, -48.2)
Closest enemy to 5: (35.4, -48.2)
Closest enemy to 5: (37.4, -48.2)
Closest enemy to 5: (39.4, -48.2)
Closest enemy to 5: (43.3, -47.4)
Closest enemy to 5: (44.9, -46.2)
Closest enemy to 5: (46.2, -44.6)
Closest enemy to 5: (47.0, -42.7)
Closest enemy to 5: (47.3, -40.6)
Closest enemy to 5: (47.0, -38.6)
Closest enemy to 5: (47.0, -36.6)
Closest enemy to 5: (47.0, -34.6)
Closest enemy to 5: (47.0, -32.6)
Closest enemy to 5: (47.4, -30.6)
Closest enemy to 5: (47.6, -28.6)
Closest enemy to 5: (47.7, -26.6)
Closest enemy to 5: (47.8, -24.6)
Closest enemy to 5: (47.8, -22.6)
Closest enemy to 5: (47.8, -20.6)
Closest enemy to 5: (48.2, -18.6)
Closest enemy to 5: (48.4, -16.7)
Closest enemy to 5: (48.5, -14.7)
Closest enemy to 5: (48.6, -12.7)
Closest enemy to 5: (48.6, -10.7)
Closest enemy to 5: (48.6, -8.7)
Closest enemy to 5: (48.6, -6.7)
Closest enemy to 5: (46.2, -5.4)
Closest enemy to 5: (46.2, -5.4)
Closest enemy to 5: (46.2, -5.4)
Closest enemy to 5: (46.2, -5.4)
Closest enemy to 5: (46.2, -5.4)
Closest enemy to 5: (46.2, -5.4)
Closest enemy to 5: (46.2, -5.4)
Closest enemy to 5: (46.2, -5.4)
Closest enemy to 5: (46.2, -5.4)
Closest enemy to 5: (46.2, -5.4)
Closest enemy to 5: (46.2, -5.4)
Closest enemy to 5: (46.2, -5.4)
Closest enemy to 5: (46.2, -5.4)
Closest enemy to 5: (46.2, -5.4)
Closest enemy to 5: (46.2, -5.4)
Closest enemy to 5: (46.2, -5.4)
Closest enemy to 5: (46.2, -5.4)
Closest enemy to 5: (46.2, -5.4)
Closest enemy to 5: (46.2, -5.4)
Closest enemy to 5: (46.2, -5.4)
Closest enemy to 5: (46.2, -5.4)
Closest enemy to 5: (46.2, -5.4)
Closest enemy to 5: (46.2, -5.4)
Closest enemy to 5: (46.2, -5.4)
Closest enemy to 5: (47.1, -5.3)
Closest enemy to 5: (47.1, -5.3)
Closest enemy to 5: (47.1, -5.3)
Closest enemy to 5: (47.1, -5.3)
Closest enemy to 5: (47.1, -5.3)
Closest enemy to 5: (47.1, -5.3)
Closest enemy to 5: (47.1, -5.3)
Closest enemy to 5: (47.1, -5.3)
Closest enemy to 5: (47.1, -5.3)
Closest enemy to 5: (47.1, -5.3)
Closest enemy to 5: (47.1, -5.3)
Closest enemy to 5: (47.1, -5.3)
Closest enemy to 5: (47.1, -5.3)
Closest enemy to 5: (47.1, -5.3)
Closest enemy to 5: (47.1, -5.3)
Closest enemy to 5: (47.1, 6.7)
Closest enemy to 5: (47.1, 6.7)
Closest enemy to 5: (47.1, 6.7)
Closest enemy to 5: (47.1, 6.7)
Closest enemy to 5: (47.1, 6.7)
Closest enemy to 5: (47.1, 6.7)
Closest enemy to 5: (47.1, 6.7)
Closest enemy to 5: (47.1, 6.7)
Closest enemy to 5: (47.1, 6.7)
Closest enemy to 5: (47.1, 6.7)
Closest enemy to 5: (47.1, 6.7)
Closest enemy to 5: (47.1, 6.7)
Closest enemy to 5: (47.1, 6.7)
Closest enemy to 5: (47.1, 6.7)
Closest enemy to 5: (47.1, 6.7)
Closest enemy to 5: (47.1, 6.7)
Closest enemy to 5: (47.1, 6.7)
Closest enemy to 5: (47.1, 6.7)
Closest enemy to 5: (47.1, 6.7)
Closest enemy to 5: (47.1, 6.7)
Closest enemy to 5: (47.1, 6.7)
Closest enemy to 5: (47.1, 6.7)
Closest enemy to 5: (47.1, 6.7)
Closest enemy to 5: (47.1, 6.7)
Closest enemy to 5: (47.1, 6.7)
Closest enemy to 5: (47.1, 6.7)
Closest enemy to 5: (47.1, 6.7)
Closest enemy to 5: (47.1, 6.7)
Closest enemy to 5: (47.1, 6.7)
Closest enemy to 5: (47.1, 6.7)
Closest enemy to 5: (47.1, 6.7)
Closest enemy to 5: (47.1, 6.7)
Closest enemy to 5: (47.1, 6.7)
Closest enemy to 5: (47.1, 6.7)
Closest enemy to 5: (47.1, 6.7)
Closest enemy to 5: (47.1, 6.7)
Closest enemy to 5: (47.1, 6.7)
Closest enemy to 5: (47.1, 6.7)
Closest enemy to 5: (47.1, 6.7)
Closest enemy to 5: (47.1, 6.7)
Closest enemy to 5: (47.1, 6.7)
Closest enemy to 5: (47.1, 6.7)
Closest enemy to 5: (47.1, 6.7)
Closest enemy to 5: (47.1, 6.7)
Closest enemy to 5: (47.1, 6.7)
Closest enemy to 5: (47.1, 6.7)
Closest enemy to 5: (47.1, 6.7)
Closest enemy to 5: (47.1, 6.7)
Closest enemy to 5: (47.1, 6.7)
Closest enemy to 5: (47.1, 6.7)
Closest enemy to 5: (47.1, 6.7)
Closest enemy to 5: (47.1, 6.7)
Closest enemy to 5: (47.1, 6.7)
Closest enemy to 5: (47.1, 6.7)
Closest enemy to 5: (47.1, 6.7)
Closest enemy to 5: (47.1, 6.7)
Closest enemy to 5: (47.1, 6.7)
Closest enemy to 5: (47.1, 6.7)
Closest enemy to 5: (47.1, 6.7)
Closest enemy to 5: (47.1, 6.7)
Closest enemy to 5: (47.1, 6.7)
Closest enemy to 5: (47.1, 6.7)
Closest enemy to 5: (47.1, 6.7)
Closest enemy to 5: (47.1, 6.7)
Closest enemy to 5: (47.1, 6.7)
Closest enemy to 5: (47.1, 6.7)
Closest enemy to 5: (47.1, 6.7)
Closest enemy to 5: (47.1, 6.7)
Closest enemy to 5: (47.1, 6.7)
Closest enemy to 5: (47.1, 6.7)
Closest enemy to 5: (47.1, 6.7)
Closest enemy to 5: (47.1, 6.7)
Closest enemy to 5: (47.1, 6.7)
Closest enemy to 5: (47.1, 6.7)
Closest enemy to 5: (47.1, 6.7)
Closest enemy to 5: (47.1, 6.7)
Closest enemy to 5: (47.1, 6.7)
Closest enemy to 5: (47.1, -5.3)
Closest enemy to 5: (47.1, -5.3)
Closest enemy to 5: (47.1, -5.3)
Closest enemy to 5: (46.2, -5.4)
Closest enemy to 5: (46.2, -5.4)
Closest enemy to 5: (46.2, -5.4)
Closest enemy to 5: (46.2, -5.4)
Closest enemy to 5: (46.2, -5.4)
Closest enemy to 5: (46.2, -5.4)
Closest enemy to 5: (46.2, -5.4)
Closest enemy to 5: (46.2, -5.4)
Closest enemy to 5: (46.2, -5.4)
Closest enemy to 5: (46.2, -5.4)
Closest enemy to 5: (46.2, -5.4)
Closest enemy to 5: (46.2, -5.4)
Closest enemy to 5: (46.2, -5.4)
Closest enemy to 5: (46.2, -5.4)
Closest enemy to 5: (46.2, -5.4)
Closest enemy to 5: (46.2, -5.4)
Closest enemy to 5: (46.2, -5.4)
Closest enemy to 5: (46.2, -5.4)
Closest enemy to 5: (46.2, -5.4)
Closest enemy to 5: (46.2, -5.4)
Closest enemy to 5: (46.2, -5.4)
Closest enemy to 5: (46.2, -5.4)
Closest enemy to 5: (46.2, -5.4)
Closest enemy to 5: (47.1, 6.7)
Closest enemy to 5: (47.1, 6.7)
Closest enemy to 5: (47.1, 6.7)
Closest enemy to 5: (47.1, 6.7)
Closest enemy to 5: (47.1, 6.7)
Closest enemy to 5: (47.1, 6.7)
Closest enemy to 5: (47.1, 6.7)
Closest enemy to 5: (47.1, 6.7)
Closest enemy to 5: (47.1, 6.7)
Closest enemy to 5: (47.1, 6.7)
Closest enemy to 5: (47.1, 6.7)
Closest enemy to 5: (47.1, 6.7)
Closest enemy to 5: (47.1, 6.7)
Closest enemy to 5: (47.1, 6.7)
You lost!
Stats:
  - 0 remaining plane score
  - Spent 1000 points
  - Dealt 62 damage

---- ERRORS (stderr) ----

