---- OUTPUT (stdout) ----
Connecting to server on port 9002...
Connected to server on port 9002
Closest enemy to 7: (-8.7, 43.5)
Closest enemy to 8: (-8.7, 43.5)
Closest enemy to 9: (-8.7, 43.5)
Closest enemy to 10: (-6.2, 43.5)
Closest enemy to 11: (-3.7, 43.5)
Closest enemy to 12: (-1.2, 43.5)
Closest enemy to 13: (1.3, 42.5)
Closest enemy to 14: (3.8, 42.5)
Closest enemy to 15: (6.3, 43.0)
Closest enemy to 16: (6.3, 43.0)
Closest enemy to 7: (1.2, 40.0)
Closest enemy to 8: (1.2, 40.0)
Closest enemy to 9: (1.2, 40.0)
Closest enemy to 10: (1.2, 40.0)
Closest enemy to 11: (1.2, 40.0)
Closest enemy to 12: (1.2, 40.0)
Closest enemy to 13: (3.7, 40.0)
Closest enemy to 14: (3.7, 40.0)
Closest enemy to 15: (3.7, 40.0)
Closest enemy to 16: (3.7, 40.0)
Closest enemy to 7: (1.2, 37.5)
Closest enemy to 8: (1.2, 37.5)
Closest enemy to 9: (1.2, 37.5)
Closest enemy to 10: (1.2, 37.5)
Closest enemy to 11: (1.2, 37.5)
Closest enemy to 12: (1.2, 37.5)
Closest enemy to 13: (3.7, 37.5)
Closest enemy to 14: (3.7, 37.5)
Closest enemy to 15: (3.7, 37.5)
Closest enemy to 16: (3.7, 37.5)
Closest enemy to 7: (1.2, 35.0)
Closest enemy to 8: (1.2, 35.0)
Closest enemy to 9: (1.2, 35.0)
Closest enemy to 10: (1.2, 35.0)
Closest enemy to 11: (1.2, 35.0)
Closest enemy to 12: (1.2, 35.0)
Closest enemy to 13: (3.7, 35.0)
Closest enemy to 14: (3.7, 35.0)
Closest enemy to 15: (3.7, 35.0)
Closest enemy to 16: (3.7, 35.0)
Closest enemy to 7: (1.2, 32.5)
Closest enemy to 8: (1.2, 32.5)
Closest enemy to 9: (1.2, 32.5)
Closest enemy to 10: (1.2, 32.5)
Closest enemy to 11: (1.2, 32.5)
Closest enemy to 12: (1.2, 32.5)
Closest enemy to 13: (3.7, 32.5)
Closest enemy to 14: (3.7, 32.5)
Closest enemy to 15: (3.7, 32.5)
Closest enemy to 16: (3.7, 32.5)
Closest enemy to 7: (1.2, 30.0)
Closest enemy to 8: (1.2, 30.0)
Closest enemy to 9: (1.2, 30.0)
Closest enemy to 10: (1.2, 30.0)
Closest enemy to 11: (1.2, 30.0)
Closest enemy to 12: (1.2, 30.0)
Closest enemy to 13: (3.7, 30.0)
Closest enemy to 14: (3.7, 30.0)
Closest enemy to 15: (3.7, 30.0)
Closest enemy to 16: (3.7, 30.0)
Closest enemy to 7: (1.2, 27.5)
Closest enemy to 8: (1.2, 27.5)
Closest enemy to 9: (1.2, 27.5)
Closest enemy to 10: (1.2, 27.5)
Closest enemy to 11: (1.2, 27.5)
Closest enemy to 12: (1.2, 27.5)
Closest enemy to 13: (3.7, 27.5)
Closest enemy to 14: (3.7, 27.5)
Closest enemy to 15: (3.7, 27.5)
Closest enemy to 16: (3.7, 27.5)
Closest enemy to 7: (1.2, 25.0)
Closest enemy to 8: (1.2, 25.0)
Closest enemy to 9: (1.2, 25.0)
Closest enemy to 10: (1.2, 25.0)
Closest enemy to 11: (1.2, 25.0)
Closest enemy to 12: (1.2, 25.0)
Closest enemy to 13: (1.2, 25.0)
Closest enemy to 14: (3.7, 25.0)
Closest enemy to 15: (3.7, 25.0)
Closest enemy to 16: (3.7, 25.0)
Closest enemy to 7: (1.1, 22.5)
Closest enemy to 8: (1.1, 22.5)
Closest enemy to 9: (1.1, 22.5)
Closest enemy to 10: (1.1, 22.5)
Closest enemy to 11: (1.1, 22.5)
Closest enemy to 12: (1.1, 22.5)
Closest enemy to 13: (1.1, 22.5)
Closest enemy to 14: (3.7, 22.5)
Closest enemy to 15: (3.7, 22.5)
Closest enemy to 16: (3.7, 22.5)
Closest enemy to 7: (1.1, 20.0)
Closest enemy to 8: (1.1, 20.0)
Closest enemy to 9: (1.1, 20.0)
Closest enemy to 10: (1.1, 20.0)
Closest enemy to 11: (1.1, 20.0)
Closest enemy to 12: (1.1, 20.0)
Closest enemy to 13: (1.1, 20.0)
Closest enemy to 14: (3.7, 20.0)
Closest enemy to 15: (3.7, 20.0)
Closest enemy to 16: (3.7, 20.0)
Closest enemy to 7: (1.1, 17.5)
Closest enemy to 8: (1.1, 17.5)
Closest enemy to 9: (1.1, 17.5)
Closest enemy to 10: (1.1, 17.5)
Closest enemy to 11: (1.1, 17.5)
Closest enemy to 12: (3.7, 17.5)
Closest enemy to 13: (1.1, 17.5)
Closest enemy to 14: (3.7, 17.5)
Closest enemy to 15: (3.7, 17.5)
Closest enemy to 16: (3.7, 17.5)
Closest enemy to 7: (1.1, 15.0)
Closest enemy to 8: (1.1, 15.0)
Closest enemy to 9: (1.1, 15.0)
Closest enemy to 10: (1.1, 15.0)
Closest enemy to 11: (1.1, 15.0)
Closest enemy to 12: (3.6, 15.0)
Closest enemy to 13: (1.1, 15.0)
Closest enemy to 14: (3.6, 15.0)
Closest enemy to 15: (3.6, 15.0)
Closest enemy to 16: (3.6, 15.0)
Closest enemy to 7: (1.0, 12.5)
Closest enemy to 8: (1.0, 12.5)
Closest enemy to 9: (1.0, 12.5)
Closest enemy to 10: (1.0, 12.5)
Closest enemy to 11: (1.0, 12.5)
Closest enemy to 12: (3.6, 12.5)
Closest enemy to 13: (1.0, 12.5)
Closest enemy to 14: (3.6, 12.5)
Closest enemy to 15: (1.0, 12.5)
Closest enemy to 16: (3.6, 12.5)
Closest enemy to 7: (1.0, 10.0)
Closest enemy to 8: (1.0, 10.0)
Closest enemy to 9: (1.0, 10.0)
Closest enemy to 10: (3.6, 10.0)
Closest enemy to 11: (1.0, 10.0)
Closest enemy to 12: (3.6, 10.0)
Closest enemy to 13: (1.0, 10.0)
Closest enemy to 14: (3.6, 10.0)
Closest enemy to 15: (1.0, 10.0)
Closest enemy to 16: (3.6, 10.0)
Closest enemy to 7: (1.0, 7.5)
Closest enemy to 8: (1.0, 7.5)
Closest enemy to 9: (1.0, 7.5)
Closest enemy to 10: (3.6, 7.5)
Closest enemy to 11: (1.0, 7.5)
Closest enemy to 12: (3.6, 7.5)
Closest enemy to 13: (1.0, 7.5)
Closest enemy to 14: (3.6, 7.5)
Closest enemy to 15: (1.0, 7.5)
Closest enemy to 16: (3.6, 7.5)
Closest enemy to 7: (1.0, 5.0)
Closest enemy to 8: (1.0, 5.0)
Closest enemy to 9: (1.0, 5.0)
Closest enemy to 10: (3.6, 5.0)
Closest enemy to 11: (1.0, 5.0)
Closest enemy to 12: (3.6, 5.0)
Closest enemy to 13: (1.0, 5.0)
Closest enemy to 14: (3.6, 5.0)
Closest enemy to 15: (1.0, 5.0)
Closest enemy to 16: (3.6, 5.0)
Closest enemy to 7: (0.9, 2.5)
Closest enemy to 8: (0.9, 2.5)
Closest enemy to 9: (0.9, 2.5)
Closest enemy to 10: (3.7, 2.5)
Closest enemy to 11: (0.9, 2.5)
Closest enemy to 12: (3.7, 2.5)
Closest enemy to 13: (0.9, 2.5)
Closest enemy to 14: (3.7, 2.5)
Closest enemy to 15: (0.9, 2.5)
Closest enemy to 16: (3.7, 2.5)
Closest enemy to 7: (0.8, 0.0)
Closest enemy to 8: (3.8, 0.0)
Closest enemy to 9: (0.8, 0.0)
Closest enemy to 10: (3.8, 0.0)
Closest enemy to 11: (0.8, 0.0)
Closest enemy to 12: (3.8, 0.0)
Closest enemy to 13: (0.8, 0.0)
Closest enemy to 14: (3.8, 0.0)
Closest enemy to 15: (0.8, 0.0)
Closest enemy to 16: (3.8, 0.0)
Closest enemy to 7: (0.7, -2.5)
Closest enemy to 8: (4.0, -2.5)
Closest enemy to 9: (0.7, -2.5)
Closest enemy to 10: (4.0, -2.5)
Closest enemy to 11: (0.7, -2.5)
Closest enemy to 12: (4.0, -2.5)
Closest enemy to 13: (0.7, -2.5)
Closest enemy to 14: (4.0, -2.5)
Closest enemy to 15: (0.7, -2.5)
Closest enemy to 16: (4.0, -2.5)
Closest enemy to 7: (0.6, -5.0)
Closest enemy to 8: (4.2, -5.0)
Closest enemy to 9: (0.6, -5.0)
Closest enemy to 10: (4.2, -5.0)
Closest enemy to 11: (0.6, -5.0)
Closest enemy to 12: (4.2, -5.0)
Closest enemy to 13: (0.6, -5.0)
Closest enemy to 14: (4.2, -5.0)
Closest enemy to 15: (0.6, -5.0)
Closest enemy to 16: (4.2, -5.0)
Closest enemy to 7: (0.7, -7.5)
Closest enemy to 8: (4.3, -7.5)
Closest enemy to 9: (0.7, -7.5)
Closest enemy to 10: (4.3, -7.5)
Closest enemy to 11: (0.7, -7.5)
Closest enemy to 12: (4.3, -7.5)
Closest enemy to 13: (0.7, -7.5)
Closest enemy to 14: (4.3, -7.5)
Closest enemy to 15: (0.7, -7.5)
Closest enemy to 16: (4.3, -7.5)
Closest enemy to 7: (1.0, -10.0)
Closest enemy to 8: (4.6, -10.0)
Closest enemy to 9: (1.0, -10.0)
Closest enemy to 10: (4.6, -10.0)
Closest enemy to 11: (1.0, -10.0)
Closest enemy to 12: (4.6, -10.0)
Closest enemy to 13: (1.0, -10.0)
Closest enemy to 14: (4.6, -10.0)
Closest enemy to 15: (1.0, -10.0)
Closest enemy to 16: (4.6, -10.0)
Closest enemy to 7: (1.4, -12.4)
Closest enemy to 8: (4.9, -12.4)
Closest enemy to 9: (1.4, -12.4)
Closest enemy to 10: (4.9, -12.4)
Closest enemy to 11: (1.4, -12.4)
Closest enemy to 12: (4.9, -12.4)
Closest enemy to 13: (1.4, -12.4)
Closest enemy to 14: (4.9, -12.4)
Closest enemy to 15: (1.4, -12.4)
Closest enemy to 16: (4.9, -12.4)
Closest enemy to 7: (2.1, -14.9)
Closest enemy to 8: (5.4, -14.9)
Closest enemy to 9: (2.1, -14.9)
Closest enemy to 10: (5.4, -14.9)
Closest enemy to 11: (2.1, -14.9)
Closest enemy to 12: (5.4, -14.9)
Closest enemy to 13: (2.1, -14.9)
Closest enemy to 14: (5.4, -14.9)
Closest enemy to 15: (2.1, -14.9)
Closest enemy to 16: (5.4, -14.9)
Closest enemy to 7: (3.1, -17.2)
Closest enemy to 8: (6.2, -17.3)
Closest enemy to 9: (3.1, -17.2)
Closest enemy to 10: (6.2, -17.3)
Closest enemy to 11: (3.1, -17.2)
Closest enemy to 12: (6.2, -17.3)
Closest enemy to 13: (3.1, -17.2)
Closest enemy to 14: (6.2, -17.3)
Closest enemy to 15: (3.1, -17.2)
Closest enemy to 16: (6.2, -17.3)
Closest enemy to 7: (-8.7, 6.0)
Closest enemy to 8: (7.3, -19.5)
Closest enemy to 9: (4.5, -19.3)
Closest enemy to 10: (7.3, -19.5)
Closest enemy to 11: (4.5, -19.3)
Closest enemy to 12: (7.3, -19.5)
Closest enemy to 13: (4.5, -19.3)
Closest enemy to 14: (7.3, -19.5)
Closest enemy to 15: (4.5, -19.3)
Closest enemy to 16: (7.3, -19.5)
Closest enemy to 7: (-8.7, 4.5)
Closest enemy to 8: (9.0, -21.5)
Closest enemy to 9: (-8.7, 4.5)
Closest enemy to 10: (9.0, -21.5)
Closest enemy to 11: (6.3, -21.1)
Closest enemy to 12: (9.0, -21.5)
Closest enemy to 13: (6.3, -21.1)
Closest enemy to 14: (9.0, -21.5)
Closest enemy to 15: (6.3, -21.1)
Closest enemy to 16: (9.0, -21.5)
Closest enemy to 7: (-8.7, 3.0)
Closest enemy to 8: (11.2, -22.9)
Closest enemy to 9: (-8.7, 3.0)
Closest enemy to 10: (11.2, -22.9)
Closest enemy to 11: (-8.7, 3.0)
Closest enemy to 12: (11.2, -22.9)
Closest enemy to 13: (-8.7, 3.0)
Closest enemy to 14: (11.2, -22.9)
Closest enemy to 15: (8.5, -22.3)
Closest enemy to 16: (9.5, -10.6)
Closest enemy to 7: (-8.7, 1.5)
Closest enemy to 8: (13.6, -23.7)
Closest enemy to 9: (-8.7, 1.5)
Closest enemy to 10: (13.6, -23.7)
Closest enemy to 11: (-8.7, 1.5)
Closest enemy to 12: (13.6, -23.7)
Closest enemy to 13: (-8.7, 1.5)
Closest enemy to 14: (13.6, -23.7)
Closest enemy to 15: (-8.7, 1.5)
Closest enemy to 16: (10.5, -12.4)
Closest enemy to 7: (-8.7, 0.0)
Closest enemy to 8: (16.2, -23.8)
Closest enemy to 9: (-8.7, 0.0)
Closest enemy to 10: (11.8, -13.9)
Closest enemy to 11: (-8.7, 0.0)
Closest enemy to 12: (16.2, -23.8)
Closest enemy to 13: (-8.7, 0.0)
Closest enemy to 14: (16.2, -23.8)
Closest enemy to 15: (-8.7, 0.0)
Closest enemy to 16: (11.8, -13.9)
Closest enemy to 7: (-8.7, -1.5)
Closest enemy to 8: (12.8, -15.6)
Closest enemy to 9: (-8.7, -1.5)
Closest enemy to 10: (12.8, -15.6)
Closest enemy to 11: (-8.7, -1.5)
Closest enemy to 12: (18.7, -23.2)
Closest enemy to 13: (-8.7, -1.5)
Closest enemy to 14: (18.7, -23.2)
Closest enemy to 15: (-8.7, -1.5)
Closest enemy to 16: (12.8, -15.6)
Closest enemy to 7: (-8.7, -3.0)
Closest enemy to 9: (-8.7, -3.0)
Closest enemy to 10: (12.8, -15.6)
Closest enemy to 11: (-8.7, -3.0)
Closest enemy to 12: (21.0, -22.1)
Closest enemy to 13: (-8.7, -3.0)
Closest enemy to 14: (21.0, -22.1)
Closest enemy to 15: (-8.7, -3.0)
Closest enemy to 16: (12.8, -15.6)
Closest enemy to 7: (-8.7, -4.5)
Closest enemy to 9: (-8.7, -4.5)
Closest enemy to 10: (12.8, -15.6)
Closest enemy to 11: (-8.7, -4.5)
Closest enemy to 12: (20.0, -19.0)
Closest enemy to 13: (-8.7, -4.5)
Closest enemy to 14: (22.9, -20.3)
Closest enemy to 15: (-8.7, -4.5)
Closest enemy to 16: (12.8, -15.6)
Closest enemy to 7: (-8.7, -6.0)
Closest enemy to 9: (-8.7, -6.0)
Closest enemy to 10: (12.8, -15.6)
Closest enemy to 11: (-8.7, -6.0)
Closest enemy to 12: (21.5, -16.9)
Closest enemy to 13: (-8.7, -6.0)
Closest enemy to 14: (21.5, -16.9)
Closest enemy to 15: (-8.7, -6.0)
Closest enemy to 16: (12.8, -15.6)
Closest enemy to 7: (-8.7, -7.5)
Closest enemy to 9: (-8.7, -7.5)
Closest enemy to 10: (12.8, -15.6)
Closest enemy to 11: (-8.7, -7.5)
Closest enemy to 12: (22.3, -14.5)
Closest enemy to 13: (-8.7, -7.5)
Closest enemy to 14: (22.3, -14.5)
Closest enemy to 15: (-8.7, -7.5)
Closest enemy to 16: (12.8, -15.6)
Closest enemy to 7: (-8.7, -9.0)
Closest enemy to 9: (-8.7, -9.0)
Closest enemy to 10: (12.8, -15.6)
Closest enemy to 11: (-8.7, -9.0)
Closest enemy to 12: (22.5, -11.9)
Closest enemy to 13: (-8.7, -9.0)
Closest enemy to 14: (22.5, -11.9)
Closest enemy to 15: (-8.7, -9.0)
Closest enemy to 16: (12.8, -15.6)
Closest enemy to 7: (-8.7, -10.5)
Closest enemy to 9: (-8.7, -10.5)
Closest enemy to 10: (12.8, -15.6)
Closest enemy to 11: (-8.7, -10.5)
Closest enemy to 12: (22.0, -9.4)
Closest enemy to 13: (-8.7, -10.5)
Closest enemy to 14: (22.0, -9.4)
Closest enemy to 15: (-8.7, -10.5)
Closest enemy to 16: (12.8, -15.6)
Closest enemy to 7: (-8.7, -12.0)
Closest enemy to 9: (-8.7, -12.0)
Closest enemy to 10: (12.8, -15.6)
Closest enemy to 11: (-8.7, -12.0)
Closest enemy to 12: (20.8, -7.1)
Closest enemy to 13: (-8.7, -12.0)
Closest enemy to 14: (20.8, -7.1)
Closest enemy to 15: (-8.7, -12.0)
Closest enemy to 16: (12.8, -15.6)
Closest enemy to 7: (-8.7, -13.5)
Closest enemy to 9: (-8.7, -13.5)
Closest enemy to 10: (-1.2, -13.5)
Closest enemy to 11: (-8.7, -13.5)
Closest enemy to 12: (19.1, -5.1)
Closest enemy to 13: (-8.7, -13.5)
Closest enemy to 14: (19.1, -5.1)
Closest enemy to 15: (-8.7, -13.5)
Closest enemy to 16: (12.8, -15.6)
Closest enemy to 7: (-8.7, -15.0)
Closest enemy to 9: (-8.7, -15.0)
Closest enemy to 10: (-1.2, -15.0)
Closest enemy to 11: (-8.7, -15.0)
Closest enemy to 12: (17.0, -3.7)
Closest enemy to 13: (-6.2, -15.0)
Closest enemy to 14: (17.0, -3.7)
Closest enemy to 15: (-8.7, -15.0)
Closest enemy to 16: (12.8, -15.6)
Closest enemy to 7: (-8.7, -16.5)
Closest enemy to 9: (-8.7, -16.5)
Closest enemy to 10: (-1.2, -16.5)
Closest enemy to 11: (-8.7, -16.5)
Closest enemy to 12: (14.5, -2.9)
Closest enemy to 13: (-6.2, -16.5)
Closest enemy to 14: (14.5, -2.9)
Closest enemy to 15: (-6.2, -16.5)
Closest enemy to 16: (12.8, -15.6)
Closest enemy to 7: (-8.7, -18.0)
Closest enemy to 9: (-8.7, -18.0)
Closest enemy to 10: (-1.2, -18.0)
Closest enemy to 11: (-8.7, -18.0)
Closest enemy to 12: (11.9, -2.7)
Closest enemy to 13: (-3.7, -18.0)
Closest enemy to 14: (11.9, -2.7)
Closest enemy to 15: (-6.2, -18.0)
Closest enemy to 16: (12.8, -15.6)
Closest enemy to 7: (-8.7, -19.5)
Closest enemy to 9: (-8.7, -19.5)
Closest enemy to 10: (-1.2, -19.5)
Closest enemy to 11: (-8.7, -19.5)
Closest enemy to 13: (-3.7, -19.5)
Closest enemy to 14: (12.1, -4.7)
Closest enemy to 15: (-3.7, -19.5)
Closest enemy to 16: (12.8, -15.6)
Closest enemy to 7: (-8.7, -21.0)
Closest enemy to 9: (-8.7, -21.0)
Closest enemy to 10: (-1.2, -21.0)
Closest enemy to 11: (-8.7, -21.0)
Closest enemy to 13: (-1.2, -21.0)
Closest enemy to 14: (9.8, -5.8)
Closest enemy to 15: (-3.7, -21.0)
Closest enemy to 16: (12.8, -15.6)
Closest enemy to 7: (-8.7, -22.5)
Closest enemy to 9: (-8.7, -22.5)
Closest enemy to 10: (-1.2, -22.5)
Closest enemy to 11: (-6.2, -22.5)
Closest enemy to 13: (-1.2, -22.5)
Closest enemy to 15: (-1.2, -22.5)
Closest enemy to 16: (12.8, -15.6)
Closest enemy to 7: (-8.7, -24.0)
Closest enemy to 9: (-8.7, -24.0)
Closest enemy to 10: (-1.2, -24.0)
Closest enemy to 11: (-6.2, -24.0)
Closest enemy to 13: (-1.2, -24.0)
Closest enemy to 15: (-1.2, -24.0)
Closest enemy to 16: (12.8, -15.6)
Closest enemy to 7: (-8.7, -25.5)
Closest enemy to 9: (-8.7, -25.5)
Closest enemy to 10: (-3.7, -25.5)
Closest enemy to 11: (-6.2, -25.5)
Closest enemy to 13: (-1.2, -25.5)
Closest enemy to 15: (-1.2, -25.5)
Closest enemy to 16: (12.8, -15.6)
Closest enemy to 7: (-8.7, -27.0)
Closest enemy to 9: (-8.7, -27.0)
Closest enemy to 10: (-3.7, -27.0)
Closest enemy to 11: (-6.2, -27.0)
Closest enemy to 13: (-1.2, -27.0)
Closest enemy to 15: (-1.2, -27.0)
Closest enemy to 16: (12.8, -15.6)
Closest enemy to 7: (-8.7, -28.5)
Closest enemy to 9: (-8.7, -28.5)
Closest enemy to 10: (-3.7, -28.5)
Closest enemy to 11: (-6.2, -28.5)
Closest enemy to 13: (-1.2, -28.5)
Closest enemy to 15: (-1.2, -28.5)
Closest enemy to 16: (12.8, -15.6)
Closest enemy to 7: (-8.7, -30.0)
Closest enemy to 9: (-8.7, -30.0)
Closest enemy to 10: (-3.7, -28.5)
Closest enemy to 11: (-3.7, -28.5)
Closest enemy to 13: (-3.7, -28.5)
Closest enemy to 15: (-3.7, -28.5)
Closest enemy to 16: (12.8, -15.6)
Closest enemy to 7: (-8.7, -31.5)
Closest enemy to 9: (-8.7, -31.5)
Closest enemy to 10: (-3.7, -28.5)
Closest enemy to 11: (-3.7, -28.5)
Closest enemy to 13: (-3.7, -28.5)
Closest enemy to 15: (-3.7, -28.5)
Closest enemy to 16: (12.8, -15.6)
Closest enemy to 7: (-3.7, -28.5)
Closest enemy to 9: (-8.7, -33.0)
Closest enemy to 10: (-3.7, -28.5)
Closest enemy to 11: (-3.7, -28.5)
Closest enemy to 13: (-3.7, -28.5)
Closest enemy to 15: (-3.7, -28.5)
Closest enemy to 16: (12.8, -15.6)
Closest enemy to 7: (-3.7, -28.5)
Closest enemy to 9: (-8.7, -34.5)
Closest enemy to 10: (-3.7, -28.5)
Closest enemy to 11: (-3.7, -28.5)
Closest enemy to 13: (-3.7, -28.5)
Closest enemy to 15: (-3.7, -28.5)
Closest enemy to 16: (12.8, -15.6)
Closest enemy to 7: (-3.7, -28.5)
Closest enemy to 9: (-8.7, -36.0)
Closest enemy to 10: (-3.7, -28.5)
Closest enemy to 11: (-3.7, -28.5)
Closest enemy to 13: (-3.7, -28.5)
Closest enemy to 15: (-3.7, -28.5)
Closest enemy to 16: (12.8, -15.6)
Closest enemy to 7: (-3.7, -28.5)
Closest enemy to 9: (-8.7, -37.5)
Closest enemy to 10: (-1.2, -37.5)
Closest enemy to 11: (-3.7, -28.5)
Closest enemy to 13: (-3.7, -28.5)
Closest enemy to 15: (-3.7, -28.5)
Closest enemy to 16: (12.8, -15.6)
Closest enemy to 7: (-3.7, -28.5)
Closest enemy to 9: (-8.7, -39.0)
Closest enemy to 10: (-1.2, -39.0)
Closest enemy to 11: (-3.7, -28.5)
Closest enemy to 13: (-3.7, -28.5)
Closest enemy to 15: (-3.7, -28.5)
Closest enemy to 16: (12.8, -15.6)
Closest enemy to 7: (-3.7, -28.5)
Closest enemy to 9: (-8.7, -40.5)
Closest enemy to 10: (-1.2, -40.5)
Closest enemy to 11: (-3.7, -28.5)
Closest enemy to 13: (-3.7, -28.5)
Closest enemy to 15: (-3.7, -28.5)
Closest enemy to 16: (12.8, -15.6)
Closest enemy to 7: (-3.7, -28.5)
Closest enemy to 9: (-9.1, -42.0)
Closest enemy to 10: (-1.6, -42.0)
Closest enemy to 11: (-3.7, -28.5)
Closest enemy to 13: (-3.7, -28.5)
Closest enemy to 15: (-3.7, -28.5)
Closest enemy to 16: (12.8, -15.6)
Closest enemy to 7: (-3.7, -28.5)
Closest enemy to 9: (-9.8, -43.3)
Closest enemy to 10: (-2.3, -43.3)
Closest enemy to 11: (-3.7, -28.5)
Closest enemy to 13: (-3.7, -28.5)
Closest enemy to 15: (-3.7, -28.5)
Closest enemy to 16: (12.8, -15.6)
Closest enemy to 7: (-3.7, -28.5)
Closest enemy to 9: (-10.7, -44.6)
Closest enemy to 10: (-3.2, -44.6)
Closest enemy to 11: (-3.7, -28.5)
Closest enemy to 13: (-3.7, -28.5)
Closest enemy to 15: (-3.7, -28.5)
Closest enemy to 16: (12.8, -15.6)
Closest enemy to 7: (-3.7, -28.5)
Closest enemy to 9: (-9.2, -45.7)
Closest enemy to 10: (-3.2, -44.6)
Closest enemy to 11: (-3.7, -28.5)
Closest enemy to 13: (-3.7, -28.5)
Closest enemy to 15: (-3.7, -28.5)
Closest enemy to 16: (12.8, -15.6)
Closest enemy to 7: (-3.7, -28.5)
Closest enemy to 9: (-10.5, -46.5)
Closest enemy to 10: (-3.2, -44.6)
Closest enemy to 11: (-3.7, -28.5)
Closest enemy to 13: (-3.7, -28.5)
Closest enemy to 15: (-3.7, -28.5)
Closest enemy to 16: (12.8, -15.6)
Closest enemy to 7: (-3.7, -28.5)
Closest enemy to 9: (-11.8, -47.2)
Closest enemy to 10: (-3.2, -44.6)
Closest enemy to 11: (-3.7, -28.5)
Closest enemy to 13: (-3.7, -28.5)
Closest enemy to 15: (-3.7, -28.5)
Closest enemy to 16: (12.8, -15.6)
Closest enemy to 7: (-3.7, -28.5)
Closest enemy to 9: (-13.3, -47.6)
Closest enemy to 10: (-3.2, -44.6)
Closest enemy to 11: (-3.7, -28.5)
Closest enemy to 13: (-3.7, -28.5)
Closest enemy to 15: (-13.3, -47.6)
Closest enemy to 16: (12.8, -15.6)
Closest enemy to 7: (-3.7, -28.5)
Closest enemy to 9: (-14.8, -47.7)
Closest enemy to 10: (-3.2, -44.6)
Closest enemy to 11: (12.8, -15.6)
Closest enemy to 13: (-17.3, -47.7)
Closest enemy to 15: (-14.8, -47.7)
Closest enemy to 16: (11.9, -2.7)
Closest enemy to 7: (-3.7, -28.5)
Closest enemy to 9: (-16.3, -47.6)
Closest enemy to 10: (-3.2, -44.6)
Closest enemy to 11: (12.8, -15.6)
Closest enemy to 13: (-18.8, -47.6)
Closest enemy to 15: (-16.3, -47.6)
Closest enemy to 16: (11.9, -2.7)
Closest enemy to 7: (-3.7, -28.5)
Closest enemy to 9: (-17.8, -47.2)
Closest enemy to 10: (-3.2, -44.6)
Closest enemy to 11: (12.8, -15.6)
Closest enemy to 13: (-20.3, -47.2)
Closest enemy to 15: (-17.8, -47.2)
Closest enemy to 16: (11.9, -2.7)
Closest enemy to 7: (-3.7, -28.5)
Closest enemy to 9: (-19.2, -46.6)
Closest enemy to 11: (12.8, -15.6)
Closest enemy to 13: (-21.7, -46.6)
Closest enemy to 15: (-19.2, -46.6)
Closest enemy to 16: (11.9, -2.7)
Closest enemy to 7: (-3.7, -28.5)
Closest enemy to 9: (-20.4, -45.7)
Closest enemy to 11: (12.8, -15.6)
Closest enemy to 13: (-22.9, -45.7)
Closest enemy to 15: (-20.4, -45.7)
Closest enemy to 16: (11.9, -2.7)
Closest enemy to 7: (-3.7, -28.5)
Closest enemy to 9: (-21.5, -44.6)
Closest enemy to 11: (12.8, -15.6)
Closest enemy to 13: (-24.0, -44.6)
Closest enemy to 15: (-21.5, -44.6)
Closest enemy to 16: (11.9, -2.7)
Closest enemy to 7: (-3.7, -28.5)
Closest enemy to 9: (-22.4, -43.4)
Closest enemy to 11: (12.8, -15.6)
Closest enemy to 13: (-24.9, -43.4)
Closest enemy to 15: (-24.9, -43.4)
Closest enemy to 16: (11.9, -2.7)
Closest enemy to 7: (12.8, -15.6)
Closest enemy to 9: (-23.0, -42.0)
Closest enemy to 11: (12.8, -15.6)
Closest enemy to 13: (-25.5, -42.0)
Closest enemy to 15: (-25.5, -42.0)
Closest enemy to 16: (11.9, -2.7)
Closest enemy to 7: (12.8, -15.6)
Closest enemy to 9: (-23.4, -40.5)
Closest enemy to 11: (12.8, -15.6)
Closest enemy to 13: (-25.9, -40.5)
Closest enemy to 15: (-25.9, -40.5)
Closest enemy to 16: (11.9, -2.7)
Closest enemy to 7: (12.8, -15.6)
Closest enemy to 9: (-23.6, -39.0)
Closest enemy to 11: (12.8, -15.6)
Closest enemy to 13: (-26.1, -39.0)
Closest enemy to 15: (-26.1, -39.0)
Closest enemy to 16: (11.9, -2.7)
Closest enemy to 7: (12.8, -15.6)
Closest enemy to 9: (-23.4, -37.5)
Closest enemy to 11: (12.8, -15.6)
Closest enemy to 13: (-25.9, -37.5)
Closest enemy to 15: (-25.9, -37.5)
Closest enemy to 16: (11.9, -2.7)
Closest enemy to 7: (12.8, -15.6)
Closest enemy to 9: (-25.5, -36.0)
Closest enemy to 11: (12.8, -15.6)
Closest enemy to 13: (-25.5, -36.0)
Closest enemy to 15: (-25.5, -36.0)
Closest enemy to 16: (11.9, -2.7)
Closest enemy to 7: (12.8, -15.6)
Closest enemy to 9: (-25.3, -34.6)
Closest enemy to 11: (12.8, -15.6)
Closest enemy to 13: (-25.3, -34.6)
Closest enemy to 15: (-25.3, -34.6)
Closest enemy to 16: (11.9, -2.7)
Closest enemy to 7: (12.8, -15.6)
Closest enemy to 9: (-25.0, -33.1)
Closest enemy to 11: (12.8, -15.6)
Closest enemy to 13: (-25.0, -33.1)
Closest enemy to 15: (-25.0, -33.1)
Closest enemy to 16: (11.9, -2.7)
Closest enemy to 7: (12.8, -15.6)
Closest enemy to 9: (-24.8, -31.6)
Closest enemy to 11: (12.8, -15.6)
Closest enemy to 13: (-24.8, -31.6)
Closest enemy to 15: (-24.8, -31.6)
Closest enemy to 16: (11.9, -2.7)
Closest enemy to 7: (12.8, -15.6)
Closest enemy to 9: (-24.5, -30.1)
Closest enemy to 11: (12.8, -15.6)
Closest enemy to 13: (-24.5, -30.1)
Closest enemy to 15: (-24.5, -30.1)
Closest enemy to 16: (11.9, -2.7)
Closest enemy to 7: (12.8, -15.6)
Closest enemy to 9: (-24.2, -28.6)
Closest enemy to 11: (12.8, -15.6)
Closest enemy to 13: (-24.2, -28.6)
Closest enemy to 15: (-24.2, -28.6)
Closest enemy to 16: (11.9, -2.7)
Closest enemy to 7: (12.8, -15.6)
Closest enemy to 9: (-24.0, -27.2)
Closest enemy to 11: (12.8, -15.6)
Closest enemy to 13: (-24.0, -27.2)
Closest enemy to 15: (-24.0, -27.2)
Closest enemy to 16: (11.9, -2.7)
Closest enemy to 7: (12.8, -15.6)
Closest enemy to 9: (-23.7, -25.7)
Closest enemy to 11: (12.8, -15.6)
Closest enemy to 13: (-23.7, -25.7)
Closest enemy to 15: (-23.7, -25.7)
Closest enemy to 16: (11.9, -2.7)
Closest enemy to 7: (12.8, -15.6)
Closest enemy to 9: (-23.5, -24.2)
Closest enemy to 11: (11.9, -2.7)
Closest enemy to 13: (-23.5, -24.2)
Closest enemy to 15: (-23.5, -24.2)
Closest enemy to 16: (11.9, -2.7)
Closest enemy to 7: (12.8, -15.6)
Closest enemy to 9: (-23.2, -22.7)
Closest enemy to 11: (11.9, -2.7)
Closest enemy to 13: (-23.2, -22.7)
Closest enemy to 15: (-23.2, -22.7)
Closest enemy to 16: (11.9, -2.7)
Closest enemy to 7: (12.8, -15.6)
Closest enemy to 9: (-22.9, -21.3)
Closest enemy to 11: (11.9, -2.7)
Closest enemy to 13: (-22.9, -21.3)
Closest enemy to 15: (-22.9, -21.3)
Closest enemy to 16: (11.9, -2.7)
Closest enemy to 7: (12.8, -15.6)
Closest enemy to 9: (-22.7, -19.8)
Closest enemy to 11: (11.9, -2.7)
Closest enemy to 13: (-22.7, -19.8)
Closest enemy to 15: (-22.7, -19.8)
Closest enemy to 16: (11.9, -2.7)
Closest enemy to 7: (12.8, -15.6)
Closest enemy to 9: (-22.4, -18.3)
Closest enemy to 11: (11.9, -2.7)
Closest enemy to 13: (-22.4, -18.3)
Closest enemy to 15: (-22.4, -18.3)
Closest enemy to 16: (11.9, -2.7)
Closest enemy to 7: (12.8, -15.6)
Closest enemy to 9: (-22.2, -16.8)
Closest enemy to 11: (11.9, -2.7)
Closest enemy to 13: (-22.2, -16.8)
Closest enemy to 15: (-22.2, -16.8)
Closest enemy to 16: (11.9, -2.7)
Closest enemy to 7: (12.8, -15.6)
Closest enemy to 9: (-21.9, -15.3)
Closest enemy to 11: (11.9, -2.7)
Closest enemy to 13: (-21.9, -15.3)
Closest enemy to 15: (-21.9, -15.3)
Closest enemy to 16: (11.9, -2.7)
Closest enemy to 7: (12.8, -15.6)
Closest enemy to 9: (-21.6, -13.9)
Closest enemy to 11: (11.9, -2.7)
Closest enemy to 13: (-21.6, -13.9)
Closest enemy to 15: (-21.6, -13.9)
Closest enemy to 16: (11.9, -2.7)
Closest enemy to 7: (12.8, -15.6)
Closest enemy to 9: (-21.4, -12.4)
Closest enemy to 11: (11.9, -2.7)
Closest enemy to 13: (-21.4, -12.4)
Closest enemy to 15: (-21.4, -12.4)
Closest enemy to 16: (11.9, -2.7)
Closest enemy to 7: (12.8, -15.6)
Closest enemy to 9: (-21.1, -10.9)
Closest enemy to 11: (11.9, -2.7)
Closest enemy to 13: (-21.1, -10.9)
Closest enemy to 15: (-21.1, -10.9)
Closest enemy to 16: (11.9, -2.7)
Closest enemy to 7: (12.8, -15.6)
Closest enemy to 9: (-20.9, -9.4)
Closest enemy to 11: (11.9, -2.7)
Closest enemy to 13: (-20.9, -9.4)
Closest enemy to 15: (-20.9, -9.4)
Closest enemy to 16: (11.9, -2.7)
Closest enemy to 7: (12.8, -15.6)
Closest enemy to 9: (-20.6, -8.0)
Closest enemy to 11: (11.9, -2.7)
Closest enemy to 13: (-20.6, -8.0)
Closest enemy to 15: (-20.6, -8.0)
Closest enemy to 16: (11.9, -2.7)
Closest enemy to 7: (12.8, -15.6)
Closest enemy to 9: (-20.3, -6.5)
Closest enemy to 11: (11.9, -2.7)
Closest enemy to 13: (-20.3, -6.5)
Closest enemy to 15: (-20.3, -6.5)
Closest enemy to 16: (11.9, -2.7)
Closest enemy to 7: (12.8, -15.6)
Closest enemy to 9: (-20.1, -5.0)
Closest enemy to 11: (11.9, -2.7)
Closest enemy to 13: (-20.1, -5.0)
Closest enemy to 15: (-20.1, -5.0)
Closest enemy to 16: (11.9, -2.7)
Closest enemy to 7: (12.8, -15.6)
Closest enemy to 9: (-19.8, -3.5)
Closest enemy to 11: (11.9, -2.7)
Closest enemy to 13: (-19.8, -3.5)
Closest enemy to 15: (-19.8, -3.5)
Closest enemy to 16: (11.9, -2.7)
Closest enemy to 7: (12.8, -15.6)
Closest enemy to 9: (-19.6, -2.1)
Closest enemy to 11: (11.9, -2.7)
Closest enemy to 13: (-19.6, -2.1)
Closest enemy to 15: (-19.6, -2.1)
Closest enemy to 16: (11.9, -2.7)
Closest enemy to 7: (12.8, -15.6)
Closest enemy to 9: (-19.3, -0.6)
Closest enemy to 11: (11.9, -2.7)
Closest enemy to 13: (-19.3, -0.6)
Closest enemy to 15: (-19.3, -0.6)
Closest enemy to 16: (11.9, -2.7)
Closest enemy to 7: (12.8, -15.6)
Closest enemy to 9: (-19.0, 0.9)
Closest enemy to 11: (11.9, -2.7)
Closest enemy to 13: (-19.0, 0.9)
Closest enemy to 15: (-19.0, 0.9)
Closest enemy to 16: (11.9, -2.7)
Closest enemy to 7: (12.8, -15.6)
Closest enemy to 9: (-18.8, 2.4)
Closest enemy to 11: (11.9, -2.7)
Closest enemy to 13: (-18.8, 2.4)
Closest enemy to 15: (-18.8, 2.4)
Closest enemy to 16: (11.9, -2.7)
Closest enemy to 7: (12.8, -15.6)
Closest enemy to 9: (-18.5, 3.9)
Closest enemy to 11: (11.9, -2.7)
Closest enemy to 13: (-18.5, 3.9)
Closest enemy to 15: (-18.5, 3.9)
Closest enemy to 16: (11.9, -2.7)
Closest enemy to 7: (12.8, -15.6)
Closest enemy to 9: (-18.3, 5.3)
Closest enemy to 11: (11.9, -2.7)
Closest enemy to 13: (-18.3, 5.3)
Closest enemy to 15: (-18.3, 5.3)
Closest enemy to 16: (11.9, -2.7)
Closest enemy to 7: (12.8, -15.6)
Closest enemy to 9: (-18.0, 6.8)
Closest enemy to 11: (11.9, -2.7)
Closest enemy to 13: (-18.0, 6.8)
Closest enemy to 15: (-18.0, 6.8)
Closest enemy to 16: (11.9, -2.7)
Closest enemy to 7: (12.8, -15.6)
Closest enemy to 9: (-3.7, -28.5)
Closest enemy to 11: (11.9, -2.7)
Closest enemy to 13: (-17.7, 8.3)
Closest enemy to 15: (-17.7, 8.3)
Closest enemy to 16: (11.9, -2.7)
Closest enemy to 7: (12.8, -15.6)
Closest enemy to 9: (-3.7, -28.5)
Closest enemy to 11: (11.9, -2.7)
Closest enemy to 13: (-17.5, 9.8)
Closest enemy to 15: (-17.5, 9.8)
Closest enemy to 16: (-15.0, 9.8)
Closest enemy to 7: (12.8, -15.6)
Closest enemy to 9: (-3.7, -28.5)
Closest enemy to 11: (11.9, -2.7)
Closest enemy to 13: (-17.2, 11.2)
Closest enemy to 15: (-17.2, 11.2)
Closest enemy to 16: (-14.7, 11.2)
Closest enemy to 7: (12.8, -15.6)
Closest enemy to 9: (-3.7, -28.5)
Closest enemy to 11: (11.9, -2.7)
Closest enemy to 13: (-17.0, 12.7)
Closest enemy to 15: (-17.0, 12.7)
Closest enemy to 16: (-14.5, 12.7)
Closest enemy to 7: (12.8, -15.6)
Closest enemy to 9: (-3.7, -28.5)
Closest enemy to 11: (11.9, -2.7)
Closest enemy to 13: (-16.7, 14.2)
Closest enemy to 15: (-16.7, 14.2)
Closest enemy to 16: (-14.2, 14.2)
Closest enemy to 7: (12.8, -15.6)
Closest enemy to 9: (-3.7, -28.5)
Closest enemy to 11: (11.9, -2.7)
Closest enemy to 13: (-16.4, 15.7)
Closest enemy to 15: (-16.4, 15.7)
Closest enemy to 16: (-13.9, 15.7)
Closest enemy to 7: (12.8, -15.6)
Closest enemy to 9: (-3.7, -28.5)
Closest enemy to 11: (11.9, -2.7)
Closest enemy to 13: (-16.2, 17.1)
Closest enemy to 15: (-16.2, 17.1)
Closest enemy to 16: (-13.7, 17.1)
Closest enemy to 7: (12.8, -15.6)
Closest enemy to 9: (-3.7, -28.5)
Closest enemy to 11: (11.9, -2.7)
Closest enemy to 13: (-15.9, 18.6)
Closest enemy to 15: (-15.9, 18.6)
Closest enemy to 16: (-13.4, 18.6)
Closest enemy to 7: (12.8, -15.6)
Closest enemy to 9: (-3.7, -28.5)
Closest enemy to 11: (11.9, -2.7)
Closest enemy to 13: (-15.7, 20.1)
Closest enemy to 15: (-15.7, 20.1)
Closest enemy to 16: (-13.2, 20.1)
Closest enemy to 7: (12.8, -15.6)
Closest enemy to 9: (-3.7, -28.5)
Closest enemy to 11: (11.9, -2.7)
Closest enemy to 13: (-15.4, 21.6)
Closest enemy to 15: (-15.4, 21.6)
Closest enemy to 16: (-12.9, 21.6)
Closest enemy to 7: (12.8, -15.6)
Closest enemy to 9: (-3.7, -28.5)
Closest enemy to 11: (11.9, -2.7)
Closest enemy to 13: (-15.1, 23.1)
Closest enemy to 15: (-15.1, 23.1)
Closest enemy to 16: (-12.6, 23.1)
Closest enemy to 7: (12.8, -15.6)
Closest enemy to 9: (-3.7, -28.5)
Closest enemy to 11: (11.9, -2.7)
Closest enemy to 13: (-14.9, 24.5)
Closest enemy to 15: (-14.9, 24.5)
Closest enemy to 16: (-12.4, 24.5)
Closest enemy to 7: (12.8, -15.6)
Closest enemy to 9: (-3.7, -28.5)
Closest enemy to 11: (11.9, -2.7)
Closest enemy to 13: (-14.6, 26.0)
Closest enemy to 15: (-14.6, 26.0)
Closest enemy to 16: (-12.1, 26.0)
Closest enemy to 7: (12.8, -15.6)
Closest enemy to 9: (-3.7, -28.5)
Closest enemy to 11: (11.9, -2.7)
Closest enemy to 13: (-14.3, 27.5)
Closest enemy to 15: (-14.3, 27.5)
Closest enemy to 16: (-11.8, 27.5)
Closest enemy to 7: (12.8, -15.6)
Closest enemy to 9: (-3.7, -28.5)
Closest enemy to 11: (11.9, -2.7)
Closest enemy to 13: (-14.1, 29.0)
Closest enemy to 15: (-14.1, 29.0)
Closest enemy to 16: (-11.6, 29.0)
Closest enemy to 7: (12.8, -15.6)
Closest enemy to 9: (-3.7, -28.5)
Closest enemy to 11: (11.9, -2.7)
Closest enemy to 13: (-13.8, 30.4)
Closest enemy to 15: (-13.8, 30.4)
Closest enemy to 16: (-11.3, 30.4)
Closest enemy to 7: (12.8, -15.6)
Closest enemy to 9: (-3.7, -28.5)
Closest enemy to 11: (11.9, -2.7)
Closest enemy to 13: (-13.6, 31.9)
Closest enemy to 15: (-13.6, 31.9)
Closest enemy to 16: (-11.1, 31.9)
Closest enemy to 7: (12.8, -15.6)
Closest enemy to 9: (-3.7, -28.5)
Closest enemy to 11: (11.9, -2.7)
Closest enemy to 13: (-13.3, 33.4)
Closest enemy to 15: (-13.3, 33.4)
Closest enemy to 16: (-10.8, 33.4)
Closest enemy to 7: (12.8, -15.6)
Closest enemy to 9: (-3.7, -28.5)
Closest enemy to 11: (11.9, -2.7)
Closest enemy to 13: (-13.0, 34.9)
Closest enemy to 15: (-13.0, 34.9)
Closest enemy to 16: (-10.5, 34.9)
Closest enemy to 7: (12.8, -15.6)
Closest enemy to 9: (-3.7, -28.5)
Closest enemy to 11: (11.9, -2.7)
Closest enemy to 13: (-12.8, 36.4)
Closest enemy to 15: (-12.8, 36.4)
Closest enemy to 16: (-10.3, 36.4)
Closest enemy to 7: (12.8, -15.6)
Closest enemy to 9: (-3.7, -28.5)
Closest enemy to 11: (11.9, -2.7)
Closest enemy to 13: (-12.5, 37.8)
Closest enemy to 15: (-12.5, 37.8)
Closest enemy to 16: (-10.0, 37.8)
Closest enemy to 7: (12.8, -15.6)
Closest enemy to 9: (-3.7, -28.5)
Closest enemy to 11: (11.9, -2.7)
Closest enemy to 13: (-12.3, 39.3)
Closest enemy to 15: (-12.3, 39.3)
Closest enemy to 16: (-9.8, 39.3)
Closest enemy to 7: (12.8, -15.6)
Closest enemy to 9: (-3.7, -28.5)
Closest enemy to 11: (11.9, -2.7)
Closest enemy to 13: (-12.0, 40.8)
Closest enemy to 15: (-12.0, 40.8)
Closest enemy to 16: (-9.5, 40.8)
Closest enemy to 7: (12.8, -15.6)
Closest enemy to 9: (-3.7, -28.5)
Closest enemy to 11: (11.9, -2.7)
Closest enemy to 13: (-11.7, 42.3)
Closest enemy to 15: (-11.7, 42.3)
Closest enemy to 16: (-11.7, 42.3)
Closest enemy to 7: (12.8, -15.6)
Closest enemy to 9: (-3.7, -28.5)
Closest enemy to 11: (11.9, -2.7)
Closest enemy to 13: (-11.5, 43.7)
Closest enemy to 15: (-11.5, 43.7)
Closest enemy to 16: (-11.5, 43.7)
Closest enemy to 7: (12.8, -15.6)
Closest enemy to 9: (-3.7, -28.5)
Closest enemy to 11: (11.9, -2.7)
Closest enemy to 13: (-11.2, 45.2)
Closest enemy to 15: (-11.2, 45.2)
Closest enemy to 16: (-11.2, 45.2)
Closest enemy to 7: (12.8, -15.6)
Closest enemy to 9: (-3.7, -28.5)
Closest enemy to 11: (11.9, -2.7)
Closest enemy to 13: (-11.0, 46.7)
Closest enemy to 15: (-11.0, 46.7)
Closest enemy to 16: (-11.0, 46.7)
Closest enemy to 7: (12.8, -15.6)
Closest enemy to 9: (-3.7, -28.5)
Closest enemy to 11: (9.8, -5.8)
Closest enemy to 13: (-10.7, 48.2)
Closest enemy to 15: (-10.7, 48.2)
Closest enemy to 16: (-10.7, 48.2)
Closest enemy to 7: (12.8, -15.6)
Closest enemy to 9: (-3.7, -28.5)
Closest enemy to 11: (9.8, -5.8)
Closest enemy to 13: (-10.4, 49.6)
Closest enemy to 15: (-10.4, 49.6)
Closest enemy to 16: (-10.4, 49.6)
Closest enemy to 7: (12.8, -15.6)
Closest enemy to 9: (-3.7, -28.5)
Closest enemy to 11: (9.8, -5.8)
Closest enemy to 13: (-10.2, 51.1)
Closest enemy to 15: (-10.2, 51.1)
Closest enemy to 16: (-10.2, 51.1)
You won!
Stats:
  - 560 remaining plane score
  - Spent 1000 points
  - Dealt 56 damage

---- ERRORS (stderr) ----

