---- OUTPUT (stdout) ----
Connecting to server on port 9002...
Connected to server on port 9002
Closest enemy to 5: (-6.2, 42.5)
Closest enemy to 6: (-6.2, 42.5)
Closest enemy to 7: (-6.2, 42.5)
Closest enemy to 8: (-6.2, 42.5)
Closest enemy to 9: (-3.7, 42.5)
Closest enemy to 10: (-1.2, 42.5)
Closest enemy to 11: (1.3, 42.5)
Closest enemy to 12: (3.8, 42.5)
Closest enemy to 13: (3.8, 42.5)
Closest enemy to 14: (3.8, 42.5)
Closest enemy to 5: (-7.2, 40.1)
Closest enemy to 6: (-7.2, 40.1)
Closest enemy to 7: (-7.2, 40.1)
Closest enemy to 8: (-4.5, 40.1)
Closest enemy to 9: (-1.5, 40.0)
Closest enemy to 10: (-1.5, 40.0)
Closest enemy to 11: (1.5, 40.0)
Closest enemy to 12: (4.5, 40.1)
Closest enemy to 13: (4.5, 40.1)
Closest enemy to 14: (4.5, 40.1)
Closest enemy to 5: (-8.8, 38.1)
Closest enemy to 6: (-8.8, 38.1)
Closest enemy to 7: (-5.7, 37.8)
Closest enemy to 8: (-1.9, 37.5)
Closest enemy to 9: (-1.9, 37.5)
Closest enemy to 10: (-1.9, 37.5)
Closest enemy to 11: (1.9, 37.5)
Closest enemy to 12: (1.9, 37.5)
Closest enemy to 13: (5.7, 37.8)
Closest enemy to 14: (5.7, 37.8)
Closest enemy to 5: (-2.6, 35.1)
Closest enemy to 6: (-2.6, 35.1)
Closest enemy to 7: (-2.6, 35.1)
Closest enemy to 8: (-2.6, 35.1)
Closest enemy to 9: (-2.6, 35.1)
Closest enemy to 10: (-2.6, 35.1)
Closest enemy to 11: (2.6, 35.1)
Closest enemy to 12: (2.6, 35.1)
Closest enemy to 13: (2.6, 35.1)
Closest enemy to 14: (2.6, 35.1)
Closest enemy to 5: (-3.5, 32.8)
Closest enemy to 6: (-3.5, 32.8)
Closest enemy to 7: (-3.5, 32.8)
Closest enemy to 8: (-3.5, 32.8)
Closest enemy to 9: (-3.5, 32.8)
Closest enemy to 10: (-3.5, 32.8)
Closest enemy to 11: (3.5, 32.8)
Closest enemy to 12: (3.5, 32.8)
Closest enemy to 13: (3.5, 32.8)
Closest enemy to 14: (3.5, 32.8)
Closest enemy to 5: (-4.8, 30.6)
Closest enemy to 6: (-4.8, 30.6)
Closest enemy to 7: (-4.8, 30.6)
Closest enemy to 8: (-4.8, 30.6)
Closest enemy to 9: (-4.8, 30.6)
Closest enemy to 10: (-4.8, 30.6)
Closest enemy to 11: (4.8, 30.6)
Closest enemy to 12: (4.8, 30.6)
Closest enemy to 13: (4.8, 30.6)
Closest enemy to 14: (4.8, 30.6)
Closest enemy to 5: (-6.5, 28.7)
Closest enemy to 6: (-6.5, 28.7)
Closest enemy to 7: (-6.5, 28.7)
Closest enemy to 8: (-6.5, 28.7)
Closest enemy to 9: (-6.5, 28.7)
Closest enemy to 10: (-6.5, 28.7)
Closest enemy to 11: (6.5, 28.7)
Closest enemy to 12: (6.5, 28.7)
Closest enemy to 13: (6.5, 28.7)
Closest enemy to 14: (6.5, 28.7)
Closest enemy to 5: (-8.7, 27.4)
Closest enemy to 6: (-8.7, 27.4)
Closest enemy to 7: (-8.7, 27.4)
Closest enemy to 8: (-8.7, 27.4)
Closest enemy to 9: (-8.7, 27.4)
Closest enemy to 10: (8.7, 27.4)
Closest enemy to 11: (8.7, 27.4)
Closest enemy to 12: (8.7, 27.4)
Closest enemy to 13: (8.7, 27.4)
Closest enemy to 14: (8.7, 27.4)
Closest enemy to 5: (-11.2, 26.8)
Closest enemy to 6: (-11.2, 26.8)
Closest enemy to 7: (-11.2, 26.8)
Closest enemy to 8: (-11.2, 26.8)
Closest enemy to 9: (-11.2, 26.8)
Closest enemy to 10: (11.2, 26.8)
Closest enemy to 11: (11.2, 26.8)
Closest enemy to 12: (11.2, 26.8)
Closest enemy to 13: (11.2, 26.8)
Closest enemy to 14: (11.2, 26.8)
Closest enemy to 5: (-13.8, 26.7)
Closest enemy to 6: (-13.8, 26.7)
Closest enemy to 7: (-13.8, 26.7)
Closest enemy to 8: (-13.8, 26.7)
Closest enemy to 9: (-13.8, 26.7)
Closest enemy to 10: (13.8, 26.7)
Closest enemy to 11: (13.8, 26.7)
Closest enemy to 12: (13.8, 26.7)
Closest enemy to 13: (13.8, 26.7)
Closest enemy to 14: (13.8, 26.7)
Closest enemy to 5: (-16.3, 27.4)
Closest enemy to 6: (-16.3, 27.4)
Closest enemy to 7: (-16.3, 27.4)
Closest enemy to 8: (-16.3, 27.4)
Closest enemy to 9: (-16.3, 27.4)
Closest enemy to 10: (16.3, 27.4)
Closest enemy to 11: (-16.3, 27.4)
Closest enemy to 12: (16.3, 27.4)
Closest enemy to 13: (16.3, 27.4)
Closest enemy to 14: (16.3, 27.4)
Closest enemy to 5: (-18.8, 26.7)
Closest enemy to 6: (-18.8, 26.7)
Closest enemy to 7: (-18.8, 26.7)
Closest enemy to 8: (-18.8, 26.7)
Closest enemy to 9: (-18.8, 26.7)
Closest enemy to 10: (18.8, 26.7)
Closest enemy to 11: (-18.8, 26.7)
Closest enemy to 12: (18.8, 26.7)
Closest enemy to 13: (18.8, 26.7)
Closest enemy to 14: (18.8, 26.7)
Closest enemy to 5: (-21.0, 25.5)
Closest enemy to 6: (-21.0, 25.5)
Closest enemy to 7: (-21.0, 25.5)
Closest enemy to 8: (21.0, 25.5)
Closest enemy to 9: (-21.0, 25.5)
Closest enemy to 10: (21.0, 25.5)
Closest enemy to 11: (-21.0, 25.5)
Closest enemy to 12: (21.0, 25.5)
Closest enemy to 13: (21.0, 25.5)
Closest enemy to 14: (21.0, 25.5)
Closest enemy to 5: (-22.8, 23.7)
Closest enemy to 6: (-22.8, 23.7)
Closest enemy to 7: (-22.8, 23.7)
Closest enemy to 8: (22.8, 23.7)
Closest enemy to 9: (-22.8, 23.7)
Closest enemy to 10: (22.8, 23.7)
Closest enemy to 11: (-22.8, 23.7)
Closest enemy to 12: (22.8, 23.7)
Closest enemy to 13: (-22.8, 23.7)
Closest enemy to 14: (22.8, 23.7)
Closest enemy to 5: (-24.1, 21.4)
Closest enemy to 6: (-24.1, 21.4)
Closest enemy to 7: (-24.1, 21.4)
Closest enemy to 8: (24.1, 21.4)
Closest enemy to 9: (-24.1, 21.4)
Closest enemy to 10: (24.1, 21.4)
Closest enemy to 11: (-24.1, 21.4)
Closest enemy to 12: (24.1, 21.4)
Closest enemy to 13: (-24.1, 21.4)
Closest enemy to 14: (24.1, 21.4)
Closest enemy to 5: (-24.8, 18.9)
Closest enemy to 6: (24.8, 19.0)
Closest enemy to 7: (-24.8, 18.9)
Closest enemy to 8: (24.8, 19.0)
Closest enemy to 9: (-24.8, 18.9)
Closest enemy to 10: (24.8, 19.0)
Closest enemy to 11: (-24.8, 18.9)
Closest enemy to 12: (24.8, 19.0)
Closest enemy to 13: (-24.8, 18.9)
Closest enemy to 14: (24.8, 19.0)
Closest enemy to 5: (-24.8, 16.4)
Closest enemy to 6: (24.8, 16.4)
Closest enemy to 7: (-24.8, 16.4)
Closest enemy to 8: (24.8, 16.4)
Closest enemy to 9: (-24.8, 16.4)
Closest enemy to 10: (24.8, 16.4)
Closest enemy to 11: (-24.8, 16.4)
Closest enemy to 12: (24.8, 16.4)
Closest enemy to 13: (-24.8, 16.4)
Closest enemy to 14: (24.8, 16.4)
Closest enemy to 5: (-24.2, 13.9)
Closest enemy to 6: (24.4, 13.9)
Closest enemy to 7: (-24.2, 13.9)
Closest enemy to 8: (24.4, 13.9)
Closest enemy to 9: (-24.2, 13.9)
Closest enemy to 10: (24.4, 13.9)
Closest enemy to 11: (-24.2, 13.9)
Closest enemy to 12: (24.4, 13.9)
Closest enemy to 13: (-24.2, 13.9)
Closest enemy to 14: (24.4, 13.9)
Closest enemy to 5: (-23.6, 11.4)
Closest enemy to 6: (24.2, 11.4)
Closest enemy to 7: (-23.6, 11.4)
Closest enemy to 8: (24.2, 11.4)
Closest enemy to 9: (-23.6, 11.4)
Closest enemy to 10: (24.2, 11.4)
Closest enemy to 11: (-23.6, 11.4)
Closest enemy to 12: (24.2, 11.4)
Closest enemy to 13: (-23.6, 11.4)
Closest enemy to 14: (24.2, 11.4)
Closest enemy to 5: (-23.2, 9.0)
Closest enemy to 6: (24.2, 8.9)
Closest enemy to 7: (-23.2, 9.0)
Closest enemy to 8: (24.2, 8.9)
Closest enemy to 9: (-23.2, 9.0)
Closest enemy to 10: (24.2, 8.9)
Closest enemy to 11: (-23.2, 9.0)
Closest enemy to 12: (24.2, 8.9)
Closest enemy to 13: (-23.2, 9.0)
Closest enemy to 14: (24.2, 8.9)
Closest enemy to 5: (-22.9, 6.5)
Closest enemy to 6: (24.2, 6.4)
Closest enemy to 7: (-22.9, 6.5)
Closest enemy to 8: (24.2, 6.4)
Closest enemy to 9: (-22.9, 6.5)
Closest enemy to 10: (24.2, 6.4)
Closest enemy to 11: (-22.9, 6.5)
Closest enemy to 12: (24.2, 6.4)
Closest enemy to 13: (-22.9, 6.5)
Closest enemy to 14: (24.2, 6.4)
Closest enemy to 5: (-22.7, 4.0)
Closest enemy to 6: (24.4, 3.9)
Closest enemy to 7: (-22.7, 4.0)
Closest enemy to 8: (24.4, 3.9)
Closest enemy to 9: (-22.7, 4.0)
Closest enemy to 10: (24.4, 3.9)
Closest enemy to 11: (-22.7, 4.0)
Closest enemy to 12: (24.4, 3.9)
Closest enemy to 13: (-22.7, 4.0)
Closest enemy to 14: (24.4, 3.9)
Closest enemy to 5: (-22.6, 1.5)
Closest enemy to 6: (24.7, 1.4)
Closest enemy to 7: (-22.6, 1.5)
Closest enemy to 8: (24.7, 1.4)
Closest enemy to 9: (-22.6, 1.5)
Closest enemy to 10: (24.7, 1.4)
Closest enemy to 11: (-22.6, 1.5)
Closest enemy to 12: (24.7, 1.4)
Closest enemy to 13: (-22.6, 1.5)
Closest enemy to 14: (24.7, 1.4)
Closest enemy to 5: (-22.6, -1.0)
Closest enemy to 6: (25.1, -1.1)
Closest enemy to 7: (-22.6, -1.0)
Closest enemy to 8: (25.1, -1.1)
Closest enemy to 9: (-22.6, -1.0)
Closest enemy to 10: (25.1, -1.1)
Closest enemy to 11: (-22.6, -1.0)
Closest enemy to 12: (25.1, -1.1)
Closest enemy to 13: (-22.6, -1.0)
Closest enemy to 14: (25.1, -1.1)
Closest enemy to 5: (-21.6, -3.4)
Closest enemy to 6: (25.7, -3.5)
Closest enemy to 7: (-21.6, -3.4)
Closest enemy to 8: (25.7, -3.5)
Closest enemy to 9: (-21.6, -3.4)
Closest enemy to 10: (25.7, -3.5)
Closest enemy to 11: (-21.6, -3.4)
Closest enemy to 12: (25.7, -3.5)
Closest enemy to 13: (-21.6, -3.4)
Closest enemy to 14: (25.7, -3.5)
Closest enemy to 5: (-20.0, -5.4)
Closest enemy to 6: (26.4, -5.9)
Closest enemy to 7: (-20.0, -5.4)
Closest enemy to 8: (26.4, -5.9)
Closest enemy to 9: (-20.0, -5.4)
Closest enemy to 10: (26.4, -5.9)
Closest enemy to 11: (-20.0, -5.4)
Closest enemy to 12: (26.4, -5.9)
Closest enemy to 13: (-20.0, -5.4)
Closest enemy to 14: (26.4, -5.9)
Closest enemy to 5: (-17.9, -6.9)
Closest enemy to 6: (28.0, -8.0)
Closest enemy to 7: (-17.9, -6.9)
Closest enemy to 8: (28.0, -8.0)
Closest enemy to 9: (-17.9, -6.9)
Closest enemy to 10: (28.0, -8.0)
Closest enemy to 11: (-17.9, -6.9)
Closest enemy to 12: (28.0, -8.0)
Closest enemy to 13: (-17.9, -6.9)
Closest enemy to 14: (28.0, -8.0)
Closest enemy to 5: (-15.5, -7.9)
Closest enemy to 6: (28.4, -10.5)
Closest enemy to 7: (-15.5, -7.9)
Closest enemy to 8: (28.4, -10.5)
Closest enemy to 9: (-15.5, -7.9)
Closest enemy to 10: (28.4, -10.5)
Closest enemy to 11: (-15.5, -7.9)
Closest enemy to 12: (28.4, -10.5)
Closest enemy to 13: (-15.5, -7.9)
Closest enemy to 14: (28.4, -10.5)
Closest enemy to 5: (-13.0, -8.2)
Closest enemy to 6: (28.0, -13.1)
Closest enemy to 7: (-13.0, -8.2)
Closest enemy to 8: (28.0, -13.1)
Closest enemy to 9: (-13.0, -8.2)
Closest enemy to 10: (28.0, -13.1)
Closest enemy to 11: (-13.0, -8.2)
Closest enemy to 12: (28.0, -13.1)
Closest enemy to 13: (-13.0, -8.2)
Closest enemy to 14: (28.0, -13.1)
Closest enemy to 5: (-10.5, -7.5)
Closest enemy to 6: (29.0, -15.5)
Closest enemy to 7: (-10.5, -7.5)
Closest enemy to 8: (29.0, -15.5)
Closest enemy to 9: (-10.5, -7.5)
Closest enemy to 10: (29.0, -15.5)
Closest enemy to 11: (-10.5, -7.5)
Closest enemy to 12: (29.0, -15.5)
Closest enemy to 13: (-10.5, -7.5)
Closest enemy to 14: (29.0, -15.5)
Closest enemy to 5: (-8.1, -6.8)
Closest enemy to 6: (28.7, -18.0)
Closest enemy to 7: (-8.1, -6.8)
Closest enemy to 8: (28.7, -18.0)
Closest enemy to 9: (-8.1, -6.8)
Closest enemy to 10: (28.7, -18.0)
Closest enemy to 11: (-8.1, -6.8)
Closest enemy to 12: (28.7, -18.0)
Closest enemy to 13: (-8.1, -6.8)
Closest enemy to 14: (28.7, -18.0)
Closest enemy to 5: (-6.0, -5.2)
Closest enemy to 6: (29.7, -20.4)
Closest enemy to 7: (-30.6, 2.0)
Closest enemy to 8: (29.7, -20.4)
Closest enemy to 9: (-6.0, -5.2)
Closest enemy to 10: (29.7, -20.4)
Closest enemy to 11: (-6.0, -5.2)
Closest enemy to 12: (29.7, -20.4)
Closest enemy to 13: (-6.0, -5.2)
Closest enemy to 14: (29.7, -20.4)
Closest enemy to 5: (-4.5, -3.2)
Closest enemy to 6: (31.2, -22.4)
Closest enemy to 7: (-29.4, -0.2)
Closest enemy to 8: (31.2, -22.4)
Closest enemy to 9: (-29.4, -0.2)
Closest enemy to 10: (31.2, -22.4)
Closest enemy to 11: (-4.5, -3.2)
Closest enemy to 12: (31.2, -22.4)
Closest enemy to 13: (-4.5, -3.2)
Closest enemy to 14: (31.4, -0.8)
Closest enemy to 5: (-2.1, -2.1)
Closest enemy to 6: (31.6, -25.0)
Closest enemy to 7: (-28.0, -2.3)
Closest enemy to 8: (31.6, -25.0)
Closest enemy to 9: (-28.0, -2.3)
Closest enemy to 10: (31.6, -25.0)
Closest enemy to 11: (-2.1, -2.1)
Closest enemy to 12: (30.3, -3.1)
Closest enemy to 13: (-2.1, -2.1)
Closest enemy to 14: (30.3, -3.1)
Closest enemy to 5: (-26.3, -4.2)
Closest enemy to 6: (33.1, -27.1)
Closest enemy to 7: (-26.3, -4.2)
Closest enemy to 8: (33.1, -27.1)
Closest enemy to 9: (-26.3, -4.2)
Closest enemy to 10: (28.6, -5.1)
Closest enemy to 11: (-0.6, -0.1)
Closest enemy to 12: (28.6, -5.1)
Closest enemy to 13: (-0.6, -0.1)
Closest enemy to 14: (28.6, -5.1)
Closest enemy to 5: (-25.6, -6.6)
Closest enemy to 6: (35.2, -28.6)
Closest enemy to 7: (-25.6, -6.6)
Closest enemy to 8: (35.2, -28.6)
Closest enemy to 9: (-25.6, -6.6)
Closest enemy to 10: (28.1, -7.6)
Closest enemy to 11: (1.8, 1.0)
Closest enemy to 12: (28.1, -7.6)
Closest enemy to 13: (-25.6, -6.6)
Closest enemy to 14: (28.1, -7.6)
Closest enemy to 5: (-25.5, -9.2)
Closest enemy to 6: (36.2, -31.0)
Closest enemy to 7: (-25.5, -9.2)
Closest enemy to 8: (26.4, -9.5)
Closest enemy to 9: (-25.5, -9.2)
Closest enemy to 10: (26.4, -9.5)
Closest enemy to 11: (-25.5, -9.2)
Closest enemy to 12: (26.4, -9.5)
Closest enemy to 13: (-25.5, -9.2)
Closest enemy to 14: (26.4, -9.5)
Closest enemy to 5: (-24.2, -11.4)
Closest enemy to 6: (24.2, -10.9)
Closest enemy to 7: (-27.0, -6.6)
Closest enemy to 8: (24.2, -10.9)
Closest enemy to 9: (-24.2, -11.4)
Closest enemy to 10: (24.2, -10.9)
Closest enemy to 11: (-24.2, -11.4)
Closest enemy to 12: (24.2, -10.9)
Closest enemy to 13: (-24.2, -11.4)
Closest enemy to 14: (24.2, -10.9)
Closest enemy to 5: (-22.4, -13.2)
Closest enemy to 6: (21.7, -11.7)
Closest enemy to 7: (-25.7, -8.9)
Closest enemy to 8: (21.7, -11.7)
Closest enemy to 9: (-25.7, -8.9)
Closest enemy to 10: (21.7, -11.7)
Closest enemy to 11: (-22.4, -13.2)
Closest enemy to 12: (21.7, -11.7)
Closest enemy to 13: (-22.4, -13.2)
Closest enemy to 14: (21.7, -11.7)
Closest enemy to 5: (-20.1, -14.5)
Closest enemy to 6: (19.2, -11.9)
Closest enemy to 7: (-23.8, -10.7)
Closest enemy to 8: (19.2, -11.9)
Closest enemy to 9: (-23.8, -10.7)
Closest enemy to 10: (19.2, -11.9)
Closest enemy to 11: (-20.1, -14.5)
Closest enemy to 12: (19.2, -11.9)
Closest enemy to 13: (-20.1, -14.5)
Closest enemy to 14: (19.2, -11.9)
Closest enemy to 5: (-21.6, -11.9)
Closest enemy to 6: (39.3, -40.1)
Closest enemy to 7: (-21.6, -11.9)
Closest enemy to 8: (39.3, -40.1)
Closest enemy to 9: (-21.6, -11.9)
Closest enemy to 10: (16.7, -11.3)
Closest enemy to 11: (-17.6, -15.1)
Closest enemy to 12: (16.7, -11.3)
Closest enemy to 13: (-17.6, -15.1)
Closest enemy to 14: (16.7, -11.3)
Closest enemy to 5: (-19.1, -12.6)
Closest enemy to 6: (38.3, -42.5)
Closest enemy to 7: (-19.1, -12.6)
Closest enemy to 8: (38.3, -42.5)
Closest enemy to 9: (-19.1, -12.6)
Closest enemy to 10: (14.4, -10.2)
Closest enemy to 11: (-15.0, -15.1)
Closest enemy to 12: (14.4, -10.2)
Closest enemy to 13: (-15.0, -15.1)
Closest enemy to 14: (14.4, -10.2)
Closest enemy to 5: (-16.5, -12.6)
Closest enemy to 6: (36.7, -44.5)
Closest enemy to 7: (-16.5, -12.6)
Closest enemy to 8: (36.7, -44.5)
Closest enemy to 9: (-16.5, -12.6)
Closest enemy to 10: (12.4, -8.5)
Closest enemy to 11: (-12.6, -14.3)
Closest enemy to 12: (12.4, -8.5)
Closest enemy to 13: (-16.5, -12.6)
Closest enemy to 14: (12.4, -8.5)
Closest enemy to 5: (-2.8, 17.4)
Closest enemy to 6: (34.7, -46.1)
Closest enemy to 7: (-14.0, -11.9)
Closest enemy to 8: (34.7, -46.1)
Closest enemy to 9: (-14.0, -11.9)
Closest enemy to 10: (11.0, -6.3)
Closest enemy to 11: (-10.3, -13.0)
Closest enemy to 12: (11.0, -6.3)
Closest enemy to 13: (-14.0, -11.9)
Closest enemy to 14: (11.0, -6.3)
Closest enemy to 5: (-5.4, 17.7)
Closest enemy to 6: (32.3, -47.1)
Closest enemy to 7: (-11.8, -10.6)
Closest enemy to 8: (32.3, -47.1)
Closest enemy to 9: (-11.8, -10.6)
Closest enemy to 10: (10.2, -3.8)
Closest enemy to 11: (-11.8, -10.6)
Closest enemy to 12: (10.2, -3.8)
Closest enemy to 13: (-11.8, -10.6)
Closest enemy to 14: (10.2, -3.8)
Closest enemy to 5: (-7.9, 17.4)
Closest enemy to 6: (29.8, -47.5)
Closest enemy to 7: (-10.0, -8.8)
Closest enemy to 8: (29.8, -47.5)
Closest enemy to 9: (-10.0, -8.8)
Closest enemy to 10: (10.1, -1.3)
Closest enemy to 11: (-7.9, 17.4)
Closest enemy to 12: (10.1, -1.3)
Closest enemy to 13: (-10.0, -8.8)
Closest enemy to 14: (10.1, -1.3)
Closest enemy to 5: (-10.3, 18.3)
Closest enemy to 6: (27.2, -47.1)
Closest enemy to 7: (-8.7, -6.5)
Closest enemy to 8: (27.2, -47.1)
Closest enemy to 9: (-8.7, -6.5)
Closest enemy to 10: (10.6, 1.3)
Closest enemy to 11: (-10.3, 18.3)
Closest enemy to 12: (10.6, 1.3)
Closest enemy to 13: (-8.7, -6.5)
Closest enemy to 14: (10.6, 1.3)
Closest enemy to 5: (-12.4, 19.8)
Closest enemy to 6: (24.8, -46.2)
Closest enemy to 7: (-8.1, -4.1)
Closest enemy to 8: (24.8, -46.2)
Closest enemy to 9: (-8.1, -4.1)
Closest enemy to 10: (9.8, 3.7)
Closest enemy to 11: (-12.4, 19.8)
Closest enemy to 12: (9.8, 3.7)
Closest enemy to 13: (-8.1, -4.1)
Closest enemy to 14: (9.8, 3.7)
Closest enemy to 5: (-14.0, 21.8)
Closest enemy to 6: (22.8, -44.6)
Closest enemy to 7: (-8.1, -1.5)
Closest enemy to 8: (22.8, -44.6)
Closest enemy to 9: (-8.1, -1.5)
Closest enemy to 10: (8.4, 5.9)
Closest enemy to 11: (-8.1, -1.5)
Closest enemy to 12: (8.4, 5.9)
Closest enemy to 13: (-8.1, -1.5)
Closest enemy to 14: (8.4, 5.9)
Closest enemy to 5: (-15.1, 24.2)
Closest enemy to 6: (21.2, -42.6)
Closest enemy to 7: (-8.8, 1.0)
Closest enemy to 8: (21.2, -42.6)
Closest enemy to 9: (-8.8, 1.0)
Closest enemy to 10: (6.5, 7.6)
Closest enemy to 11: (-8.8, 1.0)
Closest enemy to 12: (6.5, 7.6)
Closest enemy to 13: (-8.8, 1.0)
Closest enemy to 14: (6.5, 7.6)
Closest enemy to 5: (-15.5, 26.7)
Closest enemy to 6: (20.2, -40.2)
Closest enemy to 7: (-10.6, 2.6)
Closest enemy to 8: (20.2, -40.2)
Closest enemy to 9: (-10.6, 2.6)
Closest enemy to 10: (5.7, 10.1)
Closest enemy to 11: (-9.4, 3.4)
Closest enemy to 12: (5.7, 10.1)
Closest enemy to 13: (-10.6, 2.6)
Closest enemy to 14: (5.7, 10.1)
Closest enemy to 5: (-15.2, 29.3)
Closest enemy to 6: (19.8, -37.7)
Closest enemy to 7: (-12.8, 3.9)
Closest enemy to 8: (19.8, -37.7)
Closest enemy to 9: (-12.8, 3.9)
Closest enemy to 10: (5.6, 12.6)
Closest enemy to 11: (-9.7, 5.9)
Closest enemy to 12: (5.6, 12.6)
Closest enemy to 13: (-12.8, 3.9)
Closest enemy to 14: (5.6, 12.6)
Closest enemy to 5: (-9.6, 8.4)
Closest enemy to 6: (20.2, -35.1)
Closest enemy to 7: (-15.3, 4.5)
Closest enemy to 8: (20.2, -35.1)
Closest enemy to 9: (-15.3, 4.5)
Closest enemy to 10: (6.1, 15.2)
Closest enemy to 11: (-9.6, 8.4)
Closest enemy to 12: (6.1, 15.2)
Closest enemy to 13: (-15.3, 4.5)
Closest enemy to 14: (6.1, 15.2)
Closest enemy to 5: (-9.3, 10.9)
Closest enemy to 6: (21.1, -32.7)
Closest enemy to 7: (-17.9, 4.5)
Closest enemy to 8: (21.1, -32.7)
Closest enemy to 9: (-17.9, 4.5)
Closest enemy to 10: (7.3, 17.5)
Closest enemy to 11: (-9.3, 10.9)
Closest enemy to 12: (7.3, 17.5)
Closest enemy to 13: (-17.9, 4.5)
Closest enemy to 14: (7.3, 17.5)
Closest enemy to 5: (-10.1, 13.4)
Closest enemy to 6: (22.7, -30.6)
Closest enemy to 7: (-20.4, 3.8)
Closest enemy to 8: (22.7, -30.6)
Closest enemy to 9: (-20.4, 3.8)
Closest enemy to 10: (9.0, 19.4)
Closest enemy to 11: (-10.1, 13.4)
Closest enemy to 12: (9.0, 19.4)
Closest enemy to 13: (-20.4, 3.8)
Closest enemy to 14: (9.0, 19.4)
Closest enemy to 5: (-11.4, 15.6)
Closest enemy to 6: (24.7, -29.1)
Closest enemy to 7: (-22.6, 2.4)
Closest enemy to 8: (24.7, -29.1)
Closest enemy to 9: (-22.6, 2.4)
Closest enemy to 10: (11.1, 20.8)
Closest enemy to 11: (-11.4, 15.6)
Closest enemy to 12: (11.1, 20.8)
Closest enemy to 13: (-22.6, 2.4)
Closest enemy to 14: (11.1, 20.8)
Closest enemy to 5: (-11.6, 18.1)
Closest enemy to 6: (27.1, -28.1)
Closest enemy to 7: (-24.5, 0.7)
Closest enemy to 8: (27.1, -28.1)
Closest enemy to 9: (-24.5, 0.7)
Closest enemy to 10: (12.3, 23.1)
Closest enemy to 11: (-11.6, 18.1)
Closest enemy to 12: (12.3, 23.1)
Closest enemy to 13: (-24.5, 0.7)
Closest enemy to 14: (12.3, 23.1)
Closest enemy to 5: (-11.3, 20.7)
Closest enemy to 6: (29.6, -27.7)
Closest enemy to 7: (-26.1, -1.2)
Closest enemy to 8: (29.6, -27.7)
Closest enemy to 9: (-26.1, -1.2)
Closest enemy to 10: (12.9, 25.6)
Closest enemy to 11: (-11.3, 20.7)
Closest enemy to 12: (12.9, 25.6)
Closest enemy to 13: (-26.1, -1.2)
Closest enemy to 14: (-11.3, 20.7)
Closest enemy to 5: (-10.6, 23.1)
Closest enemy to 6: (30.0, -26.3)
Closest enemy to 7: (-28.5, -2.2)
Closest enemy to 8: (30.0, -26.3)
Closest enemy to 9: (-28.5, -2.2)
Closest enemy to 10: (12.8, 28.2)
Closest enemy to 11: (-10.6, 23.1)
Closest enemy to 12: (12.8, 28.2)
Closest enemy to 13: (-28.5, -2.2)
Closest enemy to 14: (-10.6, 23.1)
Closest enemy to 5: (-11.1, 25.6)
Closest enemy to 6: (34.6, -29.0)
Closest enemy to 7: (-30.1, -4.2)
Closest enemy to 8: (34.6, -29.0)
Closest enemy to 9: (-30.1, -4.2)
Closest enemy to 10: (12.0, 30.6)
Closest enemy to 11: (-11.1, 25.6)
Closest enemy to 12: (12.0, 30.6)
Closest enemy to 13: (-30.1, -4.2)
Closest enemy to 14: (-11.1, 25.6)
Closest enemy to 5: (-12.3, 27.9)
Closest enemy to 6: (36.6, -30.5)
Closest enemy to 7: (-32.5, -5.2)
Closest enemy to 8: (36.6, -30.5)
Closest enemy to 9: (-32.5, -5.2)
Closest enemy to 10: (10.6, 32.8)
Closest enemy to 11: (-12.3, 27.9)
Closest enemy to 12: (10.6, 32.8)
Closest enemy to 13: (-32.5, -5.2)
Closest enemy to 14: (-12.3, 27.9)
Closest enemy to 5: (-12.2, 30.5)
Closest enemy to 6: (38.2, -32.6)
Closest enemy to 7: (-34.0, -7.3)
Closest enemy to 8: (38.2, -32.6)
Closest enemy to 9: (-34.0, -7.3)
Closest enemy to 10: (8.7, 34.5)
Closest enemy to 11: (-12.2, 30.5)
Closest enemy to 12: (8.7, 34.5)
Closest enemy to 13: (-34.0, -7.3)
Closest enemy to 14: (-12.2, 30.5)
Closest enemy to 5: (-11.4, 33.0)
Closest enemy to 6: (39.2, -35.0)
Closest enemy to 7: (-35.0, -9.6)
Closest enemy to 8: (39.2, -35.0)
Closest enemy to 9: (-35.0, -9.6)
Closest enemy to 10: (6.4, 35.7)
Closest enemy to 11: (-11.4, 33.0)
Closest enemy to 12: (6.4, 35.7)
Closest enemy to 13: (-35.0, -9.6)
Closest enemy to 14: (-11.4, 33.0)
Closest enemy to 5: (-10.0, 35.1)
Closest enemy to 6: (39.6, -37.5)
Closest enemy to 7: (-35.4, -12.2)
Closest enemy to 8: (39.6, -37.5)
Closest enemy to 9: (-35.4, -12.2)
Closest enemy to 10: (5.0, 37.9)
Closest enemy to 11: (-10.0, 35.1)
Closest enemy to 12: (5.0, 37.9)
Closest enemy to 13: (-35.4, -12.2)
Closest enemy to 14: (-10.0, 35.1)
Closest enemy to 5: (-8.0, 36.8)
Closest enemy to 6: (39.3, -40.1)
Closest enemy to 7: (-36.9, -14.3)
Closest enemy to 8: (39.3, -40.1)
Closest enemy to 9: (-36.9, -14.3)
Closest enemy to 10: (4.2, 40.3)
Closest enemy to 11: (-8.0, 36.8)
Closest enemy to 12: (4.2, 40.3)
Closest enemy to 13: (-36.9, -14.3)
Closest enemy to 14: (-8.0, 36.8)
Closest enemy to 5: (-7.2, 39.3)
Closest enemy to 6: (38.3, -42.5)
Closest enemy to 7: (-39.0, -15.8)
Closest enemy to 8: (38.3, -42.5)
Closest enemy to 9: (-39.0, -15.8)
Closest enemy to 10: (4.1, 42.9)
Closest enemy to 11: (-7.2, 39.3)
Closest enemy to 12: (4.1, 42.9)
Closest enemy to 13: (-39.0, -15.8)
Closest enemy to 14: (-7.2, 39.3)
Closest enemy to 5: (-7.1, 41.9)
Closest enemy to 6: (36.7, -44.5)
Closest enemy to 7: (-41.3, -16.9)
Closest enemy to 8: (36.7, -44.5)
Closest enemy to 9: (-41.3, -16.9)
Closest enemy to 10: (2.7, 45.1)
Closest enemy to 11: (-7.1, 41.9)
Closest enemy to 12: (2.7, 45.1)
Closest enemy to 13: (-41.3, -16.9)
Closest enemy to 14: (-7.1, 41.9)
Closest enemy to 5: (-5.7, 44.0)
Closest enemy to 6: (34.7, -46.1)
Closest enemy to 7: (-43.9, -17.2)
Closest enemy to 8: (34.7, -46.1)
Closest enemy to 9: (-43.9, -17.2)
Closest enemy to 10: (9.3, 46.6)
Closest enemy to 11: (-5.7, 44.0)
Closest enemy to 12: (9.3, 46.6)
Closest enemy to 13: (-43.9, -17.2)
Closest enemy to 14: (-5.7, 44.0)
Closest enemy to 5: (-3.7, 45.8)
Closest enemy to 6: (32.3, -47.1)
Closest enemy to 7: (-45.9, -18.8)
Closest enemy to 8: (32.3, -47.1)
Closest enemy to 9: (-45.9, -18.8)
Closest enemy to 10: (10.8, 48.7)
Closest enemy to 11: (-3.7, 45.8)
Closest enemy to 12: (10.8, 48.7)
Closest enemy to 13: (-45.9, -18.8)
Closest enemy to 14: (-3.7, 45.8)
Closest enemy to 5: (-1.5, 46.9)
Closest enemy to 6: (29.8, -47.5)
Closest enemy to 7: (-47.5, -20.8)
Closest enemy to 8: (29.8, -47.5)
Closest enemy to 9: (-47.5, -20.8)
Closest enemy to 10: (13.2, 49.7)
Closest enemy to 11: (-1.5, 46.9)
Closest enemy to 12: (13.2, 49.7)
Closest enemy to 13: (-47.5, -20.8)
Closest enemy to 14: (-1.5, 46.9)
Closest enemy to 5: (1.1, 47.5)
Closest enemy to 6: (27.2, -47.1)
Closest enemy to 7: (-48.5, -23.2)
Closest enemy to 8: (27.2, -47.1)
Closest enemy to 9: (-48.5, -23.2)
Closest enemy to 10: (15.7, 50.1)
Closest enemy to 11: (1.1, 47.5)
Closest enemy to 12: (15.7, 50.1)
Closest enemy to 13: (-48.5, -23.2)
Closest enemy to 14: (1.1, 47.5)
Closest enemy to 5: (3.0, 49.2)
Closest enemy to 6: (24.8, -46.2)
Closest enemy to 7: (-48.8, -25.7)
Closest enemy to 8: (24.8, -46.2)
Closest enemy to 9: (-48.8, -25.7)
Closest enemy to 10: (18.2, 50.2)
Closest enemy to 11: (3.0, 49.2)
Closest enemy to 12: (18.2, 50.2)
Closest enemy to 13: (-48.8, -25.7)
Closest enemy to 14: (-8.9, 49.6)
Closest enemy to 5: (5.5, 49.7)
Closest enemy to 6: (22.8, -44.6)
Closest enemy to 7: (-48.5, -28.3)
Closest enemy to 8: (22.8, -44.6)
Closest enemy to 9: (-48.5, -28.3)
Closest enemy to 10: (20.7, 48.9)
Closest enemy to 11: (5.5, 49.7)
Closest enemy to 12: (5.5, 49.7)
Closest enemy to 13: (-48.5, -28.3)
Closest enemy to 14: (-11.5, 49.5)
Closest enemy to 5: (8.1, 49.6)
Closest enemy to 6: (21.2, -42.6)
Closest enemy to 7: (-49.5, -30.7)
Closest enemy to 8: (21.2, -42.6)
Closest enemy to 9: (-49.5, -30.7)
Closest enemy to 10: (22.8, 47.4)
Closest enemy to 11: (8.1, 49.6)
Closest enemy to 12: (8.1, 49.6)
Closest enemy to 13: (-49.5, -30.7)
Closest enemy to 14: (-13.9, 48.7)
Closest enemy to 5: (10.5, 48.8)
Closest enemy to 6: (20.2, -40.2)
Closest enemy to 7: (-49.2, -33.2)
Closest enemy to 8: (20.2, -40.2)
Closest enemy to 9: (-49.2, -33.2)
Closest enemy to 10: (24.4, 45.4)
Closest enemy to 11: (10.5, 48.8)
Closest enemy to 12: (10.5, 48.8)
Closest enemy to 13: (-49.2, -33.2)
Closest enemy to 14: (-16.1, 47.3)
Closest enemy to 5: (13.1, 49.4)
Closest enemy to 6: (19.5, -37.8)
Closest enemy to 7: (-50.1, -35.6)
Closest enemy to 8: (19.5, -37.8)
Closest enemy to 9: (-50.1, -35.6)
Closest enemy to 10: (25.4, 43.0)
Closest enemy to 11: (13.1, 49.4)
Closest enemy to 12: (13.1, 49.4)
Closest enemy to 13: (-50.1, -35.6)
Closest enemy to 14: (-17.8, 45.4)
Closest enemy to 5: (15.5, 48.5)
Closest enemy to 6: (18.5, -35.5)
Closest enemy to 7: (18.5, -35.5)
Closest enemy to 8: (18.5, -35.5)
Closest enemy to 9: (18.5, -35.5)
Closest enemy to 10: (15.5, 48.5)
Closest enemy to 11: (15.5, 48.5)
Closest enemy to 12: (15.5, 48.5)
Closest enemy to 13: (-49.8, -38.2)
Closest enemy to 14: (-19.0, 43.1)
Closest enemy to 5: (18.0, 49.1)
Closest enemy to 6: (17.3, -33.3)
Closest enemy to 7: (17.3, -33.3)
Closest enemy to 8: (17.3, -33.3)
Closest enemy to 9: (17.3, -33.3)
Closest enemy to 10: (25.5, 37.9)
Closest enemy to 11: (18.0, 49.1)
Closest enemy to 12: (18.0, 49.1)
Closest enemy to 13: (-48.8, -40.6)
Closest enemy to 14: (-21.2, 41.7)
Closest enemy to 5: (20.5, 48.2)
Closest enemy to 6: (15.9, -31.2)
Closest enemy to 7: (15.9, -31.2)
Closest enemy to 8: (15.9, -31.2)
Closest enemy to 9: (15.9, -31.2)
Closest enemy to 10: (24.6, 35.5)
Closest enemy to 11: (20.5, 48.2)
Closest enemy to 12: (20.5, 48.2)
Closest enemy to 13: (-47.2, -42.6)
Closest enemy to 14: (-23.6, 40.9)
Closest enemy to 5: (23.0, 48.8)
Closest enemy to 6: (14.4, -29.2)
Closest enemy to 7: (14.4, -29.2)
Closest enemy to 8: (14.4, -29.2)
Closest enemy to 9: (14.4, -29.2)
Closest enemy to 10: (23.1, 33.4)
Closest enemy to 11: (23.0, 48.8)
Closest enemy to 12: (23.0, 48.8)
Closest enemy to 13: (-46.9, -45.2)
Closest enemy to 14: (-26.2, 40.8)
Closest enemy to 5: (25.5, 47.9)
Closest enemy to 6: (12.7, -27.3)
Closest enemy to 7: (12.7, -27.3)
Closest enemy to 8: (12.7, -27.3)
Closest enemy to 9: (12.7, -27.3)
Closest enemy to 10: (21.1, 31.8)
Closest enemy to 11: (25.5, 47.9)
Closest enemy to 12: (25.5, 47.9)
Closest enemy to 13: (-45.3, -47.2)
Closest enemy to 14: (-28.7, 41.3)
Closest enemy to 5: (27.6, 46.5)
Closest enemy to 6: (10.8, -25.7)
Closest enemy to 7: (10.8, -25.7)
Closest enemy to 8: (10.8, -25.7)
Closest enemy to 9: (10.8, -25.7)
Closest enemy to 10: (18.7, 30.8)
Closest enemy to 11: (27.6, 46.5)
Closest enemy to 12: (18.7, 30.8)
Closest enemy to 13: (-43.3, -48.8)
Closest enemy to 14: (-31.0, 42.5)
Closest enemy to 5: (30.2, 46.4)
Closest enemy to 6: (9.8, -23.3)
Closest enemy to 7: (9.8, -23.3)
Closest enemy to 8: (9.8, -23.3)
Closest enemy to 9: (9.8, -23.3)
Closest enemy to 10: (16.2, 30.4)
Closest enemy to 11: (30.2, 46.4)
Closest enemy to 12: (16.2, 30.4)
Closest enemy to 13: (-40.9, -49.8)
Closest enemy to 14: (-33.6, 42.4)
Closest enemy to 5: (32.4, 45.0)
Closest enemy to 6: (9.4, -20.8)
Closest enemy to 7: (9.4, -20.8)
Closest enemy to 8: (9.4, -20.8)
Closest enemy to 9: (9.4, -20.8)
Closest enemy to 10: (13.6, 30.6)
Closest enemy to 11: (13.6, 30.6)
Closest enemy to 12: (13.6, 30.6)
Closest enemy to 13: (-38.4, -50.1)
Closest enemy to 14: (-35.9, 43.5)
Closest enemy to 5: (34.1, 43.0)
Closest enemy to 6: (9.7, -18.2)
Closest enemy to 7: (9.7, -18.2)
Closest enemy to 8: (9.7, -18.2)
Closest enemy to 9: (9.7, -18.2)
Closest enemy to 10: (11.2, 31.6)
Closest enemy to 11: (11.2, 31.6)
Closest enemy to 12: (11.2, 31.6)
Closest enemy to 13: (-37.0, -48.1)
Closest enemy to 14: (-38.5, 43.4)
Closest enemy to 5: (35.3, 40.7)
Closest enemy to 6: (10.6, -15.8)
Closest enemy to 7: (10.6, -15.8)
Closest enemy to 8: (10.6, -15.8)
Closest enemy to 9: (10.6, -15.8)
Closest enemy to 10: (9.1, 33.1)
Closest enemy to 11: (9.1, 33.1)
Closest enemy to 12: (9.1, 33.1)
Closest enemy to 13: (-33.4, -48.8)
Closest enemy to 14: (-40.9, 42.6)
Closest enemy to 5: (35.8, 38.2)
Closest enemy to 6: (10.2, -13.3)
Closest enemy to 7: (10.2, -13.3)
Closest enemy to 8: (10.2, -13.3)
Closest enemy to 9: (10.2, -13.3)
Closest enemy to 10: (7.5, 35.1)
Closest enemy to 11: (7.5, 35.1)
Closest enemy to 12: (7.5, 35.1)
Closest enemy to 13: (-31.4, -47.3)
Closest enemy to 14: (-43.1, 41.3)
Closest enemy to 5: (35.7, 35.7)
Closest enemy to 6: (9.2, -10.9)
Closest enemy to 7: (9.2, -10.9)
Closest enemy to 8: (9.2, -10.9)
Closest enemy to 9: (9.2, -10.9)
Closest enemy to 10: (6.5, 37.5)
Closest enemy to 11: (6.5, 37.5)
Closest enemy to 12: (6.5, 37.5)
Closest enemy to 13: (-29.8, -45.2)
Closest enemy to 14: (-44.8, 39.3)
Closest enemy to 5: (34.9, 33.2)
Closest enemy to 6: (7.7, -8.9)
Closest enemy to 7: (7.7, -8.9)
Closest enemy to 8: (7.7, -8.9)
Closest enemy to 9: (7.7, -8.9)
Closest enemy to 10: (5.4, 39.7)
Closest enemy to 11: (5.4, 39.7)
Closest enemy to 12: (5.4, 39.7)
Closest enemy to 13: (-28.8, -42.8)
Closest enemy to 14: (-46.0, 37.1)
Closest enemy to 5: (33.5, 31.0)
Closest enemy to 6: (5.6, -7.3)
Closest enemy to 7: (5.6, -7.3)
Closest enemy to 8: (5.6, -7.3)
Closest enemy to 9: (5.6, -7.3)
Closest enemy to 10: (4.1, 41.9)
Closest enemy to 11: (4.1, 41.9)
Closest enemy to 12: (4.1, 41.9)
Closest enemy to 13: (-28.5, -40.3)
Closest enemy to 14: (-46.6, 34.5)
Closest enemy to 5: (31.6, 29.3)
Closest enemy to 6: (3.2, -6.3)
Closest enemy to 7: (3.2, -6.3)
Closest enemy to 8: (3.2, -6.3)
Closest enemy to 9: (3.2, -6.3)
Closest enemy to 10: (2.6, 43.9)
Closest enemy to 11: (2.6, 43.9)
Closest enemy to 12: (2.6, 43.9)
Closest enemy to 13: (-28.8, -37.7)
Closest enemy to 14: (-46.5, 32.0)
Closest enemy to 5: (29.3, 28.1)
Closest enemy to 6: (0.7, -5.9)
Closest enemy to 7: (0.7, -5.9)
Closest enemy to 8: (0.7, -5.9)
Closest enemy to 9: (0.7, -5.9)
Closest enemy to 10: (0.9, 45.8)
Closest enemy to 11: (0.9, 45.8)
Closest enemy to 12: (0.9, 45.8)
Closest enemy to 13: (-29.8, -35.4)
Closest enemy to 14: (-45.7, 29.5)
Closest enemy to 5: (26.8, 27.6)
Closest enemy to 6: (-1.6, -5.0)
Closest enemy to 7: (-1.6, -5.0)
Closest enemy to 8: (-1.6, -5.0)
Closest enemy to 9: (-1.6, -5.0)
Closest enemy to 10: (-0.9, 47.4)
Closest enemy to 11: (26.8, 27.6)
Closest enemy to 12: (-0.9, 47.4)
Closest enemy to 13: (-31.3, -33.3)
Closest enemy to 14: (-44.3, 27.3)
Closest enemy to 5: (24.2, 27.7)
Closest enemy to 6: (-3.8, -3.6)
Closest enemy to 7: (-3.8, -3.6)
Closest enemy to 8: (-3.8, -3.6)
Closest enemy to 9: (-3.8, -3.6)
Closest enemy to 10: (-3.0, 48.8)
Closest enemy to 11: (24.2, 27.7)
Closest enemy to 12: (-3.0, 48.8)
Closest enemy to 13: (-33.4, -31.7)
Closest enemy to 14: (-42.4, 25.6)
Closest enemy to 5: (21.7, 28.5)
Closest enemy to 6: (-5.8, -2.2)
Closest enemy to 7: (-5.8, -2.2)
Closest enemy to 8: (-5.8, -2.2)
Closest enemy to 9: (-5.8, -2.2)
Closest enemy to 10: (-5.5, 49.5)
Closest enemy to 11: (21.7, 28.5)
Closest enemy to 12: (-5.5, 49.5)
Closest enemy to 13: (-35.7, -30.7)
Closest enemy to 14: (-40.1, 24.4)
Closest enemy to 5: (19.6, 29.9)
Closest enemy to 6: (-7.8, -0.6)
Closest enemy to 7: (-7.8, -0.6)
Closest enemy to 8: (-7.8, -0.6)
Closest enemy to 9: (-7.8, -0.6)
Closest enemy to 10: (-8.1, 49.5)
Closest enemy to 11: (19.6, 29.9)
Closest enemy to 12: (-8.1, 49.5)
Closest enemy to 13: (-37.3, -28.7)
Closest enemy to 14: (-37.6, 23.9)
Closest enemy to 5: (17.8, 31.8)
Closest enemy to 6: (-9.7, 1.0)
Closest enemy to 7: (-9.7, 1.0)
Closest enemy to 8: (-9.7, 1.0)
Closest enemy to 9: (-9.7, 1.0)
Closest enemy to 10: (-10.6, 48.9)
Closest enemy to 11: (17.8, 31.8)
Closest enemy to 12: (-10.6, 48.9)
Closest enemy to 13: (-38.3, -26.3)
Closest enemy to 14: (-35.0, 24.0)
Closest enemy to 5: (16.7, 34.1)
Closest enemy to 6: (-12.1, 1.8)
Closest enemy to 7: (-12.1, 1.8)
Closest enemy to 8: (-12.1, 1.8)
Closest enemy to 9: (-12.1, 1.8)
Closest enemy to 11: (16.7, 34.1)
Closest enemy to 12: (-10.6, 48.9)
Closest enemy to 13: (-38.7, -23.8)
Closest enemy to 14: (-32.6, 24.8)
Closest enemy to 5: (16.1, 36.7)
Closest enemy to 6: (-14.7, 1.9)
Closest enemy to 7: (-14.7, 1.9)
Closest enemy to 8: (-14.7, 1.9)
Closest enemy to 9: (-14.7, 1.9)
Closest enemy to 11: (16.1, 36.7)
Closest enemy to 12: (-10.6, 48.9)
Closest enemy to 13: (-38.4, -21.2)
Closest enemy to 14: (-30.4, 26.1)
Closest enemy to 5: (16.3, 39.2)
Closest enemy to 6: (-16.9, 3.2)
Closest enemy to 7: (-16.9, 3.2)
Closest enemy to 8: (-16.9, 3.2)
Closest enemy to 9: (-16.9, 3.2)
Closest enemy to 11: (16.3, 39.2)
Closest enemy to 12: (-10.6, 48.9)
Closest enemy to 13: (-37.4, -18.8)
Closest enemy to 14: (-28.7, 28.0)
Closest enemy to 5: (17.1, 41.7)
Closest enemy to 6: (-18.7, 5.1)
Closest enemy to 7: (-18.7, 5.1)
Closest enemy to 8: (-18.7, 5.1)
Closest enemy to 9: (-18.7, 5.1)
Closest enemy to 11: (17.1, 41.7)
Closest enemy to 12: (-10.6, 48.9)
Closest enemy to 13: (-35.9, -16.8)
Closest enemy to 14: (-27.5, 30.3)
Closest enemy to 5: (18.5, 43.8)
Closest enemy to 6: (-21.1, 5.9)
Closest enemy to 7: (-21.1, 5.9)
Closest enemy to 8: (-21.1, 5.9)
Closest enemy to 9: (-33.8, -15.2)
Closest enemy to 11: (18.5, 43.8)
Closest enemy to 12: (-10.6, 48.9)
Closest enemy to 13: (-33.8, -15.2)
Closest enemy to 14: (-26.9, 32.8)
Closest enemy to 5: (20.4, 45.6)
Closest enemy to 6: (-23.7, 6.0)
Closest enemy to 7: (-23.7, 6.0)
Closest enemy to 8: (-23.7, 6.0)
Closest enemy to 9: (-31.5, -14.1)
Closest enemy to 11: (20.4, 45.6)
Closest enemy to 12: (-10.6, 48.9)
Closest enemy to 13: (-31.5, -14.1)
Closest enemy to 14: (-26.3, 35.3)
Closest enemy to 5: (22.7, 46.8)
Closest enemy to 6: (-26.2, 5.4)
Closest enemy to 7: (-29.6, -12.5)
Closest enemy to 8: (-26.2, 5.4)
Closest enemy to 9: (-29.6, -12.5)
Closest enemy to 11: (22.7, 46.8)
Closest enemy to 12: (-25.9, 37.7)
Closest enemy to 13: (-29.6, -12.5)
Closest enemy to 14: (-25.9, 37.7)
Closest enemy to 5: (25.2, 47.3)
Closest enemy to 6: (-28.5, 4.2)
Closest enemy to 7: (-27.8, -10.7)
Closest enemy to 8: (-28.5, 4.2)
Closest enemy to 9: (-27.8, -10.7)
Closest enemy to 11: (25.2, 47.3)
Closest enemy to 12: (-26.4, 40.3)
Closest enemy to 13: (-27.8, -10.7)
Closest enemy to 14: (-26.4, 40.3)
Closest enemy to 5: (27.8, 47.2)
Closest enemy to 6: (-30.4, 2.5)
Closest enemy to 7: (-26.4, -8.6)
Closest enemy to 8: (-30.4, 2.5)
Closest enemy to 9: (-26.4, -8.6)
Closest enemy to 11: (27.8, 47.2)
Closest enemy to 12: (-25.6, 42.7)
Closest enemy to 13: (-26.4, -8.6)
Closest enemy to 14: (-25.6, 42.7)
Closest enemy to 5: (30.3, 46.8)
Closest enemy to 6: (-32.9, 1.9)
Closest enemy to 7: (-25.7, -6.2)
Closest enemy to 8: (-32.9, 1.9)
Closest enemy to 9: (-25.7, -6.2)
Closest enemy to 11: (30.3, 46.8)
Closest enemy to 12: (-24.2, 44.9)
Closest enemy to 13: (-25.7, -6.2)
Closest enemy to 14: (-24.2, 44.9)
Closest enemy to 5: (32.7, 46.3)
Closest enemy to 6: (-35.5, 2.0)
Closest enemy to 7: (-25.6, -3.6)
Closest enemy to 8: (-25.6, -3.6)
Closest enemy to 9: (-25.6, -3.6)
Closest enemy to 11: (32.7, 46.3)
Closest enemy to 12: (-22.3, 46.6)
Closest enemy to 13: (-25.6, -3.6)
Closest enemy to 14: (-22.3, 46.6)
Closest enemy to 5: (35.1, 45.5)
Closest enemy to 6: (-38.0, 2.7)
Closest enemy to 7: (-26.2, -1.1)
Closest enemy to 8: (-26.2, -1.1)
Closest enemy to 9: (-26.2, -1.1)
Closest enemy to 11: (35.1, 45.5)
Closest enemy to 12: (-20.0, 47.8)
Closest enemy to 13: (-26.2, -1.1)
Closest enemy to 14: (-20.0, 47.8)
Closest enemy to 5: (37.4, 44.4)
Closest enemy to 6: (-25.4, 1.4)
Closest enemy to 7: (-25.4, 1.4)
Closest enemy to 8: (-25.4, 1.4)
Closest enemy to 9: (-25.4, 1.4)
Closest enemy to 11: (37.4, 44.4)
Closest enemy to 12: (-17.5, 48.3)
Closest enemy to 13: (-25.4, 1.4)
Closest enemy to 14: (-17.5, 48.3)
Closest enemy to 5: (39.4, 43.0)
Closest enemy to 6: (-26.0, 3.9)
Closest enemy to 7: (-26.0, 3.9)
Closest enemy to 8: (-26.0, 3.9)
Closest enemy to 9: (-26.0, 3.9)
Closest enemy to 11: (39.4, 43.0)
Closest enemy to 12: (-14.9, 48.3)
Closest enemy to 13: (-26.0, 3.9)
Closest enemy to 14: (-14.9, 48.3)
Closest enemy to 5: (41.0, 40.9)
Closest enemy to 6: (-27.2, 6.2)
Closest enemy to 7: (41.0, 40.9)
Closest enemy to 8: (-27.2, 6.2)
Closest enemy to 9: (-27.2, 6.2)
Closest enemy to 11: (41.0, 40.9)
Closest enemy to 12: (-12.5, 47.4)
Closest enemy to 13: (-27.2, 6.2)
Closest enemy to 14: (-45.1, 4.2)
Closest enemy to 5: (42.0, 38.5)
Closest enemy to 6: (-27.2, 8.8)
Closest enemy to 7: (42.0, 38.5)
Closest enemy to 8: (-27.2, 8.8)
Closest enemy to 9: (-27.2, 8.8)
Closest enemy to 11: (42.0, 38.5)
Closest enemy to 12: (-10.3, 46.0)
Closest enemy to 13: (-27.2, 8.8)
Closest enemy to 14: (-46.9, 6.1)
Closest enemy to 5: (44.0, 36.9)
Closest enemy to 6: (-28.4, 11.0)
Closest enemy to 7: (44.0, 36.9)
Closest enemy to 8: (-28.4, 11.0)
Closest enemy to 9: (-28.4, 11.0)
Closest enemy to 11: (44.0, 36.9)
Closest enemy to 12: (-8.6, 44.1)
Closest enemy to 13: (-28.4, 11.0)
Closest enemy to 14: (-48.1, 8.4)
Closest enemy to 5: (44.9, 34.5)
Closest enemy to 6: (-30.1, 12.9)
Closest enemy to 7: (44.9, 34.5)
Closest enemy to 8: (-30.1, 12.9)
Closest enemy to 9: (44.9, 34.5)
Closest enemy to 11: (44.9, 34.5)
Closest enemy to 12: (-7.4, 41.8)
Closest enemy to 13: (-30.1, 12.9)
Closest enemy to 14: (-48.7, 10.9)
Closest enemy to 5: (45.2, 31.9)
Closest enemy to 6: (-30.7, 15.4)
Closest enemy to 7: (45.2, 31.9)
Closest enemy to 8: (-30.7, 15.4)
Closest enemy to 9: (45.2, 31.9)
Closest enemy to 11: (45.2, 31.9)
Closest enemy to 12: (-6.9, 39.3)
Closest enemy to 13: (-30.7, 15.4)
Closest enemy to 14: (-48.6, 13.4)
Closest enemy to 5: (46.8, 29.9)
Closest enemy to 6: (-30.7, 18.0)
Closest enemy to 7: (46.8, 29.9)
Closest enemy to 8: (-30.7, 18.0)
Closest enemy to 9: (46.8, 29.9)
Closest enemy to 11: (46.8, 29.9)
Closest enemy to 12: (-7.0, 36.7)
Closest enemy to 13: (-30.7, 18.0)
Closest enemy to 14: (-47.9, 15.9)
Closest enemy to 5: (47.1, 27.3)
Closest enemy to 6: (-30.0, 20.5)
Closest enemy to 7: (47.1, 27.3)
Closest enemy to 8: (-30.0, 20.5)
Closest enemy to 9: (47.1, 27.3)
Closest enemy to 11: (47.1, 27.3)
Closest enemy to 12: (-7.8, 34.2)
Closest enemy to 13: (-30.0, 20.5)
Closest enemy to 14: (-48.5, 18.4)
Closest enemy to 5: (46.7, 24.8)
Closest enemy to 6: (-28.6, 22.7)
Closest enemy to 7: (46.7, 24.8)
Closest enemy to 8: (-28.6, 22.7)
Closest enemy to 9: (46.7, 24.8)
Closest enemy to 11: (46.7, 24.8)
Closest enemy to 12: (-7.3, 31.7)
Closest enemy to 13: (-28.6, 22.7)
Closest enemy to 14: (-49.7, 20.7)
Closest enemy to 5: (45.7, 22.4)
Closest enemy to 6: (-26.8, 24.5)
Closest enemy to 7: (45.7, 22.4)
Closest enemy to 8: (-26.8, 24.5)
Closest enemy to 9: (45.7, 22.4)
Closest enemy to 11: (45.7, 22.4)
Closest enemy to 12: (-6.2, 29.4)
Closest enemy to 13: (-26.8, 24.5)
Closest enemy to 14: (-49.6, 23.3)
Closest enemy to 5: (46.0, 19.8)
Closest enemy to 6: (-48.9, 25.7)
Closest enemy to 7: (46.0, 19.8)
Closest enemy to 8: (-26.0, 26.9)
Closest enemy to 9: (46.0, 19.8)
Closest enemy to 11: (46.0, 19.8)
Closest enemy to 12: (-4.5, 27.5)
Closest enemy to 13: (-26.0, 26.9)
Closest enemy to 14: (-48.9, 25.7)
Closest enemy to 5: (46.9, 17.4)
Closest enemy to 6: (-47.5, 27.9)
Closest enemy to 7: (46.9, 17.4)
Closest enemy to 8: (-24.1, 28.7)
Closest enemy to 9: (46.9, 17.4)
Closest enemy to 11: (46.9, 17.4)
Closest enemy to 12: (-24.1, 28.7)
Closest enemy to 13: (-24.1, 28.7)
Closest enemy to 14: (-47.5, 27.9)
Closest enemy to 5: (48.5, 15.4)
Closest enemy to 6: (-45.6, 29.7)
Closest enemy to 7: (48.5, 15.4)
Closest enemy to 8: (-23.4, 31.2)
Closest enemy to 9: (48.5, 15.4)
Closest enemy to 11: (48.5, 15.4)
Closest enemy to 12: (-23.4, 31.2)
Closest enemy to 13: (-23.4, 31.2)
Closest enemy to 14: (-45.6, 29.7)
Closest enemy to 5: (48.8, 12.8)
Closest enemy to 6: (-43.4, 30.9)
Closest enemy to 7: (48.8, 12.8)
Closest enemy to 8: (-21.5, 32.9)
Closest enemy to 9: (48.8, 12.8)
Closest enemy to 11: (48.8, 12.8)
Closest enemy to 12: (-21.5, 32.9)
Closest enemy to 13: (2.7, 25.1)
Closest enemy to 14: (-43.4, 30.9)
Closest enemy to 5: (48.4, 10.2)
Closest enemy to 6: (-40.9, 31.5)
Closest enemy to 7: (48.4, 10.2)
Closest enemy to 8: (-20.8, 35.4)
Closest enemy to 9: (48.4, 10.2)
Closest enemy to 11: (48.4, 10.2)
Closest enemy to 12: (-20.8, 35.4)
Closest enemy to 13: (5.2, 25.0)
Closest enemy to 14: (-40.9, 31.5)
Closest enemy to 5: (49.4, 7.8)
Closest enemy to 6: (-38.3, 31.5)
Closest enemy to 7: (49.4, 7.8)
Closest enemy to 8: (-38.3, 31.5)
Closest enemy to 9: (49.4, 7.8)
Closest enemy to 11: (49.4, 7.8)
Closest enemy to 12: (-18.9, 37.2)
Closest enemy to 13: (7.7, 24.6)
Closest enemy to 14: (-38.3, 31.5)
Closest enemy to 5: (49.0, 5.3)
Closest enemy to 6: (-35.8, 30.7)
Closest enemy to 7: (49.0, 5.3)
Closest enemy to 8: (-35.8, 30.7)
Closest enemy to 9: (49.0, 5.3)
Closest enemy to 11: (49.0, 5.3)
Closest enemy to 12: (-16.7, 38.4)
Closest enemy to 13: (10.1, 24.2)
Closest enemy to 14: (-35.8, 30.7)
Closest enemy to 5: (49.9, 2.9)
Closest enemy to 6: (-33.6, 29.4)
Closest enemy to 7: (49.9, 2.9)
Closest enemy to 8: (-33.6, 29.4)
Closest enemy to 9: (49.9, 2.9)
Closest enemy to 11: (49.9, 2.9)
Closest enemy to 12: (-14.1, 39.0)
Closest enemy to 13: (-33.6, 29.4)
Closest enemy to 14: (-33.6, 29.4)
Closest enemy to 5: (49.6, 0.3)
Closest enemy to 6: (-31.8, 27.6)
Closest enemy to 7: (49.6, 0.3)
Closest enemy to 8: (-31.8, 27.6)
Closest enemy to 9: (49.6, 0.3)
Closest enemy to 11: (49.6, 0.3)
Closest enemy to 12: (-11.6, 39.0)
Closest enemy to 13: (-31.8, 27.6)
Closest enemy to 14: (-31.8, 27.6)
Closest enemy to 5: (48.6, -2.0)
Closest enemy to 6: (-30.5, 25.3)
Closest enemy to 7: (48.6, -2.0)
Closest enemy to 8: (-30.5, 25.3)
Closest enemy to 9: (48.6, -2.0)
Closest enemy to 11: (48.6, -2.0)
Closest enemy to 12: (-9.1, 38.2)
Closest enemy to 13: (-30.5, 25.3)
Closest enemy to 14: (-30.5, 25.3)
Closest enemy to 5: (48.9, -4.6)
Closest enemy to 6: (-29.8, 22.8)
Closest enemy to 7: (48.9, -4.6)
Closest enemy to 8: (-29.8, 22.8)
Closest enemy to 9: (48.9, -4.6)
Closest enemy to 11: (48.9, -4.6)
Closest enemy to 12: (-6.9, 36.9)
Closest enemy to 13: (-29.8, 22.8)
Closest enemy to 14: (-29.8, 22.8)
Closest enemy to 5: (49.8, -7.0)
Closest enemy to 6: (-28.0, 21.0)
Closest enemy to 7: (49.8, -7.0)
Closest enemy to 8: (-28.0, 21.0)
Closest enemy to 9: (49.8, -7.0)
Closest enemy to 11: (49.8, -7.0)
Closest enemy to 12: (-5.1, 35.0)
Closest enemy to 13: (-28.0, 21.0)
Closest enemy to 14: (-28.0, 21.0)
Closest enemy to 5: (49.4, -9.5)
Closest enemy to 6: (-25.8, 19.7)
Closest enemy to 7: (49.4, -9.5)
Closest enemy to 8: (-25.8, 19.7)
Closest enemy to 9: (49.4, -9.5)
Closest enemy to 11: (49.4, -9.5)
Closest enemy to 12: (-25.8, 19.7)
Closest enemy to 13: (-25.8, 19.7)
Closest enemy to 14: (-25.8, 19.7)
Closest enemy to 5: (26.5, 18.0)
Closest enemy to 6: (-23.4, 19.0)
Closest enemy to 7: (48.4, -11.9)
Closest enemy to 8: (-23.4, 19.0)
Closest enemy to 9: (48.4, -11.9)
Closest enemy to 11: (48.4, -11.9)
Closest enemy to 12: (-23.4, 19.0)
Closest enemy to 13: (-23.4, 19.0)
Closest enemy to 14: (-23.4, 19.0)
Closest enemy to 5: (28.6, 16.8)
Closest enemy to 6: (-20.8, 18.9)
Closest enemy to 7: (46.9, -13.9)
Closest enemy to 8: (-20.8, 18.9)
Closest enemy to 9: (46.9, -13.9)
Closest enemy to 11: (46.9, -13.9)
Closest enemy to 12: (-20.8, 18.9)
Closest enemy to 13: (-20.8, 18.9)
Closest enemy to 14: (-20.8, 18.9)
Closest enemy to 5: (30.7, 15.3)
Closest enemy to 6: (-18.3, 19.6)
Closest enemy to 7: (30.7, 15.3)
Closest enemy to 8: (-18.3, 19.6)
Closest enemy to 9: (44.8, -15.5)
Closest enemy to 11: (44.8, -15.5)
Closest enemy to 12: (-18.3, 19.6)
Closest enemy to 13: (-18.3, 19.6)
Closest enemy to 14: (-18.3, 19.6)
Closest enemy to 5: (32.7, 13.8)
Closest enemy to 6: (-16.0, 20.8)
Closest enemy to 7: (32.7, 13.8)
Closest enemy to 8: (-16.0, 20.8)
Closest enemy to 9: (42.4, -16.5)
Closest enemy to 11: (42.4, -16.5)
Closest enemy to 12: (-16.0, 20.8)
Closest enemy to 13: (-16.0, 20.8)
Closest enemy to 14: (-16.0, 20.8)
Closest enemy to 5: (34.5, 12.0)
Closest enemy to 6: (-13.5, 20.9)
Closest enemy to 7: (34.5, 12.0)
Closest enemy to 8: (-13.5, 20.9)
Closest enemy to 9: (39.8, -16.8)
Closest enemy to 11: (39.8, -16.8)
Closest enemy to 12: (-13.5, 20.9)
Closest enemy to 13: (-13.5, 20.9)
Closest enemy to 14: (-13.5, 20.9)
Closest enemy to 5: (36.1, 10.1)
Closest enemy to 6: (-11.0, 20.2)
Closest enemy to 7: (36.1, 10.1)
Closest enemy to 8: (-11.0, 20.2)
Closest enemy to 9: (37.3, -16.4)
Closest enemy to 11: (36.1, 10.1)
Closest enemy to 12: (-11.0, 20.2)
Closest enemy to 13: (-11.0, 20.2)
Closest enemy to 14: (-11.0, 20.2)
Closest enemy to 5: (37.4, 7.9)
Closest enemy to 6: (-8.7, 18.9)
Closest enemy to 7: (37.4, 7.9)
Closest enemy to 8: (-8.7, 18.9)
Closest enemy to 9: (37.4, 7.9)
Closest enemy to 11: (37.4, 7.9)
Closest enemy to 12: (-8.7, 18.9)
Closest enemy to 13: (-8.7, 18.9)
Closest enemy to 14: (-8.7, 18.9)
Closest enemy to 5: (38.4, 5.6)
Closest enemy to 6: (-14.2, 18.1)
Closest enemy to 7: (38.4, 5.6)
Closest enemy to 8: (-14.2, 18.1)
Closest enemy to 9: (38.4, 5.6)
Closest enemy to 11: (38.4, 5.6)
Closest enemy to 12: (-14.2, 18.1)
Closest enemy to 13: (-14.2, 18.1)
Closest enemy to 14: (-14.2, 18.1)
Closest enemy to 5: (40.1, 3.7)
Closest enemy to 6: (-16.8, 18.1)
Closest enemy to 7: (40.1, 3.7)
Closest enemy to 8: (-16.8, 18.1)
Closest enemy to 9: (40.1, 3.7)
Closest enemy to 11: (40.1, 3.7)
Closest enemy to 12: (-16.8, 18.1)
Closest enemy to 13: (-16.8, 18.1)
Closest enemy to 14: (-16.8, 18.1)
Closest enemy to 5: (41.2, 1.5)
Closest enemy to 6: (-19.3, 18.8)
Closest enemy to 7: (41.2, 1.5)
Closest enemy to 8: (-19.3, 18.8)
Closest enemy to 9: (41.2, 1.5)
Closest enemy to 11: (41.2, 1.5)
Closest enemy to 12: (-19.3, 18.8)
Closest enemy to 13: (-19.3, 18.8)
Closest enemy to 14: (-19.3, 18.8)
Closest enemy to 5: (41.6, -1.1)
Closest enemy to 6: (-21.5, 20.1)
Closest enemy to 7: (41.6, -1.1)
Closest enemy to 8: (-21.5, 20.1)
Closest enemy to 9: (41.6, -1.1)
Closest enemy to 11: (41.6, -1.1)
Closest enemy to 12: (-21.5, 20.1)
Closest enemy to 13: (-21.5, 20.1)
Closest enemy to 14: (-21.5, 20.1)
Closest enemy to 5: (41.3, -3.6)
Closest enemy to 6: (-23.3, 21.9)
Closest enemy to 7: (41.3, -3.6)
Closest enemy to 8: (-23.3, 21.9)
Closest enemy to 9: (41.3, -3.6)
Closest enemy to 11: (41.3, -3.6)
Closest enemy to 12: (-23.3, 21.9)
Closest enemy to 13: (-5.7, 7.2)
Closest enemy to 14: (-23.3, 21.9)
Closest enemy to 5: (42.3, -6.0)
Closest enemy to 6: (-24.6, 24.1)
Closest enemy to 7: (42.3, -6.0)
Closest enemy to 8: (-24.6, 24.1)
Closest enemy to 9: (42.3, -6.0)
Closest enemy to 11: (42.3, -6.0)
Closest enemy to 12: (-24.6, 24.1)
Closest enemy to 13: (-6.9, 5.0)
Closest enemy to 14: (-24.6, 24.1)
Closest enemy to 5: (42.0, -8.6)
Closest enemy to 6: (-25.3, 26.6)
Closest enemy to 7: (42.0, -8.6)
Closest enemy to 8: (-25.3, 26.6)
Closest enemy to 9: (42.0, -8.6)
Closest enemy to 11: (42.0, -8.6)
Closest enemy to 12: (-25.3, 26.6)
Closest enemy to 13: (-8.8, 3.2)
Closest enemy to 14: (-25.3, 26.6)
Closest enemy to 5: (41.0, -11.0)
Closest enemy to 6: (-25.3, 29.2)
Closest enemy to 7: (41.0, -11.0)
Closest enemy to 8: (-25.3, 29.2)
Closest enemy to 9: (41.0, -11.0)
Closest enemy to 11: (41.0, -11.0)
Closest enemy to 12: (-25.3, 29.2)
Closest enemy to 13: (-11.0, 1.9)
Closest enemy to 14: (-25.3, 29.2)
Closest enemy to 5: (39.5, -13.0)
Closest enemy to 6: (-24.7, 31.7)
Closest enemy to 7: (39.5, -13.0)
Closest enemy to 8: (-24.7, 31.7)
Closest enemy to 9: (39.5, -13.0)
Closest enemy to 11: (39.5, -13.0)
Closest enemy to 12: (-24.7, 31.7)
Closest enemy to 13: (-13.5, 1.3)
Closest enemy to 14: (-24.7, 31.7)
Closest enemy to 5: (37.5, -14.6)
Closest enemy to 6: (-23.4, 33.9)
Closest enemy to 7: (37.5, -14.6)
Closest enemy to 8: (-23.4, 33.9)
Closest enemy to 9: (37.5, -14.6)
Closest enemy to 11: (37.5, -14.6)
Closest enemy to 12: (-23.4, 33.9)
Closest enemy to 13: (-16.1, 1.3)
Closest enemy to 14: (-23.4, 33.9)
Closest enemy to 5: (35.1, -15.6)
Closest enemy to 6: (-21.6, 35.7)
Closest enemy to 7: (35.1, -15.6)
Closest enemy to 8: (-21.6, 35.7)
Closest enemy to 9: (35.1, -15.6)
Closest enemy to 11: (35.1, -15.6)
Closest enemy to 12: (-21.6, 35.7)
Closest enemy to 13: (-18.6, 1.9)
Closest enemy to 14: (-21.6, 35.7)
Closest enemy to 5: (32.6, -16.0)
Closest enemy to 6: (-20.9, 38.2)
Closest enemy to 7: (32.6, -16.0)
Closest enemy to 8: (-20.9, 38.2)
Closest enemy to 9: (32.6, -16.0)
Closest enemy to 11: (32.6, -16.0)
Closest enemy to 12: (-20.9, 38.2)
Closest enemy to 13: (-20.8, 3.2)
Closest enemy to 14: (-20.8, 3.2)
Closest enemy to 5: (30.5, -17.6)
Closest enemy to 6: (-19.1, 40.1)
Closest enemy to 7: (30.5, -17.6)
Closest enemy to 8: (-22.6, 5.1)
Closest enemy to 9: (30.5, -17.6)
Closest enemy to 11: (30.5, -17.6)
Closest enemy to 12: (-19.1, 40.1)
Closest enemy to 13: (-22.6, 5.1)
Closest enemy to 14: (-22.6, 5.1)
Closest enemy to 5: (29.0, -19.6)
Closest enemy to 6: (-18.4, 42.5)
Closest enemy to 7: (6.1, -2.0)
Closest enemy to 8: (-23.9, 7.3)
Closest enemy to 9: (29.0, -19.6)
Closest enemy to 11: (29.0, -19.6)
Closest enemy to 12: (-18.4, 42.5)
Closest enemy to 13: (-23.9, 7.3)
Closest enemy to 14: (-23.9, 7.3)
Closest enemy to 5: (28.0, -22.0)
Closest enemy to 6: (-16.6, 44.4)
Closest enemy to 7: (6.4, 0.5)
Closest enemy to 8: (-26.1, 8.6)
Closest enemy to 9: (28.0, -22.0)
Closest enemy to 11: (28.0, -22.0)
Closest enemy to 12: (-16.6, 44.4)
Closest enemy to 13: (-26.1, 8.6)
Closest enemy to 14: (-26.1, 8.6)
Closest enemy to 5: (26.0, -23.6)
Closest enemy to 6: (-14.3, 45.7)
Closest enemy to 7: (5.5, 2.9)
Closest enemy to 8: (-27.4, 10.8)
Closest enemy to 9: (5.5, 2.9)
Closest enemy to 11: (26.0, -23.6)
Closest enemy to 12: (-14.3, 45.7)
Closest enemy to 13: (-27.4, 10.8)
Closest enemy to 14: (-27.4, 10.8)
Closest enemy to 5: (23.6, -24.6)
Closest enemy to 6: (-28.1, 13.3)
Closest enemy to 7: (4.0, 5.0)
Closest enemy to 8: (-28.1, 13.3)
Closest enemy to 9: (4.0, 5.0)
Closest enemy to 11: (23.6, -24.6)
Closest enemy to 12: (-13.0, 47.9)
Closest enemy to 13: (4.0, 5.0)
Closest enemy to 14: (-28.1, 13.3)
Closest enemy to 5: (22.0, -26.7)
Closest enemy to 6: (-28.0, 15.9)
Closest enemy to 7: (2.5, 7.1)
Closest enemy to 8: (-28.0, 15.9)
Closest enemy to 9: (2.5, 7.1)
Closest enemy to 11: (22.0, -26.7)
Closest enemy to 12: (-10.8, 49.2)
Closest enemy to 13: (2.5, 7.1)
Closest enemy to 14: (-28.0, 15.9)
Closest enemy to 5: (19.7, -27.7)
Closest enemy to 6: (-27.4, 18.4)
Closest enemy to 7: (0.4, 8.5)
Closest enemy to 8: (-27.4, 18.4)
Closest enemy to 9: (0.4, 8.5)
Closest enemy to 11: (19.7, -27.7)
Closest enemy to 12: (-8.3, 49.9)
Closest enemy to 13: (0.4, 8.5)
Closest enemy to 14: (-27.4, 18.4)
Closest enemy to 5: (17.1, -28.1)
Closest enemy to 6: (-26.1, 20.6)
Closest enemy to 7: (-2.0, 9.4)
Closest enemy to 8: (-26.1, 20.6)
Closest enemy to 9: (-2.0, 9.4)
Closest enemy to 11: (17.1, -28.1)
Closest enemy to 12: (-10.6, 48.9)
Closest enemy to 13: (-2.0, 9.4)
Closest enemy to 14: (-26.1, 20.6)
Closest enemy to 5: (15.1, -29.7)
Closest enemy to 6: (-26.0, 23.2)
Closest enemy to 7: (-4.6, 9.6)
Closest enemy to 8: (-26.0, 23.2)
Closest enemy to 9: (-4.6, 9.6)
Closest enemy to 11: (15.1, -29.7)
Closest enemy to 12: (-10.6, 48.9)
Closest enemy to 13: (-4.6, 9.6)
Closest enemy to 14: (-26.0, 23.2)
Closest enemy to 5: (12.5, -30.0)
Closest enemy to 6: (-26.7, 25.7)
Closest enemy to 7: (-6.7, 11.0)
Closest enemy to 8: (-26.7, 25.7)
Closest enemy to 9: (-6.7, 11.0)
Closest enemy to 11: (12.5, -30.0)
Closest enemy to 12: (-10.6, 48.9)
Closest enemy to 13: (-6.7, 11.0)
Closest enemy to 14: (-26.7, 25.7)
Closest enemy to 5: (10.5, -31.6)
Closest enemy to 6: (-27.9, 27.9)
Closest enemy to 7: (-9.3, 11.2)
Closest enemy to 8: (-27.9, 27.9)
Closest enemy to 9: (-9.3, 11.2)
Closest enemy to 11: (10.5, -31.6)
Closest enemy to 12: (-10.6, 48.9)
Closest enemy to 13: (-9.3, 11.2)
Closest enemy to 14: (-27.9, 27.9)
Closest enemy to 5: (7.9, -32.0)
Closest enemy to 6: (-29.7, 29.8)
Closest enemy to 7: (-11.8, 10.8)
Closest enemy to 8: (-29.7, 29.8)
Closest enemy to 9: (-11.8, 10.8)
Closest enemy to 11: (7.9, -32.0)
Closest enemy to 12: (-10.6, 48.9)
Closest enemy to 13: (-11.8, 10.8)
Closest enemy to 14: (-11.8, 10.8)
Closest enemy to 5: (5.9, -33.6)
Closest enemy to 6: (-31.9, 31.1)
Closest enemy to 7: (-14.1, 9.7)
Closest enemy to 8: (-31.9, 31.1)
Closest enemy to 9: (-14.1, 9.7)
Closest enemy to 11: (5.9, -33.6)
Closest enemy to 12: (-10.6, 48.9)
Closest enemy to 13: (-14.1, 9.7)
Closest enemy to 14: (-14.1, 9.7)
Closest enemy to 5: (3.4, -33.9)
Closest enemy to 6: (-10.6, 48.9)
Closest enemy to 7: (-16.1, 8.0)
Closest enemy to 8: (-16.1, 8.0)
Closest enemy to 9: (-16.1, 8.0)
Closest enemy to 11: (3.4, -33.9)
Closest enemy to 12: (-10.6, 48.9)
Closest enemy to 13: (-16.1, 8.0)
Closest enemy to 14: (-16.1, 8.0)
Closest enemy to 5: (0.8, -33.6)
Closest enemy to 6: (-10.6, 48.9)
Closest enemy to 7: (-17.6, 5.9)
Closest enemy to 8: (-17.6, 5.9)
Closest enemy to 9: (-17.6, 5.9)
Closest enemy to 11: (0.8, -33.6)
Closest enemy to 12: (-10.6, 48.9)
Closest enemy to 13: (-17.6, 5.9)
Closest enemy to 14: (-17.6, 5.9)
Closest enemy to 5: (-1.6, -32.7)
Closest enemy to 6: (-10.6, 48.9)
Closest enemy to 7: (-19.9, 4.8)
Closest enemy to 8: (-19.9, 4.8)
Closest enemy to 9: (-19.9, 4.8)
Closest enemy to 11: (-1.6, -32.7)
Closest enemy to 12: (-10.6, 48.9)
Closest enemy to 13: (-19.9, 4.8)
Closest enemy to 14: (-19.9, 4.8)
Closest enemy to 5: (-3.7, -31.2)
Closest enemy to 6: (7.1, 36.3)
Closest enemy to 7: (7.1, 36.3)
Closest enemy to 8: (-22.4, 4.3)
Closest enemy to 9: (7.1, 36.3)
Closest enemy to 11: (-3.7, -31.2)
Closest enemy to 12: (-10.6, 48.9)
Closest enemy to 13: (-22.4, 4.3)
Closest enemy to 14: (-22.4, 4.3)
Closest enemy to 5: (-5.3, -29.1)
Closest enemy to 6: (5.9, 34.1)
Closest enemy to 7: (5.9, 34.1)
Closest enemy to 8: (-25.0, 4.4)
Closest enemy to 9: (5.9, 34.1)
Closest enemy to 11: (-5.3, -29.1)
Closest enemy to 12: (-10.6, 48.9)
Closest enemy to 13: (-25.0, 4.4)
Closest enemy to 14: (-25.0, 4.4)
Closest enemy to 5: (-6.3, -26.8)
Closest enemy to 6: (5.8, 31.5)
Closest enemy to 7: (5.8, 31.5)
Closest enemy to 8: (-27.4, 5.3)
Closest enemy to 9: (5.8, 31.5)
Closest enemy to 11: (-6.3, -26.8)
Closest enemy to 13: (-27.4, 5.3)
Closest enemy to 14: (-27.4, 5.3)
Closest enemy to 5: (-6.7, -24.2)
Closest enemy to 6: (6.5, 29.0)
Closest enemy to 7: (6.5, 29.0)
Closest enemy to 8: (-29.6, 6.7)
Closest enemy to 9: (6.5, 29.0)
Closest enemy to 11: (-6.7, -24.2)
Closest enemy to 13: (-29.6, 6.7)
Closest enemy to 14: (-29.6, 6.7)
Closest enemy to 5: (-6.4, -21.7)
Closest enemy to 6: (7.8, 26.8)
Closest enemy to 7: (7.8, 26.8)
Closest enemy to 8: (-31.3, 8.7)
Closest enemy to 9: (7.8, 26.8)
Closest enemy to 11: (-6.4, -21.7)
Closest enemy to 13: (-31.3, 8.7)
Closest enemy to 14: (-31.3, 8.7)
Closest enemy to 5: (-7.4, -19.3)
Closest enemy to 6: (9.6, 25.0)
Closest enemy to 7: (9.6, 25.0)
Closest enemy to 8: (9.6, 25.0)
Closest enemy to 9: (9.6, 25.0)
Closest enemy to 11: (-7.4, -19.3)
Closest enemy to 13: (-32.4, 11.0)
Closest enemy to 14: (-32.4, 11.0)
Closest enemy to 5: (-8.9, -17.2)
Closest enemy to 6: (11.8, 23.7)
Closest enemy to 7: (11.8, 23.7)
Closest enemy to 8: (11.8, 23.7)
Closest enemy to 9: (11.8, 23.7)
Closest enemy to 11: (-8.9, -17.2)
Closest enemy to 13: (-32.9, 13.5)
Closest enemy to 14: (-32.9, 13.5)
Closest enemy to 5: (-9.3, -14.7)
Closest enemy to 6: (14.3, 23.0)
Closest enemy to 7: (14.3, 23.0)
Closest enemy to 8: (14.3, 23.0)
Closest enemy to 9: (14.3, 23.0)
Closest enemy to 11: (-9.3, -14.7)
Closest enemy to 13: (-9.3, -14.7)
Closest enemy to 14: (-32.7, 16.1)
Closest enemy to 5: (-9.0, -12.1)
Closest enemy to 6: (16.1, 21.2)
Closest enemy to 7: (16.1, 21.2)
Closest enemy to 8: (16.1, 21.2)
Closest enemy to 9: (16.1, 21.2)
Closest enemy to 11: (-9.0, -12.1)
Closest enemy to 13: (-9.0, -12.1)
Closest enemy to 14: (-31.9, 18.5)
Closest enemy to 5: (-8.1, -9.7)
Closest enemy to 6: (18.6, 20.5)
Closest enemy to 7: (18.6, 20.5)
Closest enemy to 8: (18.6, 20.5)
Closest enemy to 9: (18.6, 20.5)
Closest enemy to 11: (-8.1, -9.7)
Closest enemy to 13: (-8.1, -9.7)
Closest enemy to 14: (-30.4, 20.7)
Closest enemy to 5: (-6.5, -7.7)
Closest enemy to 6: (20.4, 18.7)
Closest enemy to 7: (20.4, 18.7)
Closest enemy to 8: (-28.5, 22.3)
Closest enemy to 9: (20.4, 18.7)
Closest enemy to 11: (-6.5, -7.7)
Closest enemy to 13: (-6.5, -7.7)
Closest enemy to 14: (-28.5, 22.3)
Closest enemy to 5: (-4.5, -6.1)
Closest enemy to 6: (22.9, 18.0)
Closest enemy to 7: (22.9, 18.0)
Closest enemy to 8: (-26.2, 23.5)
Closest enemy to 9: (22.9, 18.0)
Closest enemy to 11: (-4.5, -6.1)
Closest enemy to 13: (-4.5, -6.1)
Closest enemy to 14: (-34.2, 8.2)
Closest enemy to 5: (-3.5, -3.7)
Closest enemy to 6: (24.7, 16.2)
Closest enemy to 7: (24.7, 16.2)
Closest enemy to 8: (-23.6, 24.0)
Closest enemy to 9: (24.7, 16.2)
Closest enemy to 11: (-3.5, -3.7)
Closest enemy to 13: (-33.5, 5.7)
Closest enemy to 14: (-33.5, 5.7)
Closest enemy to 5: (-3.2, -1.1)
Closest enemy to 6: (26.0, 13.9)
Closest enemy to 7: (26.0, 13.9)
Closest enemy to 8: (-21.1, 23.9)
Closest enemy to 9: (26.0, 13.9)
Closest enemy to 11: (-3.2, -1.1)
Closest enemy to 13: (-33.5, 3.2)
Closest enemy to 14: (-33.5, 3.2)
Closest enemy to 5: (-1.7, 0.9)
Closest enemy to 6: (26.7, 11.4)
Closest enemy to 7: (26.7, 11.4)
Closest enemy to 8: (-18.6, 23.0)
Closest enemy to 9: (26.7, 11.4)
Closest enemy to 11: (-1.7, 0.9)
Closest enemy to 13: (-34.2, 0.7)
Closest enemy to 14: (-34.2, 0.7)
Closest enemy to 5: (0.4, 2.5)
Closest enemy to 6: (26.7, 8.9)
Closest enemy to 7: (26.7, 8.9)
Closest enemy to 8: (0.4, 2.5)
Closest enemy to 9: (26.7, 8.9)
Closest enemy to 11: (0.4, 2.5)
Closest enemy to 13: (-35.5, -1.6)
Closest enemy to 14: (-35.5, -1.6)
Closest enemy to 5: (2.7, 3.6)
Closest enemy to 6: (26.1, 6.4)
Closest enemy to 7: (-13.7, 22.0)
Closest enemy to 8: (2.7, 3.6)
Closest enemy to 9: (26.1, 6.4)
Closest enemy to 11: (2.7, 3.6)
Closest enemy to 13: (-37.3, -3.4)
Closest enemy to 14: (-37.3, -3.4)
Closest enemy to 5: (5.3, 4.0)
Closest enemy to 6: (24.8, 4.1)
Closest enemy to 7: (-11.3, 21.2)
Closest enemy to 8: (5.3, 4.0)
Closest enemy to 9: (24.8, 4.1)
Closest enemy to 11: (5.3, 4.0)
Closest enemy to 13: (-39.5, -4.7)
Closest enemy to 14: (-39.5, -4.7)
Closest enemy to 5: (7.7, 4.2)
Closest enemy to 6: (23.0, 2.3)
Closest enemy to 7: (-9.0, 20.2)
Closest enemy to 8: (7.7, 4.2)
Closest enemy to 9: (23.0, 2.3)
Closest enemy to 11: (7.7, 4.2)
Closest enemy to 13: (-42.0, -5.3)
Closest enemy to 14: (-42.0, -5.3)
Closest enemy to 5: (10.2, 2.7)
Closest enemy to 6: (10.2, 2.7)
Closest enemy to 7: (-6.8, 19.1)
Closest enemy to 8: (10.2, 2.7)
Closest enemy to 9: (20.7, 1.0)
Closest enemy to 11: (10.2, 2.7)
Closest enemy to 13: (-43.9, -7.1)
Closest enemy to 14: (-43.9, -7.1)
Closest enemy to 5: (12.3, 1.1)
Closest enemy to 6: (12.3, 1.1)
Closest enemy to 7: (-4.7, 17.7)
Closest enemy to 8: (12.3, 1.1)
Closest enemy to 9: (18.3, 0.3)
Closest enemy to 11: (12.3, 1.1)
Closest enemy to 13: (-45.2, -9.3)
Closest enemy to 14: (-45.2, -9.3)
Closest enemy to 5: (13.9, -0.9)
Closest enemy to 6: (15.7, 0.3)
Closest enemy to 7: (-2.7, 16.2)
Closest enemy to 8: (-2.7, 16.2)
Closest enemy to 9: (15.7, 0.3)
Closest enemy to 11: (13.9, -0.9)
Closest enemy to 13: (-47.4, -10.6)
Closest enemy to 14: (-47.4, -10.6)
Closest enemy to 5: (16.3, -1.9)
Closest enemy to 6: (13.4, -1.0)
Closest enemy to 7: (-0.7, 14.7)
Closest enemy to 8: (-0.7, 14.7)
Closest enemy to 9: (13.4, -1.0)
Closest enemy to 11: (16.3, -1.9)
Closest enemy to 13: (-48.8, -12.8)
Closest enemy to 14: (-48.8, -12.8)
Closest enemy to 5: (10.9, -1.0)
Closest enemy to 6: (10.9, -1.0)
Closest enemy to 7: (1.1, 13.0)
Closest enemy to 8: (1.1, 13.0)
Closest enemy to 9: (18.8, -2.2)
Closest enemy to 11: (10.9, -1.0)
Closest enemy to 13: (-49.5, -15.3)
Closest enemy to 14: (-49.5, -15.3)
Closest enemy to 5: (8.4, -0.3)
Closest enemy to 6: (8.4, -0.3)
Closest enemy to 7: (-10.6, 48.9)
Closest enemy to 8: (2.7, 11.0)
Closest enemy to 9: (21.3, -1.2)
Closest enemy to 11: (8.4, -0.3)
Closest enemy to 13: (-49.5, -17.9)
Closest enemy to 14: (-49.5, -17.9)
Closest enemy to 5: (6.1, 1.0)
Closest enemy to 6: (6.1, 1.0)
Closest enemy to 7: (-10.6, 48.9)
Closest enemy to 8: (6.1, 1.0)
Closest enemy to 9: (23.8, -0.8)
Closest enemy to 11: (6.1, 1.0)
Closest enemy to 13: (-48.9, -20.4)
Closest enemy to 14: (-48.9, -20.4)
Closest enemy to 5: (4.3, 2.8)
Closest enemy to 6: (5.0, 6.5)
Closest enemy to 7: (-10.6, 48.9)
Closest enemy to 8: (4.3, 2.8)
Closest enemy to 9: (25.8, 0.7)
Closest enemy to 11: (4.3, 2.8)
Closest enemy to 13: (-47.6, -22.6)
Closest enemy to 14: (-47.6, -22.6)
Closest enemy to 5: (3.0, 5.0)
Closest enemy to 6: (5.2, 4.0)
Closest enemy to 7: (-10.6, 48.9)
Closest enemy to 8: (3.0, 5.0)
Closest enemy to 9: (28.4, 1.1)
Closest enemy to 11: (3.0, 5.0)
Closest enemy to 13: (-45.8, -24.5)
Closest enemy to 14: (-45.8, -24.5)
Closest enemy to 5: (6.6, 1.8)
Closest enemy to 6: (6.6, 1.8)
Closest enemy to 7: (-10.6, 48.9)
Closest enemy to 8: (6.6, 1.8)
Closest enemy to 9: (30.8, 1.4)
Closest enemy to 11: (6.6, 1.8)
Closest enemy to 13: (-43.6, -25.8)
Closest enemy to 14: (-43.6, -25.8)
Closest enemy to 6: (8.5, 0.1)
Closest enemy to 7: (-10.6, 48.9)
Closest enemy to 9: (33.3, -0.1)
Closest enemy to 11: (8.5, 0.1)
Closest enemy to 13: (-41.1, -26.5)
Closest enemy to 14: (-41.1, -26.5)
Closest enemy to 6: (9.4, -2.3)
Closest enemy to 7: (-10.6, 48.9)
Closest enemy to 9: (35.4, -1.7)
Closest enemy to 11: (9.4, -2.3)
Closest enemy to 13: (-39.3, -28.3)
Closest enemy to 14: (-39.3, -28.3)
Closest enemy to 6: (9.6, -4.9)
Closest enemy to 7: (-10.6, 48.9)
Closest enemy to 9: (37.0, -3.7)
Closest enemy to 11: (9.6, -4.9)
Closest enemy to 13: (-38.0, -30.6)
Closest enemy to 14: (-38.0, -30.6)
Closest enemy to 6: (11.0, -7.0)
Closest enemy to 7: (-10.6, 48.9)
Closest enemy to 9: (38.0, -6.1)
Closest enemy to 11: (11.0, -7.0)
Closest enemy to 13: (-35.8, -31.9)
Closest enemy to 14: (-35.8, -31.9)
Closest enemy to 6: (13.0, -8.7)
Closest enemy to 7: (-10.6, 48.9)
Closest enemy to 9: (40.1, -7.6)
Closest enemy to 11: (13.0, -8.7)
Closest enemy to 13: (-33.3, -32.6)
Closest enemy to 14: (-33.3, -32.6)
Closest enemy to 6: (15.3, -9.9)
Closest enemy to 7: (-10.6, 48.9)
Closest enemy to 9: (41.1, -10.0)
Closest enemy to 11: (-4.9, 18.6)
Closest enemy to 13: (-30.7, -32.6)
Closest enemy to 14: (-30.7, -32.6)
Closest enemy to 6: (17.8, -10.4)
Closest enemy to 7: (-10.6, 48.9)
Closest enemy to 9: (41.5, -12.5)
Closest enemy to 11: (-3.6, 20.8)
Closest enemy to 13: (-28.2, -31.9)
Closest enemy to 14: (-28.2, -31.9)
Closest enemy to 6: (20.4, -10.2)
Closest enemy to 7: (-10.6, 48.9)
Closest enemy to 9: (41.2, -15.1)
Closest enemy to 11: (-3.6, 23.4)
Closest enemy to 13: (-26.0, -30.7)
Closest enemy to 14: (-26.0, -30.7)
Closest enemy to 6: (22.8, -9.3)
Closest enemy to 7: (-10.6, 48.9)
Closest enemy to 9: (22.8, -9.3)
Closest enemy to 11: (-4.2, 25.9)
Closest enemy to 13: (-24.2, -28.9)
Closest enemy to 14: (-24.2, -28.9)
Closest enemy to 6: (24.9, -7.9)
Closest enemy to 7: (-10.6, 48.9)
Closest enemy to 9: (24.9, -7.9)
Closest enemy to 11: (-3.6, 28.4)
Closest enemy to 13: (-22.8, -26.7)
Closest enemy to 14: (-22.8, -26.7)
Closest enemy to 6: (26.7, -6.1)
Closest enemy to 7: (-10.6, 48.9)
Closest enemy to 9: (26.7, -6.1)
Closest enemy to 11: (-2.3, 30.6)
Closest enemy to 13: (-22.1, -24.2)
Closest enemy to 14: (-22.1, -24.2)
Closest enemy to 6: (28.8, -4.8)
Closest enemy to 7: (-10.6, 48.9)
Closest enemy to 9: (28.8, -4.8)
Closest enemy to 11: (-2.3, 33.2)
Closest enemy to 13: (-22.1, -21.7)
Closest enemy to 14: (-22.1, -21.7)
Closest enemy to 6: (31.4, -4.2)
Closest enemy to 7: (-10.6, 48.9)
Closest enemy to 9: (31.4, -4.2)
Closest enemy to 11: (-1.0, 35.4)
Closest enemy to 13: (-22.7, -19.2)
Closest enemy to 14: (-22.7, -19.2)
Closest enemy to 6: (-24.0, -16.9)
Closest enemy to 7: (-10.6, 48.9)
Closest enemy to 9: (33.9, -4.3)
Closest enemy to 11: (0.8, 37.3)
Closest enemy to 13: (-24.0, -16.9)
Closest enemy to 14: (-24.0, -16.9)
Closest enemy to 6: (-25.8, -15.1)
Closest enemy to 7: (-10.6, 48.9)
Closest enemy to 9: (36.4, -5.0)
Closest enemy to 11: (3.0, 38.6)
Closest enemy to 13: (-25.8, -15.1)
Closest enemy to 14: (-25.8, -15.1)
Closest enemy to 6: (24.4, -20.4)
Closest enemy to 7: (-10.6, 48.9)
Closest enemy to 9: (38.9, -4.3)
Closest enemy to 11: (5.5, 39.3)
Closest enemy to 13: (-28.0, -13.8)
Closest enemy to 14: (-28.0, -13.8)
Closest enemy to 6: (22.0, -19.8)
Closest enemy to 7: (-10.6, 48.9)
Closest enemy to 9: (41.2, -3.1)
Closest enemy to 11: (8.1, 39.3)
Closest enemy to 13: (-30.5, -13.1)
Closest enemy to 14: (-30.5, -13.1)
Closest enemy to 6: (20.0, -18.2)
Closest enemy to 7: (-10.6, 48.9)
Closest enemy to 9: (43.0, -1.3)
Closest enemy to 11: (10.6, 38.6)
Closest enemy to 13: (-33.0, -13.0)
Closest enemy to 14: (-33.0, -13.0)
Closest enemy to 6: (18.4, -16.2)
Closest enemy to 7: (-10.6, 48.9)
Closest enemy to 9: (44.4, 0.9)
Closest enemy to 11: (12.8, 37.3)
Closest enemy to 13: (-35.5, -13.6)
Closest enemy to 14: (-35.5, -13.6)
Closest enemy to 6: (17.4, -13.8)
Closest enemy to 7: (-10.6, 48.9)
Closest enemy to 9: (45.1, 3.3)
Closest enemy to 11: (14.7, 35.5)
Closest enemy to 13: (-37.8, -14.9)
Closest enemy to 14: (-37.8, -14.9)
Closest enemy to 6: (17.1, -11.2)
Closest enemy to 7: (-10.6, 48.9)
Closest enemy to 9: (45.1, 5.9)
Closest enemy to 11: (16.0, 33.3)
Closest enemy to 13: (-39.6, -16.7)
Closest enemy to 14: (-39.6, -16.7)
Closest enemy to 6: (15.6, -9.1)
Closest enemy to 7: (-10.6, 48.9)
Closest enemy to 9: (44.5, 8.4)
Closest enemy to 11: (16.7, 30.8)
Closest enemy to 13: (-41.0, -18.9)
Closest enemy to 14: (-41.0, -18.9)
Closest enemy to 6: (13.6, -7.5)
Closest enemy to 7: (-10.6, 48.9)
Closest enemy to 9: (43.3, 10.7)
Closest enemy to 11: (16.7, 28.2)
Closest enemy to 13: (-41.7, -21.4)
Closest enemy to 14: (-41.7, -21.4)
Closest enemy to 6: (11.2, -6.5)
Closest enemy to 7: (-10.6, 48.9)
Closest enemy to 9: (41.5, 12.5)
Closest enemy to 11: (-10.6, 48.9)
Closest enemy to 13: (-41.7, -24.0)
Closest enemy to 14: (-41.7, -24.0)
Closest enemy to 6: (8.7, -6.1)
Closest enemy to 7: (-10.6, 48.9)
Closest enemy to 9: (39.3, 13.9)
Closest enemy to 11: (-10.6, 48.9)
Closest enemy to 13: (-41.1, -26.5)
Closest enemy to 14: (-41.1, -26.5)
Closest enemy to 6: (6.1, -6.4)
Closest enemy to 7: (-10.6, 48.9)
Closest enemy to 9: (36.8, 14.6)
Closest enemy to 11: (-10.6, 48.9)
Closest enemy to 13: (-40.1, -28.8)
Closest enemy to 14: (-40.1, -28.8)
Closest enemy to 6: (3.7, -7.4)
Closest enemy to 7: (-10.6, 48.9)
Closest enemy to 9: (34.2, 14.6)
Closest enemy to 11: (-10.6, 48.9)
Closest enemy to 13: (-39.4, -31.2)
Closest enemy to 14: (-39.4, -31.2)
Closest enemy to 6: (1.6, -8.9)
Closest enemy to 7: (-10.6, 48.9)
Closest enemy to 9: (31.7, 14.0)
Closest enemy to 11: (-10.6, 48.9)
Closest enemy to 13: (-38.6, -33.6)
Closest enemy to 14: (-38.6, -33.6)
Closest enemy to 6: (0.0, -10.9)
Closest enemy to 7: (-10.6, 48.9)
Closest enemy to 9: (29.5, 12.8)
Closest enemy to 11: (-10.6, 48.9)
Closest enemy to 13: (-37.7, -35.9)
Closest enemy to 14: (-37.7, -35.9)
Closest enemy to 6: (-1.0, -13.3)
Closest enemy to 7: (-10.6, 48.9)
Closest enemy to 9: (27.6, 11.0)
Closest enemy to 11: (-10.6, 48.9)
Closest enemy to 13: (-36.7, -38.2)
Closest enemy to 14: (-36.7, -38.2)
Closest enemy to 6: (-1.4, -15.8)
Closest enemy to 7: (-10.6, 48.9)
Closest enemy to 9: (26.3, 8.8)
Closest enemy to 11: (-10.6, 48.9)
Closest enemy to 13: (-35.5, -40.4)
Closest enemy to 14: (-35.5, -40.4)
Closest enemy to 6: (-1.9, -18.2)
Closest enemy to 7: (-10.6, 48.9)
Closest enemy to 9: (25.6, 6.3)
Closest enemy to 11: (-10.6, 48.9)
Closest enemy to 13: (-34.1, -42.5)
Closest enemy to 14: (-34.1, -42.5)
Closest enemy to 6: (-2.5, -20.7)
Closest enemy to 7: (-10.6, 48.9)
Closest enemy to 9: (25.5, 3.7)
Closest enemy to 11: (-10.6, 48.9)
Closest enemy to 13: (-32.5, -44.5)
Closest enemy to 14: (-32.5, -44.5)
Closest enemy to 6: (-3.2, -23.1)
Closest enemy to 7: (-10.6, 48.9)
Closest enemy to 9: (26.1, 1.2)
Closest enemy to 11: (-10.6, 48.9)
Closest enemy to 13: (-30.7, -46.2)
Closest enemy to 14: (-30.7, -46.2)
Closest enemy to 6: (-3.8, -25.5)
Closest enemy to 7: (-10.6, 48.9)
Closest enemy to 9: (27.4, -1.0)
Closest enemy to 11: (-10.6, 48.9)
Closest enemy to 13: (-28.4, -47.3)
Closest enemy to 14: (-28.4, -47.3)
Closest enemy to 6: (-4.5, -27.9)
Closest enemy to 7: (-10.6, 48.9)
Closest enemy to 9: (29.1, -3.0)
Closest enemy to 11: (-10.6, 48.9)
Closest enemy to 13: (-26.1, -48.3)
Closest enemy to 14: (-26.1, -48.3)
Closest enemy to 6: (-5.2, -30.3)
Closest enemy to 7: (-10.6, 48.9)
Closest enemy to 9: (30.5, -5.0)
Closest enemy to 13: (-23.7, -49.0)
Closest enemy to 14: (-23.7, -49.0)
Closest enemy to 6: (-21.2, -49.5)
Closest enemy to 7: (-10.6, 48.9)
Closest enemy to 9: (31.8, -7.1)
Closest enemy to 13: (-21.2, -49.5)
Closest enemy to 14: (-21.2, -49.5)
Closest enemy to 6: (-18.7, -48.8)
Closest enemy to 7: (-10.6, 48.9)
Closest enemy to 9: (33.1, -9.3)
Closest enemy to 13: (-18.7, -48.8)
Closest enemy to 14: (-18.7, -48.8)
Closest enemy to 6: (-16.3, -48.1)
Closest enemy to 7: (-11.8, 39.2)
Closest enemy to 9: (34.4, -11.4)
Closest enemy to 13: (-16.3, -48.1)
Closest enemy to 14: (-16.3, -48.1)
Closest enemy to 7: (-14.4, 39.3)
Closest enemy to 9: (35.5, -13.6)
Closest enemy to 13: (-14.3, -46.5)
Closest enemy to 14: (-14.3, -46.5)
Closest enemy to 7: (-16.9, 39.5)
Closest enemy to 9: (36.7, -15.9)
Closest enemy to 13: (-12.8, -44.4)
Closest enemy to 14: (-12.8, -44.4)
Closest enemy to 7: (-19.4, 39.5)
Closest enemy to 9: (37.8, -18.1)
Closest enemy to 13: (-10.4, -43.4)
Closest enemy to 14: (-10.4, -43.4)
Closest enemy to 7: (-21.9, 39.5)
Closest enemy to 9: (38.7, -20.4)
Closest enemy to 13: (-7.9, -43.0)
Closest enemy to 14: (-7.9, -43.0)
Closest enemy to 7: (-24.4, 39.3)
Closest enemy to 9: (39.6, -22.8)
Closest enemy to 13: (-5.8, -41.4)
Closest enemy to 14: (-5.8, -41.4)
Closest enemy to 7: (-26.9, 38.9)
Closest enemy to 9: (40.4, -25.2)
Closest enemy to 13: (-3.3, -41.0)
Closest enemy to 14: (-3.3, -41.0)
Closest enemy to 7: (-29.3, 38.4)
Closest enemy to 9: (41.0, -27.6)
Closest enemy to 13: (-0.7, -41.0)
Closest enemy to 14: (-0.7, -41.0)
Closest enemy to 7: (-31.7, 37.8)
Closest enemy to 9: (41.5, -30.0)
Closest enemy to 13: (1.6, -40.2)
Closest enemy to 14: (1.6, -40.2)
Closest enemy to 7: (-34.1, 36.9)
Closest enemy to 9: (41.7, -32.5)
Closest enemy to 13: (3.7, -38.6)
Closest enemy to 14: (3.7, -38.6)
Closest enemy to 7: (-36.4, 35.8)
Closest enemy to 9: (41.8, -35.0)
Closest enemy to 13: (6.2, -38.2)
Closest enemy to 14: (6.2, -38.2)
Closest enemy to 7: (-38.5, 34.6)
Closest enemy to 9: (41.6, -37.5)
Closest enemy to 13: (8.2, -36.6)
Closest enemy to 14: (8.2, -36.6)
Closest enemy to 7: (-40.6, 33.1)
Closest enemy to 9: (41.1, -40.0)
Closest enemy to 13: (10.8, -36.2)
Closest enemy to 14: (10.8, -36.2)
Closest enemy to 7: (-42.4, 31.4)
Closest enemy to 9: (40.3, -42.4)
Closest enemy to 13: (13.3, -36.2)
Closest enemy to 14: (13.3, -36.2)
Closest enemy to 7: (-44.0, 29.5)
Closest enemy to 9: (39.2, -44.6)
Closest enemy to 13: (15.7, -35.5)
Closest enemy to 14: (15.7, -35.5)
Closest enemy to 7: (-45.4, 27.4)
Closest enemy to 9: (37.3, -46.4)
Closest enemy to 13: (18.2, -35.5)
Closest enemy to 14: (18.2, -35.5)
Closest enemy to 7: (-46.2, 24.9)
Closest enemy to 9: (35.2, -47.8)
Closest enemy to 13: (20.7, -36.7)
Closest enemy to 14: (20.7, -36.7)
Closest enemy to 7: (-46.9, 22.5)
Closest enemy to 9: (32.9, -48.9)
Closest enemy to 13: (23.2, -36.0)
Closest enemy to 14: (23.2, -36.0)
Closest enemy to 7: (-47.3, 20.0)
Closest enemy to 9: (30.3, -49.2)
Closest enemy to 13: (25.6, -35.3)
Closest enemy to 14: (25.6, -35.3)
Closest enemy to 7: (-47.5, 17.5)
Closest enemy to 13: (28.1, -35.3)
Closest enemy to 14: (27.8, -48.8)
Closest enemy to 7: (-48.8, 15.3)
Closest enemy to 13: (25.4, -47.8)
Closest enemy to 14: (25.4, -47.8)
Closest enemy to 7: (-48.8, 12.7)
Closest enemy to 13: (22.8, -48.1)
Closest enemy to 14: (22.8, -48.1)
Closest enemy to 7: (-50.1, 10.5)
Closest enemy to 13: (20.4, -49.0)
Closest enemy to 14: (20.4, -49.0)
Closest enemy to 7: (-50.2, 7.9)
Closest enemy to 13: (17.9, -48.6)
Closest enemy to 14: (17.9, -48.6)
Closest enemy to 7: (-49.5, 5.4)
Closest enemy to 13: (15.5, -47.6)
Closest enemy to 7: (-50.2, 2.9)
Closest enemy to 13: (13.5, -46.0)
Closest enemy to 7: (-49.6, 0.4)
Closest enemy to 13: (11.9, -44.0)
Closest enemy to 7: (-50.2, -2.1)
Closest enemy to 13: (11.0, -41.6)
Closest enemy to 7: (-49.6, -4.5)
Closest enemy to 13: (10.7, -39.0)
Closest enemy to 7: (-48.3, -6.8)
Closest enemy to 13: (11.0, -36.5)
Closest enemy to 7: (-48.3, -9.4)
Closest enemy to 13: (12.0, -34.1)
Closest enemy to 7: (-49.0, -11.9)
Closest enemy to 13: (13.6, -32.1)
Closest enemy to 7: (-48.4, -14.4)
Closest enemy to 13: (15.7, -30.5)
Closest enemy to 7: (-49.0, -16.8)
Closest enemy to 13: (18.1, -29.6)
Closest enemy to 7: (-48.4, -19.3)
Closest enemy to 13: (20.6, -29.2)
Closest enemy to 7: (-49.1, -21.8)
Closest enemy to 13: (23.2, -29.6)
Closest enemy to 7: (-48.4, -24.3)
Closest enemy to 13: (25.6, -30.6)
Closest enemy to 7: (-49.1, -26.8)
Closest enemy to 13: (27.6, -32.2)
Closest enemy to 7: (-48.5, -29.3)
Closest enemy to 13: (29.7, -33.6)
Closest enemy to 7: (-47.2, -31.6)
Closest enemy to 13: (31.9, -34.8)
Closest enemy to 7: (-45.4, -33.4)
Closest enemy to 13: (34.2, -35.8)
Closest enemy to 7: (-43.2, -34.7)
Closest enemy to 13: (36.7, -36.0)
Closest enemy to 7: (-41.9, -37.0)
Closest enemy to 13: (39.3, -35.4)
Closest enemy to 7: (-39.7, -38.3)
Closest enemy to 13: (41.6, -34.3)
Closest enemy to 7: (-37.2, -39.0)
Closest enemy to 13: (43.5, -32.6)
Closest enemy to 7: (-34.6, -39.0)
Closest enemy to 13: (44.9, -30.4)
Closest enemy to 7: (-32.1, -38.5)
Closest enemy to 13: (45.7, -28.0)
Closest enemy to 7: (-29.6, -38.3)
Closest enemy to 13: (45.9, -25.4)
Closest enemy to 7: (-27.1, -38.1)
Closest enemy to 13: (45.4, -22.9)
Closest enemy to 7: (-24.7, -37.8)
Closest enemy to 13: (44.2, -20.6)
Closest enemy to 7: (-22.4, -36.6)
Closest enemy to 13: (42.5, -18.7)
Closest enemy to 7: (-20.5, -34.8)
Closest enemy to 13: (40.4, -17.2)
Closest enemy to 7: (-19.2, -32.6)
Closest enemy to 13: (39.2, -15.0)
Closest enemy to 7: (-18.5, -30.2)
Closest enemy to 13: (38.6, -12.4)
Closest enemy to 7: (-18.4, -27.6)
Closest enemy to 13: (38.8, -9.9)
Closest enemy to 7: (-19.0, -25.1)
Closest enemy to 13: (39.6, -7.4)
Closest enemy to 7: (-20.2, -22.8)
Closest enemy to 13: (41.0, -5.2)
Closest enemy to 7: (-20.2, -20.2)
Closest enemy to 13: (41.1, -2.7)
Closest enemy to 7: (-21.4, -18.0)
Closest enemy to 13: (40.6, -0.1)
Closest enemy to 7: (-23.2, -16.1)
Closest enemy to 13: (41.4, 2.3)
Closest enemy to 7: (-25.4, -14.8)
Closest enemy to 13: (42.8, 4.5)
Closest enemy to 7: (-26.7, -12.5)
Closest enemy to 13: (42.9, 7.0)
Closest enemy to 7: (-27.3, -10.0)
Closest enemy to 13: (42.4, 9.6)
Closest enemy to 7: (-29.1, -8.2)
Closest enemy to 13: (43.2, 12.0)
Closest enemy to 7: (-29.7, -5.7)
Closest enemy to 13: (42.7, 14.5)
Closest enemy to 7: (-31.5, -3.8)
Closest enemy to 13: (43.5, 17.0)
Closest enemy to 7: (-32.1, -1.3)
Closest enemy to 13: (43.0, 19.5)
Closest enemy to 7: (-33.9, 0.6)
Closest enemy to 13: (43.8, 22.0)
Closest enemy to 7: (-34.5, 3.1)
Closest enemy to 13: (43.3, 24.5)
Closest enemy to 7: (-36.3, 4.9)
Closest enemy to 13: (44.0, 27.0)
Closest enemy to 7: (4.9, -7.3)
Closest enemy to 13: (43.5, 29.5)
Closest enemy to 7: (2.6, -6.1)
Closest enemy to 13: (44.3, 31.9)
Closest enemy to 7: (0.6, -4.4)
Closest enemy to 13: (43.8, 34.5)
Closest enemy to 7: (-0.8, -2.2)
Closest enemy to 13: (42.7, 36.8)
Closest enemy to 7: (8.5, -13.0)
Closest enemy to 13: (41.0, 38.7)
Closest enemy to 7: (6.6, -14.7)
Closest enemy to 13: (38.8, 40.1)
Closest enemy to 7: (4.3, -15.8)
Closest enemy to 13: (36.4, 40.9)
Closest enemy to 7: (1.8, -16.4)
Closest enemy to 13: (33.8, 41.1)
Closest enemy to 7: (-0.8, -16.2)
Closest enemy to 13: (31.3, 40.6)
Closest enemy to 7: (-3.2, -15.4)
Closest enemy to 13: (29.0, 39.4)
Closest enemy to 7: (-5.4, -14.0)
Closest enemy to 13: (27.0, 37.7)
Closest enemy to 7: (-7.1, -12.0)
Closest enemy to 13: (25.6, 35.6)
Closest enemy to 7: (-8.2, -9.7)
Closest enemy to 13: (24.8, 33.1)
Closest enemy to 7: (-8.8, -7.2)
Closest enemy to 13: (24.6, 30.6)
Closest enemy to 7: (-8.6, -4.6)
Closest enemy to 13: (25.1, 28.0)
Closest enemy to 7: (-7.8, -2.2)
Closest enemy to 13: (24.4, 25.6)
Closest enemy to 7: (-6.4, -0.0)
Closest enemy to 13: (23.0, 23.4)
Closest enemy to 7: (-4.4, 1.7)
Closest enemy to 13: (21.1, 21.7)
Closest enemy to 7: (-2.1, 2.8)
Closest enemy to 13: (18.8, 20.5)
Closest enemy to 7: (0.4, 3.4)
Closest enemy to 13: (16.2, 20.0)
Closest enemy to 7: (3.0, 3.3)
Closest enemy to 13: (13.7, 20.1)
Closest enemy to 7: (5.4, 2.4)
Closest enemy to 13: (11.4, 18.9)
Closest enemy to 7: (7.6, 0.9)
Closest enemy to 13: (8.8, 19.1)
Closest enemy to 7: (-18.3, 1.4)
Closest enemy to 13: (6.3, 19.9)
Closest enemy to 7: (-17.3, -0.9)
Closest enemy to 13: (4.2, 21.3)
Closest enemy to 7: (-16.2, -3.1)
Closest enemy to 13: (2.4, 23.2)
Closest enemy to 7: (-14.9, -5.3)
Closest enemy to 13: (1.3, 25.5)
Closest enemy to 7: (-13.4, -7.3)
Closest enemy to 13: (0.7, 28.0)
Closest enemy to 7: (-12.9, -9.8)
Closest enemy to 13: (0.8, 30.5)
Closest enemy to 7: (-13.1, -12.4)
Closest enemy to 13: (1.6, 33.0)
Closest enemy to 7: (-11.9, -14.7)
Closest enemy to 13: (3.0, 35.2)
Closest enemy to 7: (-10.3, -16.7)
Closest enemy to 13: (3.2, 37.7)
Closest enemy to 7: (-8.1, -18.1)
Closest enemy to 13: (2.7, 40.3)
Closest enemy to 7: (-9.8, 8.5)
Closest enemy to 13: (3.5, 42.7)
Closest enemy to 7: (-5.4, -14.0)
Closest enemy to 13: (4.9, 44.9)
Closest enemy to 7: (-7.1, -12.0)
Closest enemy to 13: (6.8, 46.6)
Closest enemy to 7: (-8.2, -9.7)
Closest enemy to 13: (9.1, 47.8)
Closest enemy to 7: (-8.8, -7.2)
Closest enemy to 13: (11.6, 48.3)
Closest enemy to 7: (-8.6, -4.6)
Closest enemy to 13: (14.1, 48.3)
Closest enemy to 7: (-7.8, -2.2)
Closest enemy to 13: (16.5, 49.4)
Closest enemy to 7: (-6.4, -0.0)
Closest enemy to 13: (19.0, 49.3)
Closest enemy to 7: (-4.4, 1.7)
Closest enemy to 13: (21.5, 48.4)
Closest enemy to 7: (-2.1, 2.8)
Closest enemy to 13: (24.0, 49.0)
Closest enemy to 7: (0.4, 3.4)
Closest enemy to 13: (26.3, 50.1)
Closest enemy to 7: (3.0, 3.3)
Closest enemy to 13: (28.9, 50.1)
Closest enemy to 7: (-1.7, 0.3)
Closest enemy to 13: (31.3, 49.2)
Closest enemy to 7: (-4.2, 0.5)
Closest enemy to 13: (12.0, 31.9)
Closest enemy to 7: (-6.8, 0.1)
Closest enemy to 13: (14.5, 32.7)
Closest enemy to 7: (-9.1, -1.1)
Closest enemy to 13: (17.1, 32.9)
Closest enemy to 7: (-11.1, -2.6)
Closest enemy to 13: (19.6, 32.3)
Closest enemy to 7: (-13.1, -4.2)
Closest enemy to 13: (21.9, 31.2)
Closest enemy to 7: (-14.9, -5.9)
Closest enemy to 13: (23.8, 29.4)
Closest enemy to 7: (-16.6, -7.7)
Closest enemy to 13: (25.2, 27.3)
Closest enemy to 7: (-18.1, -9.8)
Closest enemy to 13: (26.1, 24.9)
Closest enemy to 7: (-19.3, -12.0)
Closest enemy to 13: (41.5, 33.2)
Closest enemy to 7: (-20.1, -14.4)
Closest enemy to 13: (40.7, 30.8)
Closest enemy to 7: (-20.1, -16.9)
Closest enemy to 13: (41.3, 28.3)
Closest enemy to 13: (42.4, 26.0)
Closest enemy to 13: (44.1, 24.0)
Closest enemy to 13: (46.3, 22.6)
Closest enemy to 13: (47.4, 20.3)
Closest enemy to 13: (48.0, 17.8)
Closest enemy to 13: (47.9, 15.2)
Closest enemy to 13: (47.1, 12.8)
Closest enemy to 13: (45.7, 10.6)
Closest enemy to 13: (43.8, 8.9)
Closest enemy to 13: (41.5, 7.7)
Closest enemy to 13: (39.0, 7.2)
Closest enemy to 13: (36.4, 7.3)
Closest enemy to 13: (34.1, 6.1)
Closest enemy to 13: (32.1, 4.4)
Closest enemy to 13: (29.6, 3.9)
Closest enemy to 13: (27.1, 4.0)
Closest enemy to 13: (24.6, 4.8)
Closest enemy to 13: (22.1, 4.3)
Closest enemy to 13: (19.6, 5.1)
Closest enemy to 13: (21.5, 11.0)
Closest enemy to 13: (23.6, 12.4)
Closest enemy to 13: (25.3, 14.3)
Closest enemy to 13: (26.4, 16.6)
Closest enemy to 13: (26.9, 19.2)
Closest enemy to 13: (27.0, 15.1)
You lost!
Stats:
  - 0 remaining plane score
  - Spent 1000 points
  - Dealt 22 damage

---- ERRORS (stderr) ----

