---- OUTPUT (stdout) ----
Connecting to server on port 9001...
Connected to server on port 9001
Closest enemy to 9: (3.7, -42.5)
Closest enemy to 8: (3.7, -42.5)
Closest enemy to 7: (3.7, -42.5)
Closest enemy to 6: (3.7, -42.5)
Closest enemy to 5: (1.2, -42.5)
Closest enemy to 4: (-1.3, -43.0)
Closest enemy to 3: (-3.8, -43.0)
Closest enemy to 2: (-6.3, -43.0)
Closest enemy to 1: (-6.3, -43.0)
Closest enemy to 0: (-6.3, -43.0)
Closest enemy to 9: (3.7, -40.0)
Closest enemy to 8: (3.7, -40.0)
Closest enemy to 7: (3.7, -40.0)
Closest enemy to 6: (3.7, -40.0)
Closest enemy to 5: (1.2, -40.0)
Closest enemy to 4: (1.2, -40.0)
Closest enemy to 3: (1.2, -40.0)
Closest enemy to 2: (1.2, -40.0)
Closest enemy to 1: (-6.3, -41.0)
Closest enemy to 0: (-6.3, -41.0)
Closest enemy to 9: (2.8, -37.6)
Closest enemy to 8: (2.8, -37.6)
Closest enemy to 7: (2.8, -37.6)
Closest enemy to 6: (2.8, -37.6)
Closest enemy to 5: (0.3, -37.6)
Closest enemy to 4: (0.3, -37.6)
Closest enemy to 3: (0.3, -37.6)
Closest enemy to 2: (0.3, -37.6)
Closest enemy to 1: (0.3, -37.6)
Closest enemy to 0: (0.3, -37.6)
Closest enemy to 9: (1.2, -35.6)
Closest enemy to 8: (1.2, -35.6)
Closest enemy to 7: (1.2, -35.6)
Closest enemy to 6: (1.2, -35.6)
Closest enemy to 5: (-1.3, -35.6)
Closest enemy to 4: (-1.3, -35.6)
Closest enemy to 3: (-1.3, -35.6)
Closest enemy to 2: (-1.3, -35.6)
Closest enemy to 1: (-1.3, -35.6)
Closest enemy to 0: (-1.3, -35.6)
Closest enemy to 9: (-0.8, -34.0)
Closest enemy to 8: (-0.8, -34.0)
Closest enemy to 7: (-0.8, -34.0)
Closest enemy to 6: (-0.8, -34.0)
Closest enemy to 5: (-3.3, -34.0)
Closest enemy to 4: (-3.3, -34.0)
Closest enemy to 3: (-3.3, -34.0)
Closest enemy to 2: (-3.3, -34.0)
Closest enemy to 1: (-3.3, -34.0)
Closest enemy to 0: (-3.3, -34.0)
Closest enemy to 9: (-3.2, -33.0)
Closest enemy to 8: (-3.2, -33.0)
Closest enemy to 7: (-3.2, -33.0)
Closest enemy to 6: (-3.2, -33.0)
Closest enemy to 5: (-3.2, -33.0)
Closest enemy to 4: (-3.2, -33.0)
Closest enemy to 3: (-5.7, -33.0)
Closest enemy to 2: (-5.7, -33.0)
Closest enemy to 1: (-5.7, -33.0)
Closest enemy to 0: (-5.7, -33.0)
Closest enemy to 9: (-5.7, -32.6)
Closest enemy to 8: (-5.7, -32.6)
Closest enemy to 7: (-5.7, -32.6)
Closest enemy to 6: (-5.7, -32.6)
Closest enemy to 5: (-5.7, -32.6)
Closest enemy to 4: (-5.7, -32.6)
Closest enemy to 3: (-8.2, -32.6)
Closest enemy to 2: (-8.2, -32.6)
Closest enemy to 1: (-8.2, -32.6)
Closest enemy to 0: (-8.2, -32.6)
Closest enemy to 9: (-8.3, -33.0)
Closest enemy to 8: (-8.3, -33.0)
Closest enemy to 7: (-8.3, -33.0)
Closest enemy to 6: (-8.3, -33.0)
Closest enemy to 5: (-8.3, -33.0)
Closest enemy to 4: (-8.3, -33.0)
Closest enemy to 3: (-8.3, -33.0)
Closest enemy to 2: (-10.8, -33.0)
Closest enemy to 1: (-10.8, -33.0)
Closest enemy to 0: (-10.8, -33.0)
Closest enemy to 9: (-10.7, -33.9)
Closest enemy to 8: (-10.7, -33.9)
Closest enemy to 7: (-10.7, -33.9)
Closest enemy to 6: (-10.7, -33.9)
Closest enemy to 5: (-10.7, -33.9)
Closest enemy to 4: (-10.7, -33.9)
Closest enemy to 3: (-10.7, -33.9)
Closest enemy to 2: (-10.7, -33.9)
Closest enemy to 1: (-10.7, -33.9)
Closest enemy to 0: (-13.2, -33.9)
Closest enemy to 9: (-12.7, -35.5)
Closest enemy to 8: (-12.7, -35.5)
Closest enemy to 7: (-12.7, -35.5)
Closest enemy to 6: (-12.7, -35.5)
Closest enemy to 5: (-12.7, -35.5)
Closest enemy to 4: (-12.7, -35.5)
Closest enemy to 3: (-12.7, -35.5)
Closest enemy to 2: (-12.7, -35.5)
Closest enemy to 1: (-12.7, -35.5)
Closest enemy to 0: (-15.2, -35.5)
Closest enemy to 9: (-14.3, -37.5)
Closest enemy to 8: (-14.3, -37.5)
Closest enemy to 7: (-14.3, -37.5)
Closest enemy to 6: (-14.3, -37.5)
Closest enemy to 5: (-14.3, -37.5)
Closest enemy to 4: (-14.3, -37.5)
Closest enemy to 3: (-14.3, -37.5)
Closest enemy to 2: (-14.3, -37.5)
Closest enemy to 1: (-14.3, -37.5)
Closest enemy to 0: (-16.8, -37.5)
Closest enemy to 9: (-15.3, -39.9)
Closest enemy to 8: (-15.3, -39.9)
Closest enemy to 7: (-15.3, -39.9)
Closest enemy to 6: (-15.3, -39.9)
Closest enemy to 5: (-15.3, -39.9)
Closest enemy to 4: (-15.3, -39.9)
Closest enemy to 3: (-15.3, -39.9)
Closest enemy to 2: (-15.3, -39.9)
Closest enemy to 1: (-15.3, -39.9)
Closest enemy to 0: (-17.8, -39.9)
Closest enemy to 9: (-15.7, -42.4)
Closest enemy to 8: (-15.7, -42.4)
Closest enemy to 7: (-15.7, -42.4)
Closest enemy to 6: (-15.7, -42.4)
Closest enemy to 5: (-15.7, -42.4)
Closest enemy to 4: (-15.7, -42.4)
Closest enemy to 3: (-15.7, -42.4)
Closest enemy to 2: (-15.7, -42.4)
Closest enemy to 1: (-15.7, -42.4)
Closest enemy to 0: (-18.2, -42.4)
Closest enemy to 9: (-17.2, -44.5)
Closest enemy to 8: (-17.2, -44.5)
Closest enemy to 7: (-17.2, -44.5)
Closest enemy to 6: (-17.2, -44.5)
Closest enemy to 5: (-17.2, -44.5)
Closest enemy to 4: (-17.2, -44.5)
Closest enemy to 3: (-17.2, -44.5)
Closest enemy to 2: (-17.2, -44.5)
Closest enemy to 1: (-17.2, -44.5)
Closest enemy to 0: (-19.7, -44.5)
Closest enemy to 9: (-19.3, -46.1)
Closest enemy to 8: (-19.3, -46.1)
Closest enemy to 7: (-19.3, -46.1)
Closest enemy to 6: (-19.3, -46.1)
Closest enemy to 5: (-19.3, -46.1)
Closest enemy to 4: (-19.3, -46.1)
Closest enemy to 3: (-19.3, -46.1)
Closest enemy to 2: (-19.3, -46.1)
Closest enemy to 1: (-19.3, -46.1)
Closest enemy to 0: (-21.8, -46.1)
Closest enemy to 9: (-21.6, -47.1)
Closest enemy to 8: (-21.6, -46.7)
Closest enemy to 7: (-21.6, -47.1)
Closest enemy to 6: (-21.6, -46.7)
Closest enemy to 5: (-21.6, -46.7)
Closest enemy to 4: (-21.6, -46.7)
Closest enemy to 3: (-21.6, -46.7)
Closest enemy to 2: (-21.6, -46.7)
Closest enemy to 1: (-21.6, -46.7)
Closest enemy to 0: (-24.1, -46.7)
Closest enemy to 9: (-23.6, -46.9)
Closest enemy to 8: (-23.6, -46.9)
Closest enemy to 7: (-23.6, -46.9)
Closest enemy to 6: (-23.6, -46.9)
Closest enemy to 5: (-23.6, -46.9)
Closest enemy to 4: (-23.6, -46.9)
Closest enemy to 3: (-23.6, -46.9)
Closest enemy to 2: (-23.6, -46.9)
Closest enemy to 1: (-23.6, -46.9)
Closest enemy to 0: (-23.6, -46.9)
Closest enemy to 9: (-25.6, -46.7)
Closest enemy to 8: (-25.6, -46.7)
Closest enemy to 7: (-25.6, -46.7)
Closest enemy to 6: (-25.6, -46.7)
Closest enemy to 5: (-25.6, -46.7)
Closest enemy to 4: (-25.6, -46.7)
Closest enemy to 3: (-25.6, -46.7)
Closest enemy to 2: (-25.6, -46.7)
Closest enemy to 1: (-25.6, -46.7)
Closest enemy to 0: (-25.6, -46.7)
Closest enemy to 9: (-27.6, -47.5)
Closest enemy to 8: (-27.6, -47.5)
Closest enemy to 7: (-27.6, -47.5)
Closest enemy to 6: (-27.6, -47.5)
Closest enemy to 5: (-27.6, -47.5)
Closest enemy to 4: (-27.6, -47.5)
Closest enemy to 3: (-27.6, -47.5)
Closest enemy to 2: (-27.6, -47.5)
Closest enemy to 1: (-27.6, -47.5)
Closest enemy to 0: (-27.6, -47.5)
Closest enemy to 9: (-29.6, -47.2)
Closest enemy to 8: (-29.6, -47.2)
Closest enemy to 7: (-29.6, -47.2)
Closest enemy to 6: (-29.6, -47.2)
Closest enemy to 5: (-29.6, -47.2)
Closest enemy to 4: (-29.6, -47.2)
Closest enemy to 3: (-29.6, -47.2)
Closest enemy to 2: (-29.6, -47.2)
Closest enemy to 1: (-29.6, -47.2)
Closest enemy to 0: (-29.6, -47.2)
Closest enemy to 9: (-31.5, -48.0)
Closest enemy to 8: (-31.5, -48.0)
Closest enemy to 7: (-31.5, -48.0)
Closest enemy to 6: (-31.5, -48.0)
Closest enemy to 5: (-31.5, -48.0)
Closest enemy to 4: (-31.5, -48.0)
Closest enemy to 3: (-31.5, -48.0)
Closest enemy to 2: (-31.5, -48.0)
Closest enemy to 1: (-31.5, -48.0)
Closest enemy to 0: (-31.5, -48.0)
Closest enemy to 9: (-33.6, -47.7)
Closest enemy to 8: (-33.6, -47.7)
Closest enemy to 7: (-33.6, -47.7)
Closest enemy to 6: (-36.6, -47.1)
Closest enemy to 5: (-33.6, -47.7)
Closest enemy to 4: (-36.6, -47.1)
Closest enemy to 3: (-33.6, -47.7)
Closest enemy to 2: (-36.6, -47.1)
Closest enemy to 1: (-33.6, -47.7)
Closest enemy to 0: (-36.6, -47.1)
Closest enemy to 9: (-35.5, -46.9)
Closest enemy to 8: (-35.5, -46.9)
Closest enemy to 7: (-35.5, -46.9)
Closest enemy to 6: (-35.5, -46.9)
Closest enemy to 5: (-35.5, -46.9)
Closest enemy to 4: (-39.0, -46.1)
Closest enemy to 3: (-35.5, -46.9)
Closest enemy to 2: (-39.0, -46.1)
Closest enemy to 1: (-35.5, -46.9)
Closest enemy to 0: (-39.0, -46.1)
Closest enemy to 9: (-37.5, -47.2)
Closest enemy to 8: (-41.1, -44.6)
Closest enemy to 7: (-37.5, -47.2)
Closest enemy to 6: (-41.1, -44.6)
Closest enemy to 5: (-37.5, -47.2)
Closest enemy to 4: (-41.1, -44.6)
Closest enemy to 3: (-37.5, -47.2)
Closest enemy to 2: (-41.1, -44.6)
Closest enemy to 1: (-37.5, -47.2)
Closest enemy to 0: (-41.1, -44.6)
Closest enemy to 9: (-39.4, -48.0)
Closest enemy to 8: (-42.7, -42.5)
Closest enemy to 7: (-39.4, -48.0)
Closest enemy to 6: (-42.7, -42.5)
Closest enemy to 5: (-42.7, -42.5)
Closest enemy to 4: (-42.7, -42.5)
Closest enemy to 3: (-42.7, -42.5)
Closest enemy to 2: (-42.7, -42.5)
Closest enemy to 1: (-42.7, -42.5)
Closest enemy to 0: (-42.7, -42.5)
Closest enemy to 9: (-45.0, -41.5)
Closest enemy to 8: (-45.0, -41.5)
Closest enemy to 7: (-45.0, -41.5)
Closest enemy to 6: (-45.0, -41.5)
Closest enemy to 5: (-45.0, -41.5)
Closest enemy to 4: (-45.0, -41.5)
Closest enemy to 3: (-45.0, -41.5)
Closest enemy to 2: (-45.0, -41.5)
Closest enemy to 1: (-45.0, -41.5)
Closest enemy to 0: (-45.0, -41.5)
Closest enemy to 9: (-46.6, -39.5)
Closest enemy to 8: (-46.5, -37.6)
Closest enemy to 7: (-46.5, -37.6)
Closest enemy to 6: (-46.5, -37.6)
Closest enemy to 5: (-46.5, -37.6)
Closest enemy to 4: (-46.5, -37.6)
Closest enemy to 3: (-46.5, -37.6)
Closest enemy to 2: (-46.5, -37.6)
Closest enemy to 1: (-46.5, -37.6)
Closest enemy to 0: (-46.5, -37.6)
Closest enemy to 9: (-46.2, -35.1)
Closest enemy to 8: (-46.2, -35.1)
Closest enemy to 7: (-46.2, -35.1)
Closest enemy to 6: (-46.2, -35.1)
Closest enemy to 5: (-46.2, -35.1)
Closest enemy to 4: (-46.2, -35.1)
Closest enemy to 3: (-46.2, -35.1)
Closest enemy to 2: (-46.2, -35.1)
Closest enemy to 1: (-46.2, -35.1)
Closest enemy to 0: (-46.2, -35.1)
Closest enemy to 9: (-47.2, -32.7)
Closest enemy to 8: (-47.2, -32.7)
Closest enemy to 7: (-47.2, -32.7)
Closest enemy to 6: (-47.2, -32.7)
Closest enemy to 5: (-47.2, -32.7)
Closest enemy to 4: (-47.2, -32.7)
Closest enemy to 3: (-47.2, -32.7)
Closest enemy to 2: (-47.2, -32.7)
Closest enemy to 1: (-47.2, -32.7)
Closest enemy to 0: (-47.2, -32.7)
Closest enemy to 9: (-46.8, -30.1)
Closest enemy to 8: (-46.8, -30.1)
Closest enemy to 7: (-46.8, -30.1)
Closest enemy to 6: (-46.8, -30.1)
Closest enemy to 5: (-46.8, -30.1)
Closest enemy to 4: (-46.8, -30.1)
Closest enemy to 3: (-46.8, -30.1)
Closest enemy to 2: (-46.8, -30.1)
Closest enemy to 1: (-46.8, -30.1)
Closest enemy to 0: (-46.8, -30.1)
Closest enemy to 9: (-47.8, -27.7)
Closest enemy to 8: (-47.8, -27.7)
Closest enemy to 7: (-47.8, -27.7)
Closest enemy to 6: (-47.8, -27.7)
Closest enemy to 5: (-47.8, -27.7)
Closest enemy to 4: (-47.8, -27.7)
Closest enemy to 3: (-47.8, -27.7)
Closest enemy to 2: (-47.8, -27.7)
Closest enemy to 1: (-47.8, -27.7)
Closest enemy to 0: (-47.8, -27.7)
Closest enemy to 9: (-47.5, -25.2)
Closest enemy to 8: (-47.5, -25.2)
Closest enemy to 7: (-47.5, -25.2)
Closest enemy to 6: (-47.5, -25.2)
Closest enemy to 5: (-47.5, -25.2)
Closest enemy to 4: (-47.5, -25.2)
Closest enemy to 3: (-47.5, -25.2)
Closest enemy to 2: (-47.5, -25.2)
Closest enemy to 1: (-47.5, -25.2)
Closest enemy to 0: (-47.5, -25.2)
Closest enemy to 9: (-46.5, -22.8)
Closest enemy to 8: (-46.5, -22.8)
Closest enemy to 7: (-46.5, -22.8)
Closest enemy to 6: (-46.5, -22.8)
Closest enemy to 5: (-46.5, -22.8)
Closest enemy to 4: (-46.5, -22.8)
Closest enemy to 3: (-46.5, -22.8)
Closest enemy to 2: (-46.5, -22.8)
Closest enemy to 1: (-46.5, -22.8)
Closest enemy to 0: (-46.5, -22.8)
Closest enemy to 9: (-46.8, -20.2)
Closest enemy to 8: (-46.8, -20.2)
Closest enemy to 7: (-46.8, -20.2)
Closest enemy to 6: (-46.8, -20.2)
Closest enemy to 5: (-46.8, -20.2)
Closest enemy to 4: (-46.8, -20.2)
Closest enemy to 3: (-46.8, -20.2)
Closest enemy to 2: (-46.8, -20.2)
Closest enemy to 1: (-46.8, -20.2)
Closest enemy to 0: (-46.8, -20.2)
Closest enemy to 9: (-47.8, -17.8)
Closest enemy to 8: (-47.8, -17.8)
Closest enemy to 7: (-47.8, -17.8)
Closest enemy to 6: (-47.8, -17.8)
Closest enemy to 5: (-47.8, -17.8)
Closest enemy to 4: (-47.8, -17.8)
Closest enemy to 3: (-47.8, -17.8)
Closest enemy to 2: (-47.8, -17.8)
Closest enemy to 1: (-47.8, -17.8)
Closest enemy to 0: (-47.8, -17.8)
Closest enemy to 9: (-47.5, -15.3)
Closest enemy to 8: (-47.5, -15.3)
Closest enemy to 7: (-47.5, -15.3)
Closest enemy to 6: (-47.5, -15.3)
Closest enemy to 5: (-47.5, -15.3)
Closest enemy to 4: (-47.5, -15.3)
Closest enemy to 3: (-47.5, -15.3)
Closest enemy to 2: (-47.5, -15.3)
Closest enemy to 1: (-47.5, -15.3)
Closest enemy to 0: (-47.5, -15.3)
Closest enemy to 9: (-46.5, -12.9)
Closest enemy to 8: (-46.5, -12.9)
Closest enemy to 7: (-46.5, -12.9)
Closest enemy to 6: (-46.5, -12.9)
Closest enemy to 5: (-46.5, -12.9)
Closest enemy to 4: (-46.5, -12.9)
Closest enemy to 3: (-46.5, -12.9)
Closest enemy to 2: (-46.5, -12.9)
Closest enemy to 1: (-46.5, -12.9)
Closest enemy to 0: (-46.5, -12.9)
Closest enemy to 9: (-46.8, -10.3)
Closest enemy to 8: (-46.8, -10.3)
Closest enemy to 7: (-46.8, -10.3)
Closest enemy to 6: (-46.8, -10.3)
Closest enemy to 5: (-46.8, -10.3)
Closest enemy to 4: (-46.8, -10.3)
Closest enemy to 3: (-46.8, -10.3)
Closest enemy to 2: (-46.8, -10.3)
Closest enemy to 1: (-46.8, -10.3)
Closest enemy to 0: (-46.8, -10.3)
Closest enemy to 9: (-47.8, -8.0)
Closest enemy to 8: (-47.8, -8.0)
Closest enemy to 7: (-47.8, -8.0)
Closest enemy to 6: (-47.8, -8.0)
Closest enemy to 5: (-47.8, -8.0)
Closest enemy to 4: (-47.8, -8.0)
Closest enemy to 3: (-47.8, -8.0)
Closest enemy to 2: (-47.8, -8.0)
Closest enemy to 1: (-47.8, -8.0)
Closest enemy to 0: (-47.8, -8.0)
Closest enemy to 9: (-47.0, -7.3)
Closest enemy to 8: (-47.5, -5.4)
Closest enemy to 7: (-47.5, -5.4)
Closest enemy to 6: (-47.5, -5.4)
Closest enemy to 5: (-47.5, -5.4)
Closest enemy to 4: (-47.5, -5.4)
Closest enemy to 3: (-47.5, -5.4)
Closest enemy to 2: (-47.5, -5.4)
Closest enemy to 1: (-47.5, -5.4)
Closest enemy to 0: (-47.5, -5.4)
Closest enemy to 9: (-46.5, -3.0)
Closest enemy to 8: (-46.5, -3.0)
Closest enemy to 7: (-46.5, -3.0)
Closest enemy to 6: (-46.5, -3.0)
Closest enemy to 5: (-46.5, -3.0)
Closest enemy to 4: (-46.5, -3.0)
Closest enemy to 3: (-46.5, -3.0)
Closest enemy to 2: (-46.5, -3.0)
Closest enemy to 1: (-46.5, -3.0)
Closest enemy to 0: (-46.5, -3.0)
Closest enemy to 9: (-46.8, -0.5)
Closest enemy to 8: (-46.8, -0.5)
Closest enemy to 7: (-46.8, -0.5)
Closest enemy to 6: (-46.8, -0.5)
Closest enemy to 5: (-46.8, -0.5)
Closest enemy to 4: (-46.8, -0.5)
Closest enemy to 3: (-46.8, -0.5)
Closest enemy to 2: (-46.8, -0.5)
Closest enemy to 1: (-46.8, -0.5)
Closest enemy to 0: (-46.8, -0.5)
Closest enemy to 9: (-47.8, 1.9)
Closest enemy to 8: (-47.8, 1.9)
Closest enemy to 7: (-47.8, 1.9)
Closest enemy to 6: (-47.8, 1.9)
Closest enemy to 5: (-47.8, 1.9)
Closest enemy to 4: (-47.8, 1.9)
Closest enemy to 3: (-47.8, 1.9)
Closest enemy to 2: (-47.8, 1.9)
Closest enemy to 1: (-47.8, 1.9)
Closest enemy to 0: (-46.7, 0.0)
Closest enemy to 9: (-47.0, 2.6)
Closest enemy to 8: (-47.0, 2.6)
Closest enemy to 7: (-47.0, 2.6)
Closest enemy to 6: (-47.0, 2.6)
Closest enemy to 5: (-47.0, 2.6)
Closest enemy to 4: (-47.0, 2.6)
Closest enemy to 3: (-47.0, 2.6)
Closest enemy to 2: (-47.0, 2.6)
Closest enemy to 1: (-47.0, 2.6)
Closest enemy to 0: (-47.4, -8.9)
Closest enemy to 9: (-46.5, 6.9)
Closest enemy to 8: (-46.5, 6.9)
Closest enemy to 7: (-46.5, 6.9)
Closest enemy to 6: (-48.0, 5.0)
Closest enemy to 5: (-46.5, 6.9)
Closest enemy to 4: (-48.0, 5.0)
Closest enemy to 3: (-46.5, 6.9)
Closest enemy to 2: (-48.0, 5.0)
Closest enemy to 1: (-46.5, 6.9)
Closest enemy to 0: (-48.1, -7.0)
Closest enemy to 9: (-46.8, 9.4)
Closest enemy to 8: (-46.8, 9.4)
Closest enemy to 7: (-46.8, 9.4)
Closest enemy to 6: (-47.6, 7.5)
Closest enemy to 5: (-46.8, 9.4)
Closest enemy to 4: (-47.6, 7.5)
Closest enemy to 3: (-46.8, 9.4)
Closest enemy to 2: (-47.9, -4.9)
Closest enemy to 1: (-46.8, 9.4)
Closest enemy to 0: (-47.7, -6.2)
Closest enemy to 9: (-46.7, 9.9)
Closest enemy to 8: (-46.7, 9.9)
Closest enemy to 7: (-47.8, 11.8)
Closest enemy to 6: (-46.7, 9.9)
Closest enemy to 5: (-47.8, 11.8)
Closest enemy to 4: (-46.7, 9.9)
Closest enemy to 3: (-47.8, 11.8)
Closest enemy to 1: (-47.8, 11.8)
Closest enemy to 9: (-47.0, 12.5)
Closest enemy to 8: (-47.0, 12.5)
Closest enemy to 7: (-47.0, 12.5)
Closest enemy to 6: (-47.0, 12.5)
Closest enemy to 5: (-47.0, 12.5)
Closest enemy to 4: (-47.0, 12.5)
Closest enemy to 3: (-47.0, 12.5)
Closest enemy to 1: (-47.0, 12.5)
Closest enemy to 9: (-48.0, 14.9)
Closest enemy to 8: (-48.0, 14.9)
Closest enemy to 7: (-48.0, 14.9)
Closest enemy to 6: (-48.0, 14.9)
Closest enemy to 5: (-48.0, 14.9)
Closest enemy to 4: (-47.9, -4.5)
Closest enemy to 3: (-48.0, 14.9)
Closest enemy to 1: (-48.0, 14.9)
Closest enemy to 9: (-46.8, 19.3)
Closest enemy to 8: (-47.6, 17.4)
Closest enemy to 7: (-46.8, 19.3)
Closest enemy to 6: (-47.6, 17.4)
Closest enemy to 5: (-46.8, 19.3)
Closest enemy to 4: (-47.6, -2.5)
Closest enemy to 3: (-46.8, 19.3)
Closest enemy to 1: (-46.8, 19.3)
Closest enemy to 9: (-46.9, -0.6)
Closest enemy to 8: (-46.9, -0.6)
Closest enemy to 7: (-46.9, -0.6)
Closest enemy to 6: (-46.9, -0.6)
Closest enemy to 5: (-46.9, -0.6)
Closest enemy to 4: (-46.9, -0.6)
Closest enemy to 3: (-46.7, 19.8)
Closest enemy to 1: (-46.7, 19.8)
Closest enemy to 9: (-47.1, 1.5)
Closest enemy to 8: (-47.1, 1.5)
Closest enemy to 7: (-47.1, 1.5)
Closest enemy to 6: (-47.1, 1.5)
Closest enemy to 5: (-47.1, 1.5)
Closest enemy to 4: (-47.1, 1.5)
Closest enemy to 3: (-47.1, 1.5)
Closest enemy to 1: (-47.1, 1.5)
Closest enemy to 9: (-47.9, 3.4)
Closest enemy to 8: (-47.9, 3.4)
Closest enemy to 7: (-47.9, 3.4)
Closest enemy to 6: (-47.9, 3.4)
Closest enemy to 5: (-47.9, 3.4)
Closest enemy to 4: (-47.9, 3.4)
Closest enemy to 3: (-47.9, 3.4)
Closest enemy to 1: (-47.9, 3.4)
Closest enemy to 9: (-47.6, 5.4)
Closest enemy to 8: (-47.6, 5.4)
Closest enemy to 7: (-47.6, 5.4)
Closest enemy to 6: (-47.6, 5.4)
Closest enemy to 5: (-47.6, 5.4)
Closest enemy to 4: (-47.6, 5.4)
Closest enemy to 3: (-47.6, 5.4)
Closest enemy to 1: (-47.6, 5.4)
Closest enemy to 9: (-46.9, 7.3)
Closest enemy to 8: (-46.9, 7.3)
Closest enemy to 7: (-46.9, 7.3)
Closest enemy to 6: (-46.9, 7.3)
Closest enemy to 5: (-46.9, 7.3)
Closest enemy to 4: (-46.9, 7.3)
Closest enemy to 3: (-46.9, 7.3)
Closest enemy to 1: (-46.9, 7.3)
Closest enemy to 9: (-47.1, 9.4)
Closest enemy to 8: (-47.1, 9.4)
Closest enemy to 7: (-47.1, 9.4)
Closest enemy to 6: (-47.1, 9.4)
Closest enemy to 5: (-47.1, 9.4)
Closest enemy to 4: (-47.1, 9.4)
Closest enemy to 3: (-47.1, 9.4)
Closest enemy to 1: (-47.1, 9.4)
Closest enemy to 9: (-47.9, 11.3)
Closest enemy to 8: (-47.9, 11.3)
Closest enemy to 7: (-47.9, 11.3)
Closest enemy to 6: (-47.9, 11.3)
Closest enemy to 5: (-47.9, 11.3)
Closest enemy to 4: (-47.9, 11.3)
Closest enemy to 3: (-47.9, 11.3)
Closest enemy to 1: (-47.9, 11.3)
Closest enemy to 9: (-47.6, 13.3)
Closest enemy to 8: (-47.6, 13.3)
Closest enemy to 7: (-47.6, 13.3)
Closest enemy to 6: (-47.6, 13.3)
Closest enemy to 5: (-47.6, 13.3)
Closest enemy to 4: (-47.6, 13.3)
Closest enemy to 3: (-47.6, 13.3)
Closest enemy to 1: (-47.6, 13.3)
Closest enemy to 9: (-46.9, 15.2)
Closest enemy to 8: (-46.9, 15.2)
Closest enemy to 7: (-46.9, 15.2)
Closest enemy to 6: (-46.9, 15.2)
Closest enemy to 5: (-46.9, 15.2)
Closest enemy to 4: (-46.9, 15.2)
Closest enemy to 3: (-46.9, 15.2)
Closest enemy to 1: (-46.9, 15.2)
Closest enemy to 9: (-47.1, 17.3)
Closest enemy to 8: (-47.1, 17.3)
Closest enemy to 7: (-47.1, 17.3)
Closest enemy to 6: (-47.1, 17.3)
Closest enemy to 5: (-47.1, 17.3)
Closest enemy to 4: (-47.1, 17.3)
Closest enemy to 3: (-47.1, 17.3)
Closest enemy to 1: (-47.1, 17.3)
Closest enemy to 9: (-47.9, 19.2)
Closest enemy to 8: (-47.9, 19.2)
Closest enemy to 7: (-47.9, 19.2)
Closest enemy to 6: (-47.9, 19.2)
Closest enemy to 5: (-47.9, 19.2)
Closest enemy to 4: (-47.9, 19.2)
Closest enemy to 3: (-47.9, 19.2)
Closest enemy to 1: (-47.9, 19.2)
Closest enemy to 9: (-47.6, 21.2)
Closest enemy to 8: (-47.6, 21.2)
Closest enemy to 7: (-47.6, 21.2)
Closest enemy to 5: (-47.6, 21.2)
Closest enemy to 4: (-47.6, 21.2)
Closest enemy to 3: (-47.6, 21.2)
Closest enemy to 1: (-47.6, 21.2)
Closest enemy to 9: (-46.9, 23.1)
Closest enemy to 8: (-46.9, 23.1)
Closest enemy to 7: (-46.9, 23.1)
Closest enemy to 5: (-46.9, 23.1)
Closest enemy to 4: (-46.9, 23.1)
Closest enemy to 3: (-46.9, 23.1)
Closest enemy to 1: (-46.9, 23.1)
Closest enemy to 9: (-47.1, 25.2)
Closest enemy to 8: (-47.1, 25.2)
Closest enemy to 7: (-47.1, 25.2)
Closest enemy to 5: (-47.1, 25.2)
Closest enemy to 4: (-47.1, 25.2)
Closest enemy to 3: (-47.1, 25.2)
Closest enemy to 1: (-47.1, 25.2)
Closest enemy to 9: (-47.1, 25.2)
Closest enemy to 7: (-47.1, 25.2)
Closest enemy to 5: (-47.1, 25.2)
Closest enemy to 4: (-47.1, 25.2)
Closest enemy to 3: (-47.1, 25.2)
Closest enemy to 1: (-47.1, 25.2)
Closest enemy to 9: (-47.1, 25.2)
Closest enemy to 7: (-47.1, 25.2)
Closest enemy to 5: (-47.1, 25.2)
Closest enemy to 4: (-47.1, 25.2)
Closest enemy to 3: (-47.1, 25.2)
Closest enemy to 1: (-47.1, 25.2)
Closest enemy to 9: (-47.1, 25.2)
Closest enemy to 7: (-47.1, 25.2)
Closest enemy to 5: (-47.1, 25.2)
Closest enemy to 4: (-47.1, 25.2)
Closest enemy to 3: (-47.1, 25.2)
Closest enemy to 1: (-47.1, 25.2)
Closest enemy to 9: (-47.1, 25.2)
Closest enemy to 7: (-47.1, 25.2)
Closest enemy to 5: (-47.1, 25.2)
Closest enemy to 4: (-47.1, 25.2)
Closest enemy to 3: (-47.1, 25.2)
Closest enemy to 1: (-47.1, 25.2)
Closest enemy to 9: (-47.1, 25.2)
Closest enemy to 7: (-47.1, 25.2)
Closest enemy to 5: (-47.1, 25.2)
Closest enemy to 4: (-47.1, 25.2)
Closest enemy to 3: (-47.1, 25.2)
Closest enemy to 1: (-47.1, 25.2)
Closest enemy to 9: (-47.1, 25.2)
Closest enemy to 7: (-47.1, 25.2)
Closest enemy to 5: (-47.1, 25.2)
Closest enemy to 4: (-47.1, 25.2)
Closest enemy to 3: (-47.1, 25.2)
Closest enemy to 1: (-47.1, 25.2)
Closest enemy to 9: (-47.1, 25.2)
Closest enemy to 7: (-47.1, 25.2)
Closest enemy to 5: (-47.1, 25.2)
Closest enemy to 4: (-47.1, 25.2)
Closest enemy to 3: (-47.1, 25.2)
Closest enemy to 1: (-47.1, 25.2)
Closest enemy to 9: (-47.1, 25.2)
Closest enemy to 7: (-47.1, 25.2)
Closest enemy to 5: (-47.1, 25.2)
Closest enemy to 4: (-47.1, 25.2)
Closest enemy to 3: (-47.1, 25.2)
Closest enemy to 1: (-47.1, 25.2)
Closest enemy to 9: (-47.1, 25.2)
Closest enemy to 7: (-47.1, 25.2)
Closest enemy to 5: (-47.1, 25.2)
Closest enemy to 4: (-47.1, 25.2)
Closest enemy to 3: (-47.1, 25.2)
Closest enemy to 1: (-47.1, 25.2)
Closest enemy to 9: (-47.1, 25.2)
Closest enemy to 7: (-47.1, 25.2)
Closest enemy to 5: (-47.1, 25.2)
Closest enemy to 4: (-47.1, 25.2)
Closest enemy to 3: (-47.1, 25.2)
Closest enemy to 1: (-47.1, 25.2)
Closest enemy to 9: (-47.1, 25.2)
Closest enemy to 7: (-47.1, 25.2)
Closest enemy to 5: (-47.1, 25.2)
Closest enemy to 4: (-47.1, 25.2)
Closest enemy to 3: (-47.1, 25.2)
Closest enemy to 1: (-47.1, 25.2)
Closest enemy to 9: (-47.1, 25.2)
Closest enemy to 7: (-47.1, 25.2)
Closest enemy to 5: (-47.1, 25.2)
Closest enemy to 4: (-47.1, 25.2)
Closest enemy to 3: (-47.1, 25.2)
Closest enemy to 1: (-47.1, 25.2)
Closest enemy to 9: (-47.1, 25.2)
Closest enemy to 7: (-47.1, 25.2)
Closest enemy to 5: (-47.1, 25.2)
Closest enemy to 4: (-47.1, 25.2)
Closest enemy to 3: (-47.1, 25.2)
Closest enemy to 1: (-47.1, 25.2)
Closest enemy to 9: (-47.1, 25.2)
Closest enemy to 7: (-47.1, 25.2)
Closest enemy to 5: (-47.1, 25.2)
Closest enemy to 4: (-47.1, 25.2)
Closest enemy to 3: (-47.1, 25.2)
Closest enemy to 1: (-47.1, 25.2)
Closest enemy to 9: (-47.1, 25.2)
Closest enemy to 7: (-47.1, 25.2)
Closest enemy to 5: (-47.1, 25.2)
Closest enemy to 4: (-47.1, 25.2)
Closest enemy to 3: (-47.1, 25.2)
Closest enemy to 1: (-47.1, 25.2)
Closest enemy to 9: (-47.1, 25.2)
Closest enemy to 7: (-47.1, 25.2)
Closest enemy to 5: (-47.1, 25.2)
Closest enemy to 4: (-47.1, 25.2)
Closest enemy to 3: (-47.1, 25.2)
Closest enemy to 1: (-47.1, 25.2)
Closest enemy to 9: (-47.1, 25.2)
Closest enemy to 7: (-47.1, 25.2)
Closest enemy to 5: (-47.1, 25.2)
Closest enemy to 4: (-47.1, 25.2)
Closest enemy to 3: (-47.1, 25.2)
Closest enemy to 1: (-47.1, 25.2)
Closest enemy to 9: (-47.1, 25.2)
Closest enemy to 7: (-47.1, 25.2)
Closest enemy to 5: (-47.1, 25.2)
Closest enemy to 4: (-47.1, 25.2)
Closest enemy to 3: (-47.1, 25.2)
Closest enemy to 1: (-47.1, 25.2)
Closest enemy to 9: (-47.1, 25.2)
Closest enemy to 7: (-47.1, 25.2)
Closest enemy to 5: (-47.1, 25.2)
Closest enemy to 4: (-47.1, 25.2)
Closest enemy to 3: (-47.1, 25.2)
Closest enemy to 1: (-47.1, 25.2)
Closest enemy to 9: (-47.1, 25.2)
Closest enemy to 7: (-47.1, 25.2)
Closest enemy to 5: (-47.1, 25.2)
Closest enemy to 4: (-47.1, 25.2)
Closest enemy to 3: (-47.1, 25.2)
Closest enemy to 1: (-47.1, 25.2)
Closest enemy to 9: (-47.1, 25.2)
Closest enemy to 7: (-47.1, 25.2)
Closest enemy to 5: (-47.1, 25.2)
Closest enemy to 4: (-47.1, 25.2)
Closest enemy to 3: (-47.1, 25.2)
Closest enemy to 1: (-47.1, 25.2)
Closest enemy to 9: (-47.1, 25.2)
Closest enemy to 7: (-47.1, 25.2)
Closest enemy to 5: (-47.1, 25.2)
Closest enemy to 4: (-47.1, 25.2)
Closest enemy to 3: (-47.1, 25.2)
Closest enemy to 1: (-47.1, 25.2)
Closest enemy to 9: (-47.1, 25.2)
Closest enemy to 7: (-47.1, 25.2)
Closest enemy to 5: (-47.1, 25.2)
Closest enemy to 4: (-47.1, 25.2)
Closest enemy to 3: (-47.1, 25.2)
Closest enemy to 1: (-47.1, 25.2)
Closest enemy to 9: (-47.1, 25.2)
Closest enemy to 7: (-47.1, 25.2)
Closest enemy to 5: (-47.1, 25.2)
Closest enemy to 4: (-47.1, 25.2)
Closest enemy to 3: (-47.1, 25.2)
Closest enemy to 1: (-47.1, 25.2)
Closest enemy to 9: (-47.1, 25.2)
Closest enemy to 7: (-47.1, 25.2)
Closest enemy to 5: (-47.1, 25.2)
Closest enemy to 4: (-47.1, 25.2)
Closest enemy to 3: (-47.1, 25.2)
Closest enemy to 1: (-47.1, 25.2)
Closest enemy to 9: (-47.1, 25.2)
Closest enemy to 7: (-47.1, 25.2)
Closest enemy to 5: (-47.1, 25.2)
Closest enemy to 4: (-47.1, 25.2)
Closest enemy to 3: (-47.1, 25.2)
Closest enemy to 1: (-47.1, 25.2)
Closest enemy to 9: (-47.1, 25.2)
Closest enemy to 7: (-47.1, 25.2)
Closest enemy to 5: (-47.1, 25.2)
Closest enemy to 4: (-47.1, 25.2)
Closest enemy to 3: (-47.1, 25.2)
Closest enemy to 1: (-47.1, 25.2)
Closest enemy to 9: (-47.1, 25.2)
Closest enemy to 7: (-47.1, 25.2)
Closest enemy to 5: (-47.1, 25.2)
Closest enemy to 4: (-47.1, 25.2)
Closest enemy to 3: (-47.1, 25.2)
Closest enemy to 1: (-47.1, 25.2)
Closest enemy to 9: (-47.1, 25.2)
Closest enemy to 7: (-47.1, 25.2)
Closest enemy to 5: (-47.1, 25.2)
Closest enemy to 4: (-47.1, 25.2)
Closest enemy to 3: (-47.1, 25.2)
Closest enemy to 1: (-47.1, 25.2)
Closest enemy to 9: (-47.1, 25.2)
Closest enemy to 7: (-47.1, 25.2)
Closest enemy to 5: (-47.1, 25.2)
Closest enemy to 4: (-47.1, 25.2)
Closest enemy to 3: (-47.1, 25.2)
Closest enemy to 1: (-47.1, 25.2)
Closest enemy to 9: (-47.1, 25.2)
Closest enemy to 7: (-47.1, 25.2)
Closest enemy to 5: (-47.1, 25.2)
Closest enemy to 4: (-47.1, 25.2)
Closest enemy to 3: (-47.1, 25.2)
Closest enemy to 1: (-47.1, 25.2)
Closest enemy to 9: (-47.1, 25.2)
Closest enemy to 7: (-47.1, 25.2)
Closest enemy to 5: (-47.1, 25.2)
Closest enemy to 4: (-47.1, 25.2)
Closest enemy to 3: (-47.1, 25.2)
Closest enemy to 1: (-47.1, 25.2)
Closest enemy to 9: (-47.1, 25.2)
Closest enemy to 7: (-47.1, 25.2)
Closest enemy to 5: (-47.1, 25.2)
Closest enemy to 4: (-47.1, 25.2)
Closest enemy to 3: (-47.1, 25.2)
Closest enemy to 1: (-47.1, 25.2)
Closest enemy to 9: (-47.1, 25.2)
Closest enemy to 7: (-47.1, 25.2)
Closest enemy to 5: (-47.1, 25.2)
Closest enemy to 4: (-47.1, 25.2)
Closest enemy to 3: (-47.1, 25.2)
Closest enemy to 1: (-47.1, 25.2)
Closest enemy to 9: (-47.1, 25.2)
Closest enemy to 7: (-47.1, 25.2)
Closest enemy to 5: (-47.1, 25.2)
Closest enemy to 4: (-47.1, 25.2)
Closest enemy to 3: (-47.1, 25.2)
Closest enemy to 1: (-47.1, 25.2)
Closest enemy to 9: (-47.1, 25.2)
Closest enemy to 7: (-47.1, 25.2)
Closest enemy to 5: (-47.1, 25.2)
Closest enemy to 4: (47.6, 36.4)
Closest enemy to 3: (-47.1, 25.2)
Closest enemy to 1: (-47.1, 25.2)
Closest enemy to 9: (-47.1, 25.2)
Closest enemy to 7: (-47.1, 25.2)
Closest enemy to 5: (-47.1, 25.2)
Closest enemy to 4: (47.4, 32.4)
Closest enemy to 3: (-47.1, 25.2)
Closest enemy to 1: (-47.1, 25.2)
Closest enemy to 9: (-47.1, 25.2)
Closest enemy to 7: (-47.1, 25.2)
Closest enemy to 5: (-47.1, 25.2)
Closest enemy to 4: (47.1, 29.8)
Closest enemy to 3: (-47.1, 25.2)
Closest enemy to 1: (-47.1, 25.2)
Closest enemy to 9: (-47.1, 25.2)
Closest enemy to 7: (-47.1, 25.2)
Closest enemy to 5: (-47.1, 25.2)
Closest enemy to 4: (46.7, 28.9)
Closest enemy to 3: (-47.1, 25.2)
Closest enemy to 1: (-47.1, 25.2)
Closest enemy to 9: (-47.1, 25.2)
Closest enemy to 7: (-47.1, 25.2)
Closest enemy to 5: (-47.1, 25.2)
Closest enemy to 4: (47.0, 26.3)
Closest enemy to 3: (-47.1, 25.2)
Closest enemy to 1: (-47.1, 25.2)
Closest enemy to 9: (-47.1, 25.2)
Closest enemy to 7: (-47.1, 25.2)
Closest enemy to 5: (-47.1, 25.2)
Closest enemy to 4: (48.0, 23.9)
Closest enemy to 3: (-47.1, 25.2)
Closest enemy to 1: (-47.1, 25.2)
Closest enemy to 9: (-47.1, 25.2)
Closest enemy to 7: (-47.1, 25.2)
Closest enemy to 5: (-47.1, 25.2)
Closest enemy to 4: (47.7, 21.4)
Closest enemy to 3: (-47.1, 25.2)
Closest enemy to 1: (-47.1, 25.2)
Closest enemy to 9: (-47.1, 25.2)
Closest enemy to 7: (-47.1, 25.2)
Closest enemy to 5: (-47.1, 25.2)
Closest enemy to 4: (46.7, 19.0)
Closest enemy to 3: (-47.1, 25.2)
Closest enemy to 1: (-47.1, 25.2)
Closest enemy to 9: (-47.1, 25.2)
Closest enemy to 7: (-47.1, 25.2)
Closest enemy to 5: (-47.1, 25.2)
Closest enemy to 4: (47.0, 16.4)
Closest enemy to 3: (-47.1, 25.2)
Closest enemy to 1: (-47.1, 25.2)
Closest enemy to 9: (-47.1, 25.2)
Closest enemy to 7: (-47.1, 25.2)
Closest enemy to 5: (-47.1, 25.2)
Closest enemy to 4: (48.0, 14.0)
Closest enemy to 3: (-47.1, 25.2)
Closest enemy to 1: (-47.1, 25.2)
Closest enemy to 9: (-47.1, 25.2)
Closest enemy to 7: (-47.1, 25.2)
Closest enemy to 5: (-47.1, 25.2)
Closest enemy to 4: (47.7, 11.5)
Closest enemy to 3: (-47.1, 25.2)
Closest enemy to 1: (-47.1, 25.2)
Closest enemy to 9: (-47.1, 25.2)
Closest enemy to 7: (-47.1, 25.2)
Closest enemy to 5: (-47.1, 25.2)
Closest enemy to 4: (46.7, 9.1)
Closest enemy to 3: (-47.1, 25.2)
Closest enemy to 1: (-47.1, 25.2)
Closest enemy to 9: (-47.1, 25.2)
Closest enemy to 7: (-47.1, 25.2)
Closest enemy to 5: (-47.1, 25.2)
Closest enemy to 4: (47.0, 6.5)
Closest enemy to 3: (-47.1, 25.2)
Closest enemy to 1: (-47.1, 25.2)
Closest enemy to 9: (-47.1, 25.2)
Closest enemy to 7: (-47.1, 25.2)
Closest enemy to 5: (-47.1, 25.2)
Closest enemy to 4: (48.0, 4.2)
Closest enemy to 3: (-47.1, 25.2)
Closest enemy to 1: (-47.1, 25.2)
Closest enemy to 9: (-47.1, 25.2)
Closest enemy to 7: (-47.1, 25.2)
Closest enemy to 5: (-47.1, 25.2)
Closest enemy to 4: (47.7, 1.6)
Closest enemy to 3: (-47.1, 25.2)
Closest enemy to 1: (-47.1, 25.2)
Closest enemy to 9: (-47.1, 25.2)
Closest enemy to 7: (-47.1, 25.2)
Closest enemy to 5: (-47.1, 25.2)
Closest enemy to 4: (46.7, -0.8)
Closest enemy to 3: (-47.1, 25.2)
Closest enemy to 1: (-47.1, 25.2)
Closest enemy to 9: (-47.1, 25.2)
Closest enemy to 7: (-47.1, 25.2)
Closest enemy to 5: (-47.1, 25.2)
Closest enemy to 4: (47.0, -3.3)
Closest enemy to 3: (-47.1, 25.2)
Closest enemy to 1: (-47.1, 25.2)
Closest enemy to 9: (-47.1, 25.2)
Closest enemy to 7: (-47.1, 25.2)
Closest enemy to 5: (-47.1, 25.2)
Closest enemy to 4: (48.0, -5.7)
Closest enemy to 3: (-47.1, 25.2)
Closest enemy to 1: (-47.1, 25.2)
Closest enemy to 9: (-47.1, 25.2)
Closest enemy to 7: (-47.1, 25.2)
Closest enemy to 5: (-47.1, 25.2)
Closest enemy to 4: (47.7, -8.3)
Closest enemy to 3: (-47.1, 25.2)
Closest enemy to 1: (-47.1, 25.2)
Closest enemy to 9: (-47.1, 25.2)
Closest enemy to 7: (-47.1, 25.2)
Closest enemy to 5: (-47.1, 25.2)
Closest enemy to 4: (46.7, -10.7)
Closest enemy to 3: (-47.1, 25.2)
Closest enemy to 1: (-47.1, 25.2)
Closest enemy to 9: (-47.1, 25.2)
Closest enemy to 7: (-47.1, 25.2)
Closest enemy to 5: (-47.1, 25.2)
Closest enemy to 4: (47.0, -13.2)
Closest enemy to 3: (-47.1, 25.2)
Closest enemy to 1: (-47.1, 25.2)
Closest enemy to 9: (-47.1, 25.2)
Closest enemy to 7: (-47.1, 25.2)
Closest enemy to 5: (-47.1, 25.2)
Closest enemy to 4: (48.0, -15.6)
Closest enemy to 3: (-47.1, 25.2)
Closest enemy to 1: (-47.1, 25.2)
Closest enemy to 9: (-47.1, 25.2)
Closest enemy to 7: (-47.1, 25.2)
Closest enemy to 5: (-47.1, 25.2)
Closest enemy to 4: (47.7, -18.2)
Closest enemy to 3: (-47.1, 25.2)
Closest enemy to 1: (-47.1, 25.2)
Closest enemy to 9: (-47.1, 25.2)
Closest enemy to 7: (-47.1, 25.2)
Closest enemy to 5: (-47.1, 25.2)
Closest enemy to 4: (46.7, -20.6)
Closest enemy to 3: (-47.1, 25.2)
Closest enemy to 1: (-47.1, 25.2)
Closest enemy to 9: (-47.1, 25.2)
Closest enemy to 7: (-47.1, 25.2)
Closest enemy to 5: (-47.1, 25.2)
Closest enemy to 4: (47.0, -23.1)
Closest enemy to 3: (-47.1, 25.2)
Closest enemy to 1: (-47.1, 25.2)
Closest enemy to 9: (-47.1, 25.2)
Closest enemy to 7: (-47.1, 25.2)
Closest enemy to 5: (-47.1, 25.2)
Closest enemy to 4: (48.0, -25.5)
Closest enemy to 3: (-47.1, 25.2)
Closest enemy to 1: (-47.1, 25.2)
Closest enemy to 9: (-47.1, 25.2)
Closest enemy to 7: (-47.1, 25.2)
Closest enemy to 5: (-47.1, 25.2)
Closest enemy to 4: (47.7, -28.1)
Closest enemy to 3: (-47.1, 25.2)
Closest enemy to 1: (-47.1, 25.2)
Closest enemy to 9: (-47.1, 25.2)
Closest enemy to 7: (-47.1, 25.2)
Closest enemy to 5: (-47.1, 25.2)
Closest enemy to 4: (46.7, -30.4)
Closest enemy to 3: (-47.1, 25.2)
Closest enemy to 1: (-47.1, 25.2)
Closest enemy to 9: (-47.1, 25.2)
Closest enemy to 7: (-47.1, 25.2)
Closest enemy to 5: (-47.1, 25.2)
Closest enemy to 4: (47.0, -33.0)
Closest enemy to 1: (-47.1, 25.2)
Closest enemy to 9: (-47.1, 25.2)
Closest enemy to 7: (-47.1, 25.2)
Closest enemy to 5: (-47.1, 25.2)
Closest enemy to 4: (48.0, -35.4)
Closest enemy to 1: (-47.1, 25.2)
Closest enemy to 9: (-47.1, 25.2)
Closest enemy to 7: (-47.1, 25.2)
Closest enemy to 4: (47.7, -37.9)
Closest enemy to 1: (-47.1, 25.2)
Closest enemy to 9: (-47.1, 25.2)
Closest enemy to 7: (-47.1, 25.2)
Closest enemy to 4: (46.7, -40.3)
Closest enemy to 1: (-47.1, 25.2)
Closest enemy to 4: (45.1, -42.4)
Closest enemy to 1: (-47.1, 25.2)
Closest enemy to 4: (43.1, -44.0)
Closest enemy to 1: (-47.1, 25.2)
Closest enemy to 4: (40.7, -45.0)
Closest enemy to 1: (-47.1, 25.2)
Closest enemy to 4: (38.2, -45.3)
Closest enemy to 1: (-47.1, 25.2)
Closest enemy to 4: (35.7, -45.8)
Closest enemy to 1: (-47.1, 25.2)
Closest enemy to 4: (33.3, -46.3)
Closest enemy to 1: (-47.1, 25.2)
Closest enemy to 4: (31.1, -47.7)
Closest enemy to 1: (-47.1, 25.2)
Closest enemy to 4: (28.5, -47.8)
Closest enemy to 1: (-47.1, 25.2)
Closest enemy to 4: (26.0, -47.3)
Closest enemy to 1: (-47.1, 25.2)
Closest enemy to 4: (22.8, -46.4)
Closest enemy to 1: (-47.1, 25.2)
Closest enemy to 4: (20.3, -46.5)
Closest enemy to 1: (-47.1, 25.2)
Closest enemy to 4: (17.8, -47.3)
Closest enemy to 1: (-47.1, 25.2)
Closest enemy to 4: (16.1, -46.7)
Closest enemy to 1: (-47.1, 25.2)
Closest enemy to 4: (13.7, -47.5)
Closest enemy to 1: (-47.1, 25.2)
Closest enemy to 4: (11.2, -47.0)
Closest enemy to 1: (-47.1, 25.2)
Closest enemy to 4: (8.7, -47.8)
Closest enemy to 1: (-47.1, 25.2)
Closest enemy to 4: (6.2, -47.3)
Closest enemy to 1: (-47.1, 25.2)
Closest enemy to 4: (3.7, -48.1)
Closest enemy to 1: (-47.1, 25.2)
Closest enemy to 4: (1.2, -47.6)
Closest enemy to 1: (-47.1, 25.2)
Closest enemy to 4: (-1.1, -46.4)
Closest enemy to 1: (-47.1, 25.2)
Closest enemy to 4: (-3.7, -46.6)
Closest enemy to 1: (-47.1, 25.2)
Closest enemy to 4: (-6.1, -47.4)
Closest enemy to 1: (-47.1, 25.2)
Closest enemy to 4: (-8.7, -46.9)
Closest enemy to 1: (-47.1, 25.2)
Closest enemy to 4: (-11.1, -47.7)
Closest enemy to 1: (-47.1, 25.2)
Closest enemy to 4: (-13.6, -47.2)
Closest enemy to 1: (-47.1, 25.2)
Closest enemy to 4: (-16.1, -48.0)
Closest enemy to 1: (-47.1, 25.2)
Closest enemy to 4: (-18.6, -47.5)
Closest enemy to 1: (-47.1, 25.2)
Closest enemy to 4: (-21.1, -48.3)
Closest enemy to 1: (-47.1, 25.2)
Closest enemy to 4: (-24.3, -46.6)
Closest enemy to 1: (-47.1, 25.2)
Closest enemy to 4: (-25.9, -46.6)
Closest enemy to 1: (-47.1, 25.2)
Closest enemy to 4: (-28.5, -46.8)
Closest enemy to 1: (-47.1, 25.2)
Closest enemy to 4: (-30.9, -47.6)
Closest enemy to 1: (-47.1, 25.2)
Closest enemy to 4: (-33.5, -47.1)
Closest enemy to 1: (-47.1, 25.2)
Closest enemy to 4: (-35.9, -47.9)
Closest enemy to 4: (-38.4, -47.4)
Closest enemy to 4: (-40.7, -46.2)
Closest enemy to 4: (-42.7, -44.5)
Closest enemy to 4: (-44.1, -42.4)
Closest enemy to 4: (-44.9, -40.0)
Closest enemy to 4: (-46.9, -38.2)
Closest enemy to 4: (-47.4, -35.3)
Closest enemy to 4: (-47.5, -32.8)
Closest enemy to 4: (-47.0, -30.2)
Closest enemy to 4: (-47.8, -27.8)
Closest enemy to 4: (-47.3, -25.3)
Closest enemy to 4: (-46.5, -23.4)
Closest enemy to 4: (-46.7, -20.8)
Closest enemy to 4: (-47.5, -18.4)
Closest enemy to 4: (-46.6, -15.4)
Closest enemy to 4: (-47.4, -13.0)
Closest enemy to 4: (-46.9, -10.4)
Closest enemy to 4: (-47.7, -8.0)
Closest enemy to 4: (-47.2, -5.5)
Closest enemy to 4: (-47.7, -6.2)
Closest enemy to 4: (-47.7, -6.2)
Closest enemy to 4: (-47.7, -6.2)
Closest enemy to 4: (-47.7, -6.2)
Closest enemy to 4: (-47.7, -6.2)
Closest enemy to 4: (-47.7, -6.2)
Closest enemy to 4: (-47.7, -6.2)
Closest enemy to 4: (-47.7, -6.2)
Closest enemy to 4: (-47.7, -6.2)
Closest enemy to 4: (-47.7, -6.2)
Closest enemy to 4: (-47.7, -6.2)
Closest enemy to 4: (-47.7, -6.2)
Closest enemy to 4: (-47.7, -6.2)
Closest enemy to 4: (-47.7, -6.2)
Closest enemy to 4: (-47.7, -6.2)
Closest enemy to 4: (-47.7, -6.2)
Closest enemy to 4: (-47.7, -6.2)
Closest enemy to 4: (-47.7, -6.2)
Closest enemy to 4: (-47.7, -6.2)
Closest enemy to 4: (-47.7, -6.2)
Closest enemy to 4: (-47.7, -6.2)
Closest enemy to 4: (-47.9, -4.9)
Closest enemy to 4: (-47.9, -4.9)
Closest enemy to 4: (-47.9, -4.9)
Closest enemy to 4: (-47.9, -4.9)
Closest enemy to 4: (-47.9, -4.9)
Closest enemy to 4: (-47.9, -4.9)
Closest enemy to 4: (-47.9, -4.9)
Closest enemy to 4: (-47.9, -4.9)
Closest enemy to 4: (-47.9, -4.9)
Closest enemy to 4: (-47.9, -4.9)
Closest enemy to 4: (-47.9, -4.9)
Closest enemy to 4: (-47.9, -4.9)
Closest enemy to 4: (-47.1, 25.2)
Closest enemy to 4: (-47.1, 25.2)
Closest enemy to 4: (-47.1, 25.2)
Closest enemy to 4: (-47.1, 25.2)
Closest enemy to 4: (-47.1, 25.2)
Closest enemy to 4: (-47.1, 25.2)
Closest enemy to 4: (-47.1, 25.2)
Closest enemy to 4: (-47.1, 25.2)
Closest enemy to 4: (-47.1, 25.2)
Closest enemy to 4: (-47.1, 25.2)
Closest enemy to 4: (-47.1, 25.2)
Closest enemy to 4: (-47.1, 25.2)
Closest enemy to 4: (-47.1, 25.2)
Closest enemy to 4: (-47.1, 25.2)
Closest enemy to 4: (-47.1, 25.2)
Closest enemy to 4: (-47.1, 25.2)
Closest enemy to 4: (-47.1, 25.2)
Closest enemy to 4: (-47.1, 25.2)
Closest enemy to 4: (-47.1, 25.2)
Closest enemy to 4: (-47.1, 25.2)
Closest enemy to 4: (-47.1, 25.2)
Closest enemy to 4: (-47.1, 25.2)
Closest enemy to 4: (-47.1, 25.2)
Closest enemy to 4: (-47.1, 25.2)
Closest enemy to 4: (-47.1, 25.2)
Closest enemy to 4: (-47.1, 25.2)
Closest enemy to 4: (-47.1, 25.2)
Closest enemy to 4: (-47.1, 25.2)
Closest enemy to 4: (-47.1, 25.2)
Closest enemy to 4: (-47.1, 25.2)
Closest enemy to 4: (-47.1, 25.2)
Closest enemy to 4: (-47.1, 25.2)
Closest enemy to 4: (-47.1, 25.2)
Closest enemy to 4: (-47.1, 25.2)
Closest enemy to 4: (-47.1, 25.2)
Closest enemy to 4: (-47.1, 25.2)
Closest enemy to 4: (-47.1, 25.2)
Closest enemy to 4: (-47.1, 25.2)
Closest enemy to 4: (-47.1, 25.2)
Closest enemy to 4: (-47.1, 25.2)
Closest enemy to 4: (-47.1, 25.2)
Closest enemy to 4: (-47.1, 25.2)
Closest enemy to 4: (-47.1, 25.2)
Closest enemy to 4: (-47.1, 25.2)
Closest enemy to 4: (-47.1, 25.2)
Closest enemy to 4: (-47.1, 25.2)
Closest enemy to 4: (-47.1, 25.2)
Closest enemy to 4: (-47.1, 25.2)
Closest enemy to 4: (-47.1, 25.2)
Closest enemy to 4: (-47.1, 25.2)
Closest enemy to 4: (-47.1, 25.2)
Closest enemy to 4: (-47.1, 25.2)
Closest enemy to 4: (-47.1, 25.2)
Closest enemy to 4: (-47.1, 25.2)
Closest enemy to 4: (-47.1, 25.2)
Closest enemy to 4: (-47.1, 25.2)
Closest enemy to 4: (-47.1, 25.2)
Closest enemy to 4: (-47.1, 25.2)
Closest enemy to 4: (-47.1, 25.2)
Closest enemy to 4: (-47.1, 25.2)
Closest enemy to 4: (-47.1, 25.2)
Closest enemy to 4: (-47.1, 25.2)
Closest enemy to 4: (-47.1, 25.2)
Closest enemy to 4: (-47.1, 25.2)
Closest enemy to 4: (-47.1, 25.2)
Closest enemy to 4: (-47.1, 25.2)
Closest enemy to 4: (-47.1, 25.2)
Closest enemy to 4: (-47.1, 25.2)
Closest enemy to 4: (-47.1, 25.2)
Closest enemy to 4: (-47.1, 25.2)
Closest enemy to 4: (-47.1, 25.2)
Closest enemy to 4: (-47.1, 25.2)
Closest enemy to 4: (-47.1, 25.2)
Closest enemy to 4: (-47.1, 25.2)
Closest enemy to 4: (-47.1, 25.2)
Closest enemy to 4: (-47.1, 25.2)
Closest enemy to 4: (-47.1, 25.2)
Closest enemy to 4: (-47.1, 25.2)
Closest enemy to 4: (-47.1, 25.2)
Closest enemy to 4: (-47.1, 25.2)
Closest enemy to 4: (-47.1, 25.2)
Closest enemy to 4: (-47.1, 25.2)
Closest enemy to 4: (-47.1, 25.2)
Closest enemy to 4: (-47.1, 25.2)
Closest enemy to 4: (-47.1, 25.2)
Closest enemy to 4: (-47.1, 25.2)
Closest enemy to 4: (-47.1, 25.2)
Closest enemy to 4: (-47.1, 25.2)
Closest enemy to 4: (-47.1, 25.2)
Closest enemy to 4: (-47.1, 25.2)
Closest enemy to 4: (-47.1, 25.2)
Closest enemy to 4: (-47.1, 25.2)
Closest enemy to 4: (-47.1, 25.2)
Closest enemy to 4: (-47.1, 25.2)
Closest enemy to 4: (-47.1, 25.2)
Closest enemy to 4: (-47.1, 25.2)
Closest enemy to 4: (-47.1, 25.2)
Closest enemy to 4: (-47.1, 25.2)
Closest enemy to 4: (-47.1, 25.2)
Closest enemy to 4: (-47.1, 25.2)
Closest enemy to 4: (-47.1, 25.2)
Closest enemy to 4: (-47.1, 25.2)
Closest enemy to 4: (-47.1, 25.2)
Closest enemy to 4: (-47.1, 25.2)
Closest enemy to 4: (-47.1, 25.2)
Closest enemy to 4: (-47.1, 25.2)
Closest enemy to 4: (-47.1, 25.2)
Closest enemy to 4: (-47.1, 25.2)
Closest enemy to 4: (-47.1, 25.2)
Closest enemy to 4: (-47.1, 25.2)
Closest enemy to 4: (-47.1, 25.2)
Closest enemy to 4: (-47.1, 25.2)
Closest enemy to 4: (-47.1, 25.2)
Closest enemy to 4: (-47.1, 25.2)
Closest enemy to 4: (-47.1, 25.2)
Closest enemy to 4: (-47.1, 25.2)
Closest enemy to 4: (-47.1, 25.2)
Closest enemy to 4: (-47.1, 25.2)
Closest enemy to 4: (-47.1, 25.2)
Closest enemy to 4: (-47.1, 25.2)
Closest enemy to 4: (-47.1, 25.2)
Closest enemy to 4: (-47.1, 25.2)
Closest enemy to 4: (-47.1, 25.2)
Closest enemy to 4: (-47.1, 25.2)
Closest enemy to 4: (-46.6, 29.2)
Closest enemy to 4: (-47.4, 31.6)
Closest enemy to 4: (-47.1, 25.2)
Closest enemy to 4: (-47.1, 25.2)
Closest enemy to 4: (-47.1, 25.2)
Closest enemy to 4: (-47.1, 25.2)
Closest enemy to 4: (-47.1, 25.2)
Closest enemy to 4: (-47.1, 25.2)
Closest enemy to 4: (-39.8, 45.7)
Closest enemy to 4: (-37.2, 45.9)
Closest enemy to 4: (-35.0, 47.3)
Closest enemy to 4: (-32.5, 47.4)
Closest enemy to 4: (-29.9, 46.9)
Closest enemy to 4: (-27.5, 47.7)
Closest enemy to 4: (-25.0, 47.2)
Closest enemy to 4: (-22.5, 48.0)
Closest enemy to 4: (-20.0, 47.5)
Closest enemy to 4: (-17.7, 46.4)
Closest enemy to 4: (-15.1, 46.5)
Closest enemy to 4: (-12.7, 47.3)
Closest enemy to 4: (-10.2, 46.8)
Closest enemy to 4: (-7.8, 47.6)
Closest enemy to 4: (-5.3, 47.1)
Closest enemy to 4: (-2.8, 47.9)
Closest enemy to 4: (-0.3, 47.4)
Closest enemy to 4: (2.2, 48.2)
Closest enemy to 4: (4.7, 47.7)
Closest enemy to 4: (7.0, 46.5)
Closest enemy to 4: (9.6, 46.7)
Closest enemy to 4: (12.0, 47.5)
Closest enemy to 4: (14.6, 47.0)
Closest enemy to 4: (17.0, 47.8)
Closest enemy to 4: (19.5, 47.3)
Closest enemy to 4: (22.0, 48.1)
Closest enemy to 4: (24.5, 47.6)
Closest enemy to 4: (26.8, 46.4)
Closest enemy to 4: (29.4, 46.6)
Closest enemy to 4: (31.8, 47.4)
Closest enemy to 4: (34.4, 46.9)
Closest enemy to 4: (36.8, 47.7)
Closest enemy to 4: (39.4, 47.2)
Closest enemy to 4: (41.7, 46.0)
Closest enemy to 4: (43.6, 44.3)
Closest enemy to 4: (45.0, 42.2)
Closest enemy to 4: (45.9, 39.8)
Closest enemy to 4: (46.0, 37.2)
Closest enemy to 4: (47.4, 35.0)
Closest enemy to 4: (47.6, 32.5)
Closest enemy to 4: (47.1, 29.9)
Closest enemy to 4: (47.9, 27.5)
Closest enemy to 4: (47.4, 24.9)
Closest enemy to 4: (46.4, 22.7)
Closest enemy to 4: (46.5, 20.1)
Closest enemy to 4: (47.3, 17.7)
Closest enemy to 4: (46.7, 15.1)
Closest enemy to 4: (47.5, 12.6)
Closest enemy to 4: (47.0, 10.1)
Closest enemy to 4: (47.8, 7.7)
Closest enemy to 4: (47.3, 5.1)
Closest enemy to 4: (48.1, 2.7)
Closest enemy to 4: (47.6, 0.2)
Closest enemy to 4: (46.6, -2.1)
Closest enemy to 4: (46.7, -4.7)
Closest enemy to 4: (47.5, -7.1)
Closest enemy to 4: (47.0, -9.6)
Closest enemy to 4: (47.8, -12.1)
Closest enemy to 4: (47.3, -14.6)
Closest enemy to 4: (48.1, -17.1)
Closest enemy to 4: (47.6, -19.6)
Closest enemy to 4: (46.5, -21.9)
Closest enemy to 4: (46.7, -24.5)
Closest enemy to 4: (47.5, -26.9)
Closest enemy to 4: (47.0, -29.5)
Closest enemy to 4: (47.8, -31.9)
Closest enemy to 4: (47.3, -34.4)
Closest enemy to 4: (48.1, -36.9)
Closest enemy to 4: (47.6, -39.4)
Closest enemy to 4: (46.4, -41.7)
Closest enemy to 4: (44.7, -43.7)
Closest enemy to 4: (42.6, -45.1)
Closest enemy to 4: (40.1, -45.9)
Closest enemy to 4: (37.6, -46.1)
Closest enemy to 4: (35.4, -47.5)
Closest enemy to 4: (32.8, -47.7)
Closest enemy to 4: (30.3, -47.2)
Closest enemy to 4: (27.9, -48.0)
Closest enemy to 4: (25.3, -47.5)
Closest enemy to 4: (22.8, -46.4)
Closest enemy to 4: (20.3, -46.5)
Closest enemy to 4: (17.8, -47.3)
Closest enemy to 4: (15.5, -46.8)
Closest enemy to 4: (13.0, -47.6)
Closest enemy to 4: (10.5, -47.1)
Closest enemy to 4: (8.0, -47.9)
Closest enemy to 4: (5.5, -47.4)
Closest enemy to 4: (3.1, -48.2)
Closest enemy to 4: (0.5, -47.7)
Closest enemy to 4: (-1.8, -46.5)
Closest enemy to 4: (-4.3, -46.7)
Closest enemy to 4: (-6.8, -47.5)
Closest enemy to 4: (-9.3, -47.0)
Closest enemy to 4: (-11.8, -47.8)
Closest enemy to 4: (-14.3, -47.3)
Closest enemy to 4: (-16.7, -48.1)
Closest enemy to 4: (-19.3, -47.6)
Closest enemy to 4: (-21.6, -46.5)
Closest enemy to 4: (-24.2, -46.6)
Closest enemy to 4: (-26.6, -47.4)
Closest enemy to 4: (-29.1, -46.9)
Closest enemy to 4: (-31.6, -47.7)
Closest enemy to 4: (-34.1, -47.2)
Closest enemy to 4: (-36.6, -48.0)
Closest enemy to 4: (-39.1, -47.5)
Closest enemy to 4: (-41.4, -46.4)
Closest enemy to 4: (-43.3, -44.7)
Closest enemy to 4: (-44.8, -42.5)
Closest enemy to 4: (-45.6, -40.1)
Closest enemy to 4: (-45.8, -37.5)
Closest enemy to 4: (-47.2, -35.4)
Closest enemy to 4: (-47.4, -32.8)
Closest enemy to 4: (-46.9, -30.3)
Closest enemy to 4: (-47.7, -27.8)
Closest enemy to 4: (-47.2, -25.3)
Closest enemy to 4: (-48.0, -22.8)
Closest enemy to 4: (-47.5, -20.3)
Closest enemy to 4: (-46.5, -18.0)
Closest enemy to 4: (-46.6, -15.4)
Closest enemy to 4: (-47.4, -13.0)
Closest enemy to 4: (-46.8, -10.4)
Closest enemy to 4: (-47.6, -8.0)
Closest enemy to 4: (-47.1, -5.5)
Closest enemy to 4: (-47.7, -6.2)
Closest enemy to 4: (-47.7, -6.2)
Closest enemy to 4: (-47.7, -6.2)
Closest enemy to 4: (-47.7, -6.2)
Closest enemy to 4: (-47.7, -6.2)
Closest enemy to 4: (-47.7, -6.2)
Closest enemy to 4: (-47.7, -6.2)
Closest enemy to 4: (-47.7, -6.2)
Closest enemy to 4: (-47.7, -6.2)
Closest enemy to 4: (-47.7, -6.2)
Closest enemy to 4: (-47.7, -6.2)
Closest enemy to 4: (-47.7, -6.2)
Closest enemy to 4: (-47.7, -6.2)
Closest enemy to 4: (-47.7, -6.2)
Closest enemy to 4: (-47.7, -6.2)
Closest enemy to 4: (-47.7, -6.2)
Closest enemy to 4: (-47.7, -6.2)
Closest enemy to 4: (-47.7, -6.2)
Closest enemy to 4: (-47.7, -6.2)
Closest enemy to 4: (-47.7, -6.2)
Closest enemy to 4: (-47.7, -6.2)
Closest enemy to 4: (-47.7, -6.2)
Closest enemy to 4: (-47.7, -6.2)
Closest enemy to 4: (-47.7, -6.2)
Closest enemy to 4: (-47.7, -6.2)
Closest enemy to 4: (-47.7, -6.2)
Closest enemy to 4: (-47.7, -6.2)
Closest enemy to 4: (-47.7, -6.2)
You lost!
Stats:
  - 20 remaining plane score
  - Spent 1000 points
  - Dealt 60 damage

---- ERRORS (stderr) ----

