---- OUTPUT (stdout) ----
Connecting to server on port 9002...
Connected to server on port 9002
Closest enemy to 6: (-7.5, 43.0)
Closest enemy to 7: (-7.5, 43.0)
Closest enemy to 8: (-7.5, 43.0)
Closest enemy to 9: (-5.0, 43.0)
Closest enemy to 10: (-2.5, 42.5)
Closest enemy to 11: (0.0, 42.5)
Closest enemy to 12: (2.5, 43.5)
Closest enemy to 13: (5.0, 43.5)
Closest enemy to 14: (5.0, 43.5)
Closest enemy to 15: (5.0, 43.5)
Closest enemy to 6: (-2.5, 40.0)
Closest enemy to 7: (-2.5, 40.0)
Closest enemy to 8: (-2.5, 40.0)
Closest enemy to 9: (-2.5, 40.0)
Closest enemy to 10: (-2.5, 40.0)
Closest enemy to 11: (0.0, 40.0)
Closest enemy to 12: (0.0, 40.0)
Closest enemy to 13: (0.0, 40.0)
Closest enemy to 14: (0.0, 40.0)
Closest enemy to 15: (0.0, 40.0)
Closest enemy to 6: (-2.5, 37.5)
Closest enemy to 7: (-2.5, 37.5)
Closest enemy to 8: (-2.5, 37.5)
Closest enemy to 9: (-2.5, 37.5)
Closest enemy to 10: (-2.5, 37.5)
Closest enemy to 11: (0.0, 37.5)
Closest enemy to 12: (0.0, 37.5)
Closest enemy to 13: (0.0, 37.5)
Closest enemy to 14: (0.0, 37.5)
Closest enemy to 15: (0.0, 37.5)
Closest enemy to 6: (-2.5, 35.0)
Closest enemy to 7: (-2.5, 35.0)
Closest enemy to 8: (-2.5, 35.0)
Closest enemy to 9: (-2.5, 35.0)
Closest enemy to 10: (-2.5, 35.0)
Closest enemy to 11: (0.0, 35.0)
Closest enemy to 12: (0.0, 35.0)
Closest enemy to 13: (0.0, 35.0)
Closest enemy to 14: (0.0, 35.0)
Closest enemy to 15: (0.0, 35.0)
Closest enemy to 6: (-2.5, 32.5)
Closest enemy to 7: (-2.5, 32.5)
Closest enemy to 8: (-2.5, 32.5)
Closest enemy to 9: (-2.5, 32.5)
Closest enemy to 10: (-2.5, 32.5)
Closest enemy to 11: (0.0, 32.5)
Closest enemy to 12: (0.0, 32.5)
Closest enemy to 13: (0.0, 32.5)
Closest enemy to 14: (0.0, 32.5)
Closest enemy to 15: (0.0, 32.5)
Closest enemy to 6: (-2.5, 30.0)
Closest enemy to 7: (-2.5, 30.0)
Closest enemy to 8: (-2.5, 30.0)
Closest enemy to 9: (-2.5, 30.0)
Closest enemy to 10: (-2.5, 30.0)
Closest enemy to 11: (0.0, 30.0)
Closest enemy to 12: (0.0, 30.0)
Closest enemy to 13: (0.0, 30.0)
Closest enemy to 14: (0.0, 30.0)
Closest enemy to 15: (0.0, 30.0)
Closest enemy to 6: (-2.5, 27.5)
Closest enemy to 7: (-2.5, 27.5)
Closest enemy to 8: (-2.5, 27.5)
Closest enemy to 9: (-2.5, 27.5)
Closest enemy to 10: (-2.5, 27.5)
Closest enemy to 11: (0.0, 27.5)
Closest enemy to 12: (0.0, 27.5)
Closest enemy to 13: (0.0, 27.5)
Closest enemy to 14: (0.0, 27.5)
Closest enemy to 15: (0.0, 27.5)
Closest enemy to 6: (-2.5, 25.0)
Closest enemy to 7: (-2.5, 25.0)
Closest enemy to 8: (-2.5, 25.0)
Closest enemy to 9: (-2.5, 25.0)
Closest enemy to 10: (-2.5, 25.0)
Closest enemy to 11: (0.0, 25.0)
Closest enemy to 12: (0.0, 25.0)
Closest enemy to 13: (0.0, 25.0)
Closest enemy to 14: (0.0, 25.0)
Closest enemy to 15: (0.0, 25.0)
Closest enemy to 6: (-2.5, 22.5)
Closest enemy to 7: (-2.5, 22.5)
Closest enemy to 8: (-2.5, 22.5)
Closest enemy to 9: (-2.5, 22.5)
Closest enemy to 10: (-2.5, 22.5)
Closest enemy to 11: (0.0, 22.5)
Closest enemy to 12: (0.0, 22.5)
Closest enemy to 13: (0.0, 22.5)
Closest enemy to 14: (0.0, 22.5)
Closest enemy to 15: (0.0, 22.5)
Closest enemy to 6: (-2.5, 20.0)
Closest enemy to 7: (-2.5, 20.0)
Closest enemy to 8: (-2.5, 20.0)
Closest enemy to 9: (-2.5, 20.0)
Closest enemy to 10: (0.0, 20.0)
Closest enemy to 11: (-2.5, 20.0)
Closest enemy to 12: (0.0, 20.0)
Closest enemy to 13: (0.0, 20.0)
Closest enemy to 14: (0.0, 20.0)
Closest enemy to 15: (0.0, 20.0)
Closest enemy to 6: (-2.5, 17.5)
Closest enemy to 7: (-2.5, 17.5)
Closest enemy to 8: (-2.5, 17.5)
Closest enemy to 9: (-2.5, 17.5)
Closest enemy to 10: (0.0, 17.5)
Closest enemy to 11: (-2.5, 17.5)
Closest enemy to 12: (0.0, 17.5)
Closest enemy to 13: (0.0, 17.5)
Closest enemy to 14: (0.0, 17.5)
Closest enemy to 15: (0.0, 17.5)
Closest enemy to 6: (-2.5, 15.0)
Closest enemy to 7: (-2.5, 15.0)
Closest enemy to 8: (-2.5, 15.0)
Closest enemy to 9: (-2.5, 15.0)
Closest enemy to 10: (0.0, 15.0)
Closest enemy to 11: (-2.5, 15.0)
Closest enemy to 12: (0.0, 15.0)
Closest enemy to 13: (0.0, 15.0)
Closest enemy to 14: (0.0, 15.0)
Closest enemy to 15: (0.0, 15.0)
Closest enemy to 6: (-2.5, 12.5)
Closest enemy to 7: (-2.5, 12.5)
Closest enemy to 8: (-2.5, 12.5)
Closest enemy to 9: (-2.5, 12.5)
Closest enemy to 10: (0.0, 12.5)
Closest enemy to 11: (-2.5, 12.5)
Closest enemy to 12: (0.0, 12.5)
Closest enemy to 13: (0.0, 12.5)
Closest enemy to 14: (0.0, 12.5)
Closest enemy to 15: (0.0, 12.5)
Closest enemy to 6: (-2.5, 10.0)
Closest enemy to 7: (-2.5, 10.0)
Closest enemy to 8: (0.0, 10.0)
Closest enemy to 9: (-2.5, 10.0)
Closest enemy to 10: (0.0, 10.0)
Closest enemy to 11: (-2.5, 10.0)
Closest enemy to 12: (0.0, 10.0)
Closest enemy to 13: (-2.5, 10.0)
Closest enemy to 14: (0.0, 10.0)
Closest enemy to 15: (0.0, 10.0)
Closest enemy to 6: (-2.5, 7.5)
Closest enemy to 7: (-2.5, 7.5)
Closest enemy to 8: (0.0, 7.5)
Closest enemy to 9: (-2.5, 7.5)
Closest enemy to 10: (0.0, 7.5)
Closest enemy to 11: (-2.5, 7.5)
Closest enemy to 12: (0.0, 7.5)
Closest enemy to 13: (-2.5, 7.5)
Closest enemy to 14: (0.0, 7.5)
Closest enemy to 15: (0.0, 7.5)
Closest enemy to 6: (-2.5, 5.0)
Closest enemy to 7: (-2.5, 5.0)
Closest enemy to 8: (0.1, 5.0)
Closest enemy to 9: (-2.5, 5.0)
Closest enemy to 10: (0.1, 5.0)
Closest enemy to 11: (-2.5, 5.0)
Closest enemy to 12: (0.1, 5.0)
Closest enemy to 13: (-2.5, 5.0)
Closest enemy to 14: (0.1, 5.0)
Closest enemy to 15: (0.1, 5.0)
Closest enemy to 6: (0.1, 2.5)
Closest enemy to 7: (-2.5, 2.5)
Closest enemy to 8: (0.1, 2.5)
Closest enemy to 9: (-2.5, 2.5)
Closest enemy to 10: (0.1, 2.5)
Closest enemy to 11: (-2.5, 2.5)
Closest enemy to 12: (0.1, 2.5)
Closest enemy to 13: (-2.5, 2.5)
Closest enemy to 14: (0.1, 2.5)
Closest enemy to 15: (-2.5, 2.5)
Closest enemy to 6: (0.1, 0.0)
Closest enemy to 7: (-2.5, 0.0)
Closest enemy to 8: (0.1, 0.0)
Closest enemy to 9: (-2.5, 0.0)
Closest enemy to 10: (0.1, 0.0)
Closest enemy to 11: (-2.5, 0.0)
Closest enemy to 12: (0.1, 0.0)
Closest enemy to 13: (-2.5, 0.0)
Closest enemy to 14: (0.1, 0.0)
Closest enemy to 15: (-2.5, 0.0)
Closest enemy to 6: (0.1, -2.5)
Closest enemy to 7: (-2.4, -2.5)
Closest enemy to 8: (0.1, -2.5)
Closest enemy to 9: (-2.4, -2.5)
Closest enemy to 10: (0.1, -2.5)
Closest enemy to 11: (-2.4, -2.5)
Closest enemy to 12: (0.1, -2.5)
Closest enemy to 13: (-2.4, -2.5)
Closest enemy to 14: (0.1, -2.5)
Closest enemy to 15: (-2.4, -2.5)
Closest enemy to 6: (0.2, -5.0)
Closest enemy to 7: (-2.4, -5.0)
Closest enemy to 8: (0.2, -5.0)
Closest enemy to 9: (-2.4, -5.0)
Closest enemy to 10: (0.2, -5.0)
Closest enemy to 11: (-2.4, -5.0)
Closest enemy to 12: (0.2, -5.0)
Closest enemy to 13: (-2.4, -5.0)
Closest enemy to 14: (0.2, -5.0)
Closest enemy to 15: (-2.4, -5.0)
Closest enemy to 6: (0.4, -7.5)
Closest enemy to 7: (-2.5, -7.5)
Closest enemy to 8: (0.4, -7.5)
Closest enemy to 9: (-2.5, -7.5)
Closest enemy to 10: (0.4, -7.5)
Closest enemy to 11: (-2.5, -7.5)
Closest enemy to 12: (0.4, -7.5)
Closest enemy to 13: (-2.5, -7.5)
Closest enemy to 14: (0.4, -7.5)
Closest enemy to 15: (-2.5, -7.5)
Closest enemy to 6: (0.6, -10.0)
Closest enemy to 7: (-2.8, -10.0)
Closest enemy to 8: (0.6, -10.0)
Closest enemy to 9: (-2.8, -10.0)
Closest enemy to 10: (0.6, -10.0)
Closest enemy to 11: (-2.8, -10.0)
Closest enemy to 12: (0.6, -10.0)
Closest enemy to 13: (-2.8, -10.0)
Closest enemy to 14: (0.6, -10.0)
Closest enemy to 15: (-2.8, -10.0)
Closest enemy to 6: (1.0, -12.5)
Closest enemy to 7: (-3.1, -12.5)
Closest enemy to 8: (1.0, -12.5)
Closest enemy to 9: (-3.1, -12.5)
Closest enemy to 10: (1.0, -12.5)
Closest enemy to 11: (-3.1, -12.5)
Closest enemy to 12: (1.0, -12.5)
Closest enemy to 13: (-3.1, -12.5)
Closest enemy to 14: (1.0, -12.5)
Closest enemy to 15: (-3.1, -12.5)
Closest enemy to 6: (1.6, -14.9)
Closest enemy to 7: (-3.8, -14.9)
Closest enemy to 8: (1.6, -14.9)
Closest enemy to 9: (-3.8, -14.9)
Closest enemy to 10: (1.6, -14.9)
Closest enemy to 11: (-3.8, -14.9)
Closest enemy to 12: (1.6, -14.9)
Closest enemy to 13: (-3.8, -14.9)
Closest enemy to 14: (1.6, -14.9)
Closest enemy to 15: (-3.8, -14.9)
Closest enemy to 6: (2.5, -17.2)
Closest enemy to 7: (-9.3, -4.9)
Closest enemy to 8: (2.5, -17.2)
Closest enemy to 9: (-4.7, -17.2)
Closest enemy to 10: (2.5, -17.2)
Closest enemy to 11: (-4.7, -17.2)
Closest enemy to 12: (2.5, -17.2)
Closest enemy to 13: (-4.7, -17.2)
Closest enemy to 14: (2.5, -17.2)
Closest enemy to 15: (-4.7, -17.2)
Closest enemy to 6: (3.8, -19.4)
Closest enemy to 7: (-9.5, -6.9)
Closest enemy to 8: (3.8, -19.4)
Closest enemy to 9: (-6.0, -19.4)
Closest enemy to 10: (3.8, -19.4)
Closest enemy to 11: (-6.0, -19.4)
Closest enemy to 12: (3.8, -19.4)
Closest enemy to 13: (-6.0, -19.4)
Closest enemy to 14: (3.8, -19.4)
Closest enemy to 15: (-6.0, -19.4)
Closest enemy to 6: (5.6, -21.2)
Closest enemy to 7: (-9.8, -8.9)
Closest enemy to 8: (5.6, -21.2)
Closest enemy to 9: (-9.8, -8.9)
Closest enemy to 10: (5.6, -21.2)
Closest enemy to 11: (-7.8, -21.2)
Closest enemy to 12: (5.6, -21.2)
Closest enemy to 13: (-7.8, -21.2)
Closest enemy to 14: (5.6, -21.2)
Closest enemy to 15: (-7.8, -21.2)
Closest enemy to 6: (7.9, -22.5)
Closest enemy to 7: (-10.2, -10.9)
Closest enemy to 8: (7.9, -22.5)
Closest enemy to 9: (-10.2, -10.9)
Closest enemy to 10: (7.9, -22.5)
Closest enemy to 11: (-10.1, -22.4)
Closest enemy to 12: (7.9, -22.5)
Closest enemy to 13: (-10.1, -22.4)
Closest enemy to 14: (7.9, -22.5)
Closest enemy to 15: (-10.1, -22.4)
Closest enemy to 6: (10.4, -23.1)
Closest enemy to 7: (-10.7, -12.8)
Closest enemy to 8: (10.4, -23.1)
Closest enemy to 9: (-10.7, -12.8)
Closest enemy to 10: (10.4, -23.1)
Closest enemy to 11: (-12.6, -23.0)
Closest enemy to 12: (10.4, -23.1)
Closest enemy to 13: (-12.6, -23.0)
Closest enemy to 14: (10.4, -23.1)
Closest enemy to 15: (-12.6, -23.0)
Closest enemy to 6: (12.9, -23.0)
Closest enemy to 7: (-11.5, -14.7)
Closest enemy to 8: (12.9, -23.0)
Closest enemy to 9: (-11.5, -14.7)
Closest enemy to 10: (12.9, -23.0)
Closest enemy to 11: (-15.1, -23.0)
Closest enemy to 12: (12.9, -23.0)
Closest enemy to 13: (-15.1, -23.0)
Closest enemy to 14: (12.9, -23.0)
Closest enemy to 15: (-15.1, -23.0)
Closest enemy to 6: (15.4, -22.3)
Closest enemy to 7: (-12.6, -16.3)
Closest enemy to 8: (15.4, -22.3)
Closest enemy to 9: (-12.6, -16.3)
Closest enemy to 10: (15.4, -22.3)
Closest enemy to 11: (-17.6, -22.3)
Closest enemy to 12: (15.4, -22.3)
Closest enemy to 13: (-17.6, -22.3)
Closest enemy to 14: (15.4, -22.3)
Closest enemy to 15: (-12.6, -16.3)
Closest enemy to 6: (17.6, -21.0)
Closest enemy to 7: (-12.6, -16.3)
Closest enemy to 8: (17.6, -21.0)
Closest enemy to 9: (-12.6, -16.3)
Closest enemy to 10: (17.6, -21.0)
Closest enemy to 11: (-19.8, -20.9)
Closest enemy to 12: (17.6, -21.0)
Closest enemy to 13: (-19.8, -20.9)
Closest enemy to 14: (17.6, -21.0)
Closest enemy to 6: (19.4, -19.1)
Closest enemy to 7: (-12.6, -16.3)
Closest enemy to 8: (19.4, -19.1)
Closest enemy to 9: (-12.6, -16.3)
Closest enemy to 10: (19.4, -19.1)
Closest enemy to 11: (-21.6, -19.0)
Closest enemy to 12: (19.4, -19.1)
Closest enemy to 13: (-14.5, -17.4)
Closest enemy to 14: (19.4, -19.1)
Closest enemy to 6: (7.4, -5.8)
Closest enemy to 7: (-16.5, -17.4)
Closest enemy to 8: (20.7, -16.9)
Closest enemy to 9: (-16.5, -17.4)
Closest enemy to 10: (20.7, -16.9)
Closest enemy to 11: (-22.8, -16.8)
Closest enemy to 12: (20.7, -16.9)
Closest enemy to 13: (-16.5, -17.4)
Closest enemy to 14: (20.7, -16.9)
Closest enemy to 6: (8.0, -7.2)
Closest enemy to 7: (-18.5, -16.9)
Closest enemy to 8: (21.3, -14.4)
Closest enemy to 9: (-18.5, -16.9)
Closest enemy to 10: (8.0, -7.2)
Closest enemy to 11: (-23.4, -14.3)
Closest enemy to 12: (21.3, -14.4)
Closest enemy to 13: (-18.5, -16.9)
Closest enemy to 14: (21.3, -14.4)
Closest enemy to 6: (8.9, -8.5)
Closest enemy to 7: (-12.6, -16.3)
Closest enemy to 8: (8.9, -8.5)
Closest enemy to 9: (-12.6, -16.3)
Closest enemy to 10: (8.9, -8.5)
Closest enemy to 11: (-23.4, -11.7)
Closest enemy to 12: (21.2, -11.8)
Closest enemy to 13: (-12.6, -16.3)
Closest enemy to 14: (21.2, -11.8)
Closest enemy to 6: (9.9, -9.5)
Closest enemy to 7: (-12.6, -16.3)
Closest enemy to 8: (9.9, -9.5)
Closest enemy to 9: (-12.6, -16.3)
Closest enemy to 10: (9.9, -9.5)
Closest enemy to 11: (-22.6, -9.2)
Closest enemy to 12: (20.5, -9.3)
Closest enemy to 13: (-12.6, -16.3)
Closest enemy to 14: (20.5, -9.3)
Closest enemy to 6: (9.9, -9.5)
Closest enemy to 7: (-12.6, -16.3)
Closest enemy to 8: (9.9, -9.5)
Closest enemy to 9: (-12.6, -16.3)
Closest enemy to 11: (-21.3, -7.0)
Closest enemy to 12: (9.9, -9.5)
Closest enemy to 13: (-12.6, -16.3)
Closest enemy to 14: (19.2, -7.1)
Closest enemy to 6: (9.9, -9.5)
Closest enemy to 7: (-12.6, -16.3)
Closest enemy to 8: (9.9, -9.5)
Closest enemy to 9: (-12.6, -16.3)
Closest enemy to 11: (-19.4, -5.2)
Closest enemy to 12: (11.1, -10.4)
Closest enemy to 13: (-12.6, -16.3)
Closest enemy to 14: (17.3, -5.3)
Closest enemy to 6: (9.9, -9.5)
Closest enemy to 7: (-12.6, -16.3)
Closest enemy to 8: (9.9, -9.5)
Closest enemy to 9: (-12.6, -16.3)
Closest enemy to 11: (-17.2, -4.0)
Closest enemy to 13: (-12.6, -16.3)
Closest enemy to 14: (15.1, -4.1)
Closest enemy to 6: (9.9, -9.5)
Closest enemy to 7: (-12.6, -16.3)
Closest enemy to 8: (9.9, -9.5)
Closest enemy to 9: (-12.6, -16.3)
Closest enemy to 11: (-14.7, -3.4)
Closest enemy to 13: (-12.6, -16.3)
Closest enemy to 14: (11.1, -10.4)
Closest enemy to 6: (9.9, -9.5)
Closest enemy to 7: (-12.6, -16.3)
Closest enemy to 8: (9.9, -9.5)
Closest enemy to 9: (-12.6, -16.3)
Closest enemy to 11: (-12.1, -3.4)
Closest enemy to 13: (-12.6, -16.3)
Closest enemy to 14: (11.1, -10.4)
Closest enemy to 6: (7.5, -4.2)
Closest enemy to 7: (-12.6, -16.3)
Closest enemy to 8: (9.9, -9.5)
Closest enemy to 9: (-12.6, -16.3)
Closest enemy to 13: (-12.6, -16.3)
Closest enemy to 14: (9.9, -9.5)
Closest enemy to 6: (5.3, -5.5)
Closest enemy to 7: (-12.6, -16.3)
Closest enemy to 8: (5.3, -5.5)
Closest enemy to 9: (-12.6, -16.3)
Closest enemy to 13: (-12.6, -16.3)
Closest enemy to 14: (9.9, -9.5)
Closest enemy to 6: (2.9, -6.2)
Closest enemy to 7: (-12.6, -16.3)
Closest enemy to 8: (2.9, -6.2)
Closest enemy to 9: (-12.6, -16.3)
Closest enemy to 13: (-12.6, -16.3)
Closest enemy to 14: (9.9, -9.5)
Closest enemy to 6: (0.5, -7.0)
Closest enemy to 7: (-12.6, -16.3)
Closest enemy to 8: (0.5, -7.0)
Closest enemy to 9: (-12.6, -16.3)
Closest enemy to 13: (-12.6, -16.3)
Closest enemy to 14: (9.9, -9.5)
Closest enemy to 6: (-1.5, -8.6)
Closest enemy to 7: (-12.6, -16.3)
Closest enemy to 9: (-12.6, -16.3)
Closest enemy to 13: (-12.6, -16.3)
Closest enemy to 14: (9.9, -9.5)
Closest enemy to 6: (-4.0, -9.1)
Closest enemy to 7: (-12.6, -16.3)
Closest enemy to 9: (-12.6, -16.3)
Closest enemy to 13: (-12.6, -16.3)
Closest enemy to 14: (11.1, -10.4)
Closest enemy to 6: (-6.6, -8.8)
Closest enemy to 7: (-12.6, -16.3)
Closest enemy to 9: (-12.6, -16.3)
Closest enemy to 13: (-12.6, -16.3)
Closest enemy to 14: (11.1, -10.4)
Closest enemy to 6: (-9.0, -8.0)
Closest enemy to 7: (-12.6, -16.3)
Closest enemy to 9: (-12.6, -16.3)
Closest enemy to 13: (-12.6, -16.3)
Closest enemy to 14: (11.1, -10.4)
Closest enemy to 6: (-11.1, -6.5)
Closest enemy to 7: (-12.6, -16.3)
Closest enemy to 9: (-12.6, -16.3)
Closest enemy to 13: (-12.6, -16.3)
Closest enemy to 14: (11.1, -10.4)
Closest enemy to 6: (-12.8, -4.5)
Closest enemy to 7: (-12.6, -16.3)
Closest enemy to 9: (-12.6, -16.3)
Closest enemy to 13: (-12.6, -16.3)
Closest enemy to 14: (11.1, -10.4)
Closest enemy to 6: (-3.2, -7.2)
Closest enemy to 7: (-12.6, -16.3)
Closest enemy to 9: (-12.6, -16.3)
Closest enemy to 13: (-12.6, -16.3)
Closest enemy to 14: (11.1, -10.4)
Closest enemy to 6: (-12.6, -16.3)
Closest enemy to 7: (-12.6, -16.3)
Closest enemy to 9: (-12.6, -16.3)
Closest enemy to 13: (-12.6, -16.3)
Closest enemy to 14: (11.1, -10.4)
Closest enemy to 6: (-12.6, -16.3)
Closest enemy to 7: (-12.6, -16.3)
Closest enemy to 9: (-12.6, -16.3)
Closest enemy to 13: (-12.6, -16.3)
Closest enemy to 14: (11.1, -10.4)
Closest enemy to 6: (-12.6, -16.3)
Closest enemy to 7: (-12.6, -16.3)
Closest enemy to 9: (-12.6, -16.3)
Closest enemy to 13: (-12.6, -16.3)
Closest enemy to 14: (11.1, -10.4)
Closest enemy to 6: (-12.6, -16.3)
Closest enemy to 7: (-12.6, -16.3)
Closest enemy to 9: (-12.6, -16.3)
Closest enemy to 13: (-12.6, -16.3)
Closest enemy to 14: (11.1, -10.4)
Closest enemy to 6: (-12.6, -16.3)
Closest enemy to 7: (-12.6, -16.3)
Closest enemy to 9: (-12.6, -16.3)
Closest enemy to 13: (-12.6, -16.3)
Closest enemy to 14: (11.1, -10.4)
Closest enemy to 6: (-12.6, -16.3)
Closest enemy to 7: (-12.6, -16.3)
Closest enemy to 9: (-12.6, -16.3)
Closest enemy to 13: (-12.6, -16.3)
Closest enemy to 14: (11.1, -10.4)
Closest enemy to 6: (-12.6, -16.3)
Closest enemy to 7: (-12.6, -16.3)
Closest enemy to 9: (-12.6, -16.3)
Closest enemy to 13: (-11.3, -16.8)
Closest enemy to 14: (11.1, -10.4)
Closest enemy to 6: (-13.1, -17.9)
Closest enemy to 7: (-12.6, -16.3)
Closest enemy to 9: (-13.1, -17.9)
Closest enemy to 13: (-13.1, -17.9)
Closest enemy to 14: (11.1, -10.4)
Closest enemy to 6: (-14.5, -19.4)
Closest enemy to 7: (-14.5, -19.4)
Closest enemy to 9: (-14.5, -19.4)
Closest enemy to 13: (-14.5, -19.4)
Closest enemy to 14: (11.1, -10.4)
Closest enemy to 6: (-15.4, -21.3)
Closest enemy to 7: (-15.4, -21.3)
Closest enemy to 9: (-15.4, -21.3)
Closest enemy to 13: (-15.4, -21.3)
Closest enemy to 14: (11.1, -10.4)
Closest enemy to 6: (-15.8, -23.3)
Closest enemy to 7: (-15.8, -23.3)
Closest enemy to 9: (-15.8, -23.3)
Closest enemy to 13: (-15.8, -23.3)
Closest enemy to 14: (11.1, -10.4)
Closest enemy to 6: (-15.7, -25.4)
Closest enemy to 7: (-12.1, -3.4)
Closest enemy to 9: (-15.7, -25.4)
Closest enemy to 13: (-15.7, -25.4)
Closest enemy to 14: (11.1, -10.4)
Closest enemy to 6: (-15.1, -27.3)
Closest enemy to 7: (-12.1, -3.4)
Closest enemy to 9: (-12.6, -16.3)
Closest enemy to 13: (-15.1, -27.3)
Closest enemy to 14: (11.1, -10.4)
Closest enemy to 6: (-13.9, -29.0)
Closest enemy to 7: (-12.1, -3.4)
Closest enemy to 9: (-12.1, -3.4)
Closest enemy to 13: (-12.6, -16.3)
Closest enemy to 14: (11.1, -10.4)
Closest enemy to 6: (-12.4, -30.4)
Closest enemy to 7: (-12.1, -3.4)
Closest enemy to 9: (-12.1, -3.4)
Closest enemy to 13: (-12.6, -16.3)
Closest enemy to 14: (11.1, -10.4)
Closest enemy to 6: (-10.6, -31.4)
Closest enemy to 7: (-12.1, -3.4)
Closest enemy to 9: (-12.1, -3.4)
Closest enemy to 13: (-12.6, -16.3)
Closest enemy to 14: (11.1, -10.4)
Closest enemy to 7: (-12.1, -3.4)
Closest enemy to 9: (-12.1, -3.4)
Closest enemy to 13: (-12.6, -16.3)
Closest enemy to 14: (11.1, -10.4)
Closest enemy to 7: (-12.1, -3.4)
Closest enemy to 9: (-12.1, -3.4)
Closest enemy to 13: (-12.1, -3.4)
Closest enemy to 14: (11.1, -10.4)
Closest enemy to 7: (-12.1, -3.4)
Closest enemy to 9: (-12.1, -3.4)
Closest enemy to 13: (-12.1, -3.4)
Closest enemy to 14: (11.1, -10.4)
Closest enemy to 7: (-12.1, -3.4)
Closest enemy to 9: (-12.1, -3.4)
Closest enemy to 13: (-12.1, -3.4)
Closest enemy to 14: (11.1, -10.4)
Closest enemy to 7: (-12.1, -3.4)
Closest enemy to 9: (-12.1, -3.4)
Closest enemy to 13: (-41.5, -5.3)
Closest enemy to 14: (11.1, -10.4)
Closest enemy to 7: (-12.1, -3.4)
Closest enemy to 9: (-12.1, -3.4)
Closest enemy to 13: (-39.6, -6.9)
Closest enemy to 14: (11.1, -10.4)
Closest enemy to 7: (-12.1, -3.4)
Closest enemy to 9: (-37.2, -8.0)
Closest enemy to 13: (-37.2, -8.0)
Closest enemy to 14: (11.1, -10.4)
Closest enemy to 7: (-12.1, -3.4)
Closest enemy to 9: (-34.7, -8.5)
Closest enemy to 13: (-34.7, -8.5)
Closest enemy to 14: (11.1, -10.4)
Closest enemy to 7: (-12.1, -3.4)
Closest enemy to 9: (-32.1, -8.2)
Closest enemy to 13: (-32.1, -8.2)
Closest enemy to 14: (11.1, -10.4)
Closest enemy to 7: (-12.1, -3.4)
Closest enemy to 9: (-29.7, -7.3)
Closest enemy to 13: (-29.7, -7.3)
Closest enemy to 14: (11.1, -10.4)
Closest enemy to 7: (-12.1, -3.4)
Closest enemy to 9: (-27.6, -5.8)
Closest enemy to 13: (-27.6, -5.8)
Closest enemy to 14: (11.1, -10.4)
Closest enemy to 7: (-26.0, -3.8)
Closest enemy to 9: (-26.0, -3.8)
Closest enemy to 13: (-26.0, -3.8)
Closest enemy to 14: (11.1, -10.4)
Closest enemy to 7: (-24.9, -1.5)
Closest enemy to 9: (-24.9, -1.5)
Closest enemy to 13: (-24.9, -1.5)
Closest enemy to 14: (11.1, -10.4)
Closest enemy to 7: (-24.5, 1.0)
Closest enemy to 9: (-24.5, 1.0)
Closest enemy to 13: (-24.5, 1.0)
Closest enemy to 14: (11.1, -10.4)
Closest enemy to 7: (-24.7, 3.6)
Closest enemy to 9: (-24.7, 3.6)
Closest enemy to 13: (-24.7, 3.6)
Closest enemy to 14: (11.1, -10.4)
Closest enemy to 7: (-25.6, 6.0)
Closest enemy to 9: (-25.6, 6.0)
Closest enemy to 13: (-25.6, 6.0)
Closest enemy to 14: (11.1, -10.4)
Closest enemy to 7: (-26.4, 8.4)
Closest enemy to 9: (-26.4, 8.4)
Closest enemy to 13: (-26.4, 8.4)
Closest enemy to 14: (11.1, -10.4)
Closest enemy to 7: (-27.2, 10.7)
Closest enemy to 9: (-27.2, 10.7)
Closest enemy to 13: (-27.2, 10.7)
Closest enemy to 14: (11.1, -10.4)
Closest enemy to 7: (-28.1, 13.1)
Closest enemy to 9: (-28.1, 13.1)
Closest enemy to 13: (-28.1, 13.1)
Closest enemy to 14: (11.1, -10.4)
Closest enemy to 7: (-28.8, 15.5)
Closest enemy to 9: (-28.8, 15.5)
Closest enemy to 13: (-28.8, 15.5)
Closest enemy to 14: (11.1, -10.4)
Closest enemy to 7: (-29.5, 17.9)
Closest enemy to 9: (-29.5, 17.9)
Closest enemy to 13: (-29.5, 17.9)
Closest enemy to 14: (11.1, -10.4)
Closest enemy to 7: (-30.1, 20.3)
Closest enemy to 9: (-30.1, 20.3)
Closest enemy to 13: (-30.1, 20.3)
Closest enemy to 14: (11.1, -10.4)
Closest enemy to 7: (-30.6, 22.8)
Closest enemy to 9: (-30.6, 22.8)
Closest enemy to 13: (-30.6, 22.8)
Closest enemy to 14: (11.1, -10.4)
Closest enemy to 7: (-30.9, 25.3)
Closest enemy to 9: (-30.9, 25.3)
Closest enemy to 13: (-30.9, 25.3)
Closest enemy to 14: (11.1, -10.4)
Closest enemy to 7: (-31.2, 27.7)
Closest enemy to 9: (-31.2, 27.7)
Closest enemy to 13: (-31.2, 27.7)
Closest enemy to 14: (11.1, -10.4)
Closest enemy to 7: (-31.4, 30.2)
Closest enemy to 9: (-31.4, 30.2)
Closest enemy to 13: (-31.4, 30.2)
Closest enemy to 14: (11.1, -10.4)
Closest enemy to 7: (-31.7, 32.7)
Closest enemy to 9: (-31.7, 32.7)
Closest enemy to 13: (-31.7, 32.7)
Closest enemy to 14: (11.1, -10.4)
Closest enemy to 7: (-32.0, 35.2)
Closest enemy to 13: (-32.0, 35.2)
Closest enemy to 14: (11.1, -10.4)
Closest enemy to 7: (-31.3, 37.7)
Closest enemy to 13: (-31.3, 37.7)
Closest enemy to 14: (11.1, -10.4)
Closest enemy to 7: (-30.0, 39.9)
Closest enemy to 13: (-30.0, 39.9)
Closest enemy to 14: (11.1, -10.4)
Closest enemy to 7: (-28.2, 41.7)
Closest enemy to 13: (-28.2, 41.7)
Closest enemy to 14: (11.1, -10.4)
Closest enemy to 7: (-26.0, 43.0)
Closest enemy to 13: (-26.0, 43.0)
Closest enemy to 14: (43.6, -32.0)
Closest enemy to 7: (-23.5, 43.6)
Closest enemy to 13: (-23.5, 43.6)
Closest enemy to 14: (44.8, -30.4)
Closest enemy to 7: (-20.9, 43.8)
Closest enemy to 13: (-20.9, 43.8)
Closest enemy to 14: (45.9, -28.7)
Closest enemy to 7: (-18.6, 44.9)
Closest enemy to 13: (-18.6, 44.9)
Closest enemy to 14: (46.9, -27.0)
Closest enemy to 7: (-16.8, 46.7)
Closest enemy to 13: (-16.8, 46.7)
Closest enemy to 14: (47.8, -25.2)
Closest enemy to 7: (-14.8, 48.2)
Closest enemy to 13: (-14.8, 48.2)
Closest enemy to 14: (48.6, -23.4)
Closest enemy to 13: (-14.8, 48.2)
Closest enemy to 14: (49.3, -21.5)
Closest enemy to 13: (-14.8, 48.2)
Closest enemy to 14: (50.0, -19.6)
Closest enemy to 13: (-14.8, 48.2)
Closest enemy to 14: (50.5, -17.7)
You won!
Stats:
  - 160 remaining plane score
  - Spent 1000 points
  - Dealt 50 damage

---- ERRORS (stderr) ----

