---- OUTPUT (stdout) ----
Connecting to server on port 9002...
Connected to server on port 9002
HERE
HERE
HERE
HERE
HERE
HERE
HERE
HERE
HERE
HERE
HERE
HERE
HERE
HERE
HERE
HERE
HERE
HERE
HERE
HERE
HERE
HERE
HERE
HERE
HERE
HERE
HERE
HERE
HERE
HERE
HERE
HERE
HERE
HERE
HERE
HERE
HERE
HERE
HERE
HERE
HERE
HERE
HERE
HERE
HERE
HERE
HERE
HERE
HERE
HERE
HERE
HERE
HERE
HERE
HERE
HERE
HERE
HERE
HERE
HERE
HERE
HERE
HERE
HERE
HERE
HERE
HERE
HERE
HERE
HERE
HERE
HERE
HERE
HERE
HERE
HERE
HERE
HERE
HERE
HERE
HERE
HERE
HERE
HERE
HERE
HERE
HERE
HERE
HERE
HERE
HERE
HERE
HERE
HERE
HERE
HERE
HERE
HERE
HERE
HERE
HERE
HERE
HERE
HERE
HERE
HERE
HERE
HERE
HERE
HERE
HERE
HERE
HERE
HERE
HERE
HERE
HERE
HERE
HERE
HERE
HERE
HERE
HERE
HERE
HERE
HERE
HERE
HERE
HERE
HERE
HERE
HERE
HERE
HERE
HERE
HERE
HERE
HERE
HERE
HERE
HERE
HERE
HERE
HERE
HERE
HERE
HERE
HERE
HERE
HERE
HERE
HERE
HERE
HERE
HERE
HERE
HERE
HERE
HERE
HERE
HERE
HERE
HERE
HERE
HERE
HERE
HERE
HERE
HERE
You won!
Stats:
  - 630 remaining plane score
  - Spent 1000 points
  - Dealt 20 damage

---- ERRORS (stderr) ----

