---- OUTPUT (stdout) ----
Connecting to server on port 9001...
Connected to server on port 9001
You lost!
Stats:
  - 0 remaining plane score
  - Spent 1000 points
  - Dealt 37 damage

---- ERRORS (stderr) ----
Something went wrong running your bot: Cannot invoke "java.lang.Double.doubleValue()" because "steer" is null
java.lang.NullPointerException: Cannot invoke "java.lang.Double.doubleValue()" because "steer" is null
	at mech.mania.starterpack.strategy.Strategy.validateSteer(Strategy.java:113)
	at mech.mania.starterpack.strategy.Strategy.thunderbirdStrategy(Strategy.java:105)
	at mech.mania.starterpack.strategy.Strategy.getStrategy(Strategy.java:92)
	at mech.mania.starterpack.strategy.Strategy.getSteerForPlane(Strategy.java:71)
	at mech.mania.starterpack.strategy.Strategy.steerInput(Strategy.java:62)
	at mech.mania.starterpack.Starterpack.serve(Starterpack.java:137)
	at mech.mania.starterpack.Starterpack.main(Starterpack.java:215)
Something went wrong running your bot: Cannot invoke "java.lang.Double.doubleValue()" because "steer" is null
java.lang.NullPointerException: Cannot invoke "java.lang.Double.doubleValue()" because "steer" is null
	at mech.mania.starterpack.strategy.Strategy.validateSteer(Strategy.java:113)
	at mech.mania.starterpack.strategy.Strategy.thunderbirdStrategy(Strategy.java:105)
	at mech.mania.starterpack.strategy.Strategy.getStrategy(Strategy.java:92)
	at mech.mania.starterpack.strategy.Strategy.getSteerForPlane(Strategy.java:71)
	at mech.mania.starterpack.strategy.Strategy.steerInput(Strategy.java:62)
	at mech.mania.starterpack.Starterpack.serve(Starterpack.java:137)
	at mech.mania.starterpack.Starterpack.main(Starterpack.java:215)

