---- OUTPUT (stdout) ----
Connecting to server on port 9001...
Connected to server on port 9001
HERE
HERE
HERE
HERE
HERE
HERE
HERE
HERE
HERE
HERE
HERE
HERE
HERE
HERE
HERE
HERE
HERE
HERE
HERE
HERE
HERE
HERE
HERE
HERE
HERE
HERE
HERE
HERE
HERE
HERE
HERE
HERE
HERE
HERE
HERE
HERE
HERE
HERE
HERE
HERE
HERE
HERE
HERE
HERE
HERE
HERE
HERE
HERE
HERE
HERE
HERE
HERE
HERE
HERE
HERE
HERE
HERE
HERE
HERE
HERE
HERE
HERE
HERE
HERE
HERE
HERE
HERE
HERE
HERE
HERE
HERE
HERE
HERE
HERE
HERE
HERE
HERE
HERE
HERE
HERE
HERE
HERE
HERE
HERE
HERE
HERE
HERE
HERE
HERE
HERE
HERE
HERE
HERE
HERE
HERE
HERE
HERE
HERE
HERE
HERE
HERE
HERE
HERE
HERE
HERE
HERE
HERE
HERE
HERE
HERE
HERE
HERE
HERE
HERE
HERE
HERE
HERE
HERE
HERE
HERE
HERE
HERE
HERE
HERE
HERE
HERE
HERE
HERE
HERE
HERE
HERE
HERE
HERE
HERE
HERE
HERE
HERE
HERE
HERE
HERE
HERE
HERE
HERE
HERE
HERE
HERE
HERE
HERE
HERE
HERE
HERE
HERE
HERE
HERE
HERE
HERE
HERE
HERE
HERE
HERE
HERE
HERE
HERE
HERE
HERE
HERE
HERE
HERE
HERE
HERE
HERE
HERE
HERE
HERE
HERE
HERE
HERE
HERE
HERE
HERE
HERE
HERE
HERE
HERE
HERE
HERE
HERE
HERE
HERE
HERE
HERE
HERE
HERE
HERE
HERE
HERE
HERE
HERE
HERE
HERE
HERE
HERE
HERE
HERE
HERE
HERE
HERE
HERE
HERE
HERE
HERE
HERE
HERE
HERE
HERE
HERE
HERE
HERE
HERE
HERE
HERE
HERE
HERE
HERE
HERE
HERE
HERE
HERE
HERE
HERE
HERE
HERE
HERE
HERE
HERE
HERE
HERE
HERE
HERE
HERE
HERE
HERE
HERE
HERE
HERE
HERE
HERE
HERE
HERE
HERE
HERE
HERE
HERE
HERE
HERE
HERE
HERE
HERE
HERE
HERE
HERE
HERE
HERE
HERE
HERE
HERE
HERE
HERE
HERE
HERE
HERE
HERE
HERE
HERE
HERE
HERE
HERE
HERE
HERE
HERE
HERE
HERE
HERE
HERE
HERE
HERE
HERE
HERE
HERE
HERE
HERE
HERE
HERE
HERE
HERE
HERE
HERE
HERE
HERE
HERE
HERE
HERE
HERE
HERE
HERE
HERE
HERE
HERE
HERE
HERE
HERE
HERE
HERE
HERE
HERE
HERE
HERE
HERE
HERE
HERE
HERE
HERE
HERE
HERE
HERE
HERE
HERE
HERE
HERE
HERE
HERE
HERE
HERE
HERE
HERE
HERE
HERE
HERE
HERE
HERE
HERE
HERE
HERE
HERE
HERE
HERE
HERE
HERE
HERE
HERE
HERE
HERE
HERE
HERE
HERE
HERE
HERE
HERE
HERE
HERE
HERE
HERE
HERE
HERE
HERE
HERE
HERE
HERE
HERE
HERE
HERE
HERE
HERE
HERE
HERE
HERE
HERE
HERE
HERE
HERE
HERE
HERE
HERE
HERE
HERE
HERE
HERE
HERE
HERE
HERE
HERE
HERE
HERE
HERE
HERE
HERE
HERE
HERE
HERE
HERE
HERE
HERE
HERE
HERE
HERE
HERE
HERE
HERE
HERE
HERE
HERE
HERE
HERE
HERE
HERE
HERE
HERE
HERE
HERE
HERE
HERE
HERE
HERE
HERE
HERE
HERE
HERE
HERE
HERE
HERE
HERE
HERE
HERE
HERE
HERE
You won!
Stats:
  - 640 remaining plane score
  - Spent 1000 points
  - Dealt 51 damage

---- ERRORS (stderr) ----

